# Bundle file v0.3
39 735
0 0 0
0 0 0
0 0 0
0 0 0
0 0 0
0 0 0
0 0 0
0 0 0
0 0 0
0 0 0
0 0 0
0 0 0
0 0 0
0 0 0
0 0 0
0 0 0
0 0 0
0 0 0
0 0 0
0 0 0
2.8560000000e+03 0.0000000000e+00 0.0000000000e+00
1.0000000000e+00 0.0000000000e+00 0.0000000000e+00
0.0000000000e+00 1.0000000000e+00 0.0000000000e+00
0.0000000000e+00 0.0000000000e+00 1.0000000000e+00
-0.0000000000e+00 -0.0000000000e+00 -0.0000000000e+00
2.8560000000e+03 0.0000000000e+00 0.0000000000e+00
9.9955586891e-01 2.1233257904e-02 2.0909655460e-02
-2.5488656970e-02 9.7268983890e-01 2.3070501874e-01
-1.5439990238e-02 -2.3113551451e-01 9.7279904432e-01
1.0201395677e-01 9.8899602682e-01 -1.0714481579e-01
0 0 0
0 0 0
0 0 0
0 0 0
0 0 0
0 0 0
0 0 0
0 0 0
0 0 0
0 0 0
0 0 0
0 0 0
0 0 0
0 0 0
0 0 0
0 0 0
0 0 0
0 0 0
0 0 0
0 0 0
0 0 0
0 0 0
0 0 0
0 0 0
0 0 0
0 0 0
0 0 0
0 0 0
0 0 0
0 0 0
0 0 0
0 0 0
0 0 0
0 0 0
0 0 0
0 0 0
0 0 0
0 0 0
0 0 0
0 0 0
0 0 0
0 0 0
0 0 0
0 0 0
0 0 0
0 0 0
0 0 0
0 0 0
0 0 0
0 0 0
0 0 0
0 0 0
0 0 0
0 0 0
0 0 0
0 0 0
0 0 0
0 0 0
0 0 0
0 0 0
0 0 0
0 0 0
0 0 0
0 0 0
0 0 0
0 0 0
0 0 0
0 0 0
0 0 0
0 0 0
0 0 0
0 0 0
0 0 0
0 0 0
0 0 0
0 0 0
0 0 0
0 0 0
0 0 0
0 0 0
0 0 0
0 0 0
0 0 0
0 0 0
0 0 0
0 0 0
0 0 0
0 0 0
0 0 0
0 0 0
0 0 0
0 0 0
0 0 0
0 0 0
0 0 0
0 0 0
0 0 0
0 0 0
0 0 0
0 0 0
0 0 0
0 0 0
0 0 0
0 0 0
0 0 0
0 0 0
0 0 0
0 0 0
0 0 0
0 0 0
0 0 0
0 0 0
0 0 0
0 0 0
0 0 0
0 0 0
0 0 0
0 0 0
0 0 0
0 0 0
0 0 0
0 0 0
0 0 0
0 0 0
0 0 0
0 0 0
0 0 0
0 0 0
0 0 0
0 0 0
0 0 0
0 0 0
0 0 0
0 0 0
0 0 0
0 0 0
0 0 0
0 0 0
0 0 0
0 0 0
0 0 0
0 0 0
0 0 0
0 0 0
0 0 0
0 0 0
0 0 0
0 0 0
0 0 0
0 0 0
0 0 0
0 0 0
0 0 0
0 0 0
0 0 0
0 0 0
0 0 0
0 0 0
0 0 0
0 0 0
0 0 0
0 0 0
0 0 0
0 0 0
0 0 0
-1.3559314508e+00 3.5357741772e-01 -2.9997834132e+00
227 179 131
2 4 170 -1290.9399 336.6300 5 320 -1210.9600 625.0500
1.2819230589e+00 8.0078556507e-02 -2.6924191924e+00
223 185 146
2 4 80 1359.6201 84.9700 5 101 1372.8799 426.7000
-1.4225155147e+00 3.4843546881e-01 -2.9802936033e+00
193 149 110
2 4 270 -1364.0701 333.9199 5 562 -1280.1700 630.3401
-1.3923280711e+00 2.6873474058e-01 -2.9711503121e+00
250 200 147
2 4 160 -1338.3900 258.3201 5 309 -1265.4100 564.4299
1.2402791891e+00 9.0503824857e-02 -2.7575959438e+00
239 201 164
2 4 210 1284.4900 93.7400 5 249 1297.9600 413.0100
-1.4174581920e+00 3.0593654104e-01 -2.9775194231e+00
215 168 126
2 4 468 -1360.1200 293.4600 5 892 -1281.8300 594.7700
-1.4174581920e+00 3.0593654104e-01 -2.9775194231e+00
215 168 126
2 4 469 -1360.1200 293.4600 5 893 -1281.8300 594.7700
-1.4410151357e+00 2.5608341905e-01 -2.9602899563e+00
226 175 129
2 4 256 -1390.7400 247.0701 5 550 -1316.9000 558.9299
1.2805570624e+00 1.0326047040e-01 -2.7014639459e+00
255 227 192
2 4 215 1354.4399 109.0800 5 491 1363.9600 445.6400
-1.3665473621e+00 2.7541276894e-01 -2.9722406964e+00
248 197 142
2 4 714 -1313.5100 264.6500 5 1325 -1239.4600 569.0601
1.1316236742e+00 1.3688706897e-01 -2.8107151725e+00
255 231 198
2 4 627 1149.4900 139.1400 5 1194 1163.5901 439.5200
-1.1936561757e+00 1.9809811699e-01 -2.8943996875e+00
190 142 96
2 4 1069 -1177.8201 195.4700 5 1298 -1110.8000 526.9800
1.2719032027e+00 7.0453680138e-02 -2.7025303705e+00
247 211 177
2 4 340 1344.3799 74.4200 5 470 1357.9900 413.7900
-1.2965673411e+00 1.0211112679e-01 -2.8885295937e+00
180 141 98
2 4 357 -1281.9100 100.9600 5 494 -1224.5300 444.9000
-1.3794269555e+00 3.4646477676e-03 -2.8890670563e+00
245 207 170
2 4 530 -1363.3700 3.4200 5 425 -1318.4200 355.9199
-1.2960740021e+00 3.1321805473e-01 -2.9794867396e+00
171 123 74
2 4 1868 -1242.9299 300.2500 5 2859 -1166.0500 597.0000
-1.4287288260e+00 3.2189231337e-01 -2.9765789413e+00
192 148 113
2 4 1195 -1371.2600 308.8600 5 1344 -1291.0400 609.2600
-1.4052811100e+00 2.7333075570e-01 -2.9719853814e+00
200 148 101
2 4 1807 -1350.7700 262.6699 5 2831 -1276.4900 568.4000
1.2187130563e+00 1.2069860978e-01 -2.7746365764e+00
252 215 186
2 4 986 1254.5100 124.2300 5 1177 1265.9900 435.6699
1.2222711459e+00 1.0664727002e-01 -2.7701315407e+00
255 219 193
2 4 609 1260.3301 109.9301 5 1159 1272.6101 424.0701
-1.3642092758e+00 1.7135638794e-01 -2.8791930241e+00
194 147 95
2 4 1643 -1353.4299 169.9800 5 2732 -1286.1600 513.4800
-1.5438995292e+00 1.4961848078e-01 -2.8729369182e+00
229 190 157
2 4 634 -1535.1300 148.7400 5 840 -1468.6100 501.0801
-1.3986783553e+00 3.9203653464e-02 -2.8809621552e+00
164 122 82
2 4 547 -1386.3300 38.8600 5 729 -1336.4000 392.5000
-1.4081060334e+00 3.3406649739e-02 -2.8803914085e+00
212 173 134
2 4 323 -1395.9600 33.1200 5 449 -1346.7400 387.5801
-1.4528772296e+00 3.2883352305e-03 -2.8804199604e+00
118 75 40
2 4 531 -1440.5300 3.2600 5 698 -1395.0000 360.7200
-1.3907806851e+00 -2.8161329788e-02 -2.8924538620e+00
158 119 88
2 4 519 -1373.0500 -27.8101 5 664 -1332.2000 325.5701
-1.3564024107e+00 -7.1506967759e-02 -2.9281472556e+00
161 120 81
2 4 792 -1322.7400 -69.7500 5 956 -1288.7200 272.5801
-1.4155962544e+00 -4.6000867790e-02 -2.8903361196e+00
228 193 163
2 4 509 -1398.4500 -45.4600 5 646 -1360.2300 310.2700
1.1947395405e+00 2.3633912791e-01 -2.8629058538e+00
221 183 150
2 4 1767 1191.8501 235.7700 5 2712 1195.6499 508.4900
-1.3036238785e+00 2.9557153131e-01 -2.9737023137e+00
236 188 134
2 4 2865 -1252.3500 283.8800 5 3727 -1177.3700 584.3101
-1.3797284055e+00 2.8336969631e-01 -2.9766377665e+00
232 182 133
2 4 1829 -1324.0500 271.8900 5 1990 -1249.5000 574.6000
1.1359087408e+00 1.4421282659e-01 -2.8114253341e+00
201 167 132
2 4 1579 1153.9900 146.4900 5 1760 1166.5200 445.9399
1.2695807814e+00 1.1896833431e-01 -2.7213024582e+00
255 216 173
2 4 985 1332.3999 124.8600 5 1218 1342.2800 453.1799
1.2619600731e+00 8.3922670265e-02 -2.7138492367e+00
255 231 204
2 4 928 1328.3401 88.2800 5 1157 1341.0100 422.7300
1.2612429816e+00 7.8262386260e-02 -2.7169292418e+00
171 127 94
2 4 1459 1325.7900 82.2700 5 1656 1339.5801 416.1100
-1.5136672301e+00 1.7105192529e-01 -2.8756324173e+00
100 55 15
2 4 1644 -1503.8199 169.8900 5 1899 -1434.4700 518.7000
-1.3431377403e+00 1.5245051137e-01 -2.8745109410e+00
229 184 138
2 4 2498 -1335.0601 151.4800 5 2681 -1269.2700 497.4700
-1.3100000430e+00 1.4049682298e-01 -2.8802363442e+00
217 175 132
2 4 1005 -1299.2300 139.3199 5 1256 -1236.1300 483.4700
-1.4287547291e+00 6.7690702066e-02 -2.8717501245e+00
254 216 175
2 4 907 -1420.9500 67.3199 5 763 -1366.3300 423.0400
-1.3103205547e+00 -3.3191660866e-02 -2.9492562024e+00
91 55 21
2 4 1274 -1268.5400 -32.1500 5 1430 -1230.6899 300.0601
-1.4366689136e+00 1.1889175845e-02 -2.8810802643e+00
177 137 103
2 4 533 -1424.4399 11.7900 5 706 -1377.1300 368.0200
-1.3442704859e+00 -6.8052837030e-02 -2.9278016539e+00
178 139 103
2 4 1250 -1311.0100 -66.3900 5 1404 -1276.5400 275.5901
-1.3694947245e+00 3.3557151487e-01 -2.9913419620e+00
124 80 36
2 4 1896 -1308.0800 320.4000 5 2874 -1228.1500 613.3800
-1.3874724221e+00 3.3077380800e-01 -2.9880525097e+00
213 171 137
2 4 2928 -1326.8700 316.1699 5 2870 -1246.5701 611.0601
-1.4142178711e+00 3.2935434059e-01 -2.9818842398e+00
139 95 58
2 4 1887 -1355.0400 315.4600 5 2873 -1274.3500 613.1100
-1.3649163176e+00 3.0350738725e-01 -2.9817868633e+00
181 131 82
2 4 2877 -1307.6300 290.7100 5 3736 -1231.2700 589.5701
1.2275160028e+00 1.1948282926e-01 -2.7739045301e+00
201 158 124
2 4 2407 1264.0601 122.9900 5 2515 1275.0100 434.5701
1.2174319262e+00 1.1539145874e-01 -2.7765099240e+00
244 207 180
2 4 2395 1252.2500 118.7000 5 2498 1264.3999 430.0100
1.2479436610e+00 1.2165386394e-01 -2.7597705720e+00
205 163 123
2 4 2415 1291.5000 125.8900 5 3431 1301.8799 441.4199
1.2734657008e+00 9.2772233124e-02 -2.7071197536e+00
223 189 154
2 4 1486 1343.4600 97.8800 5 2511 1355.5701 433.5000
-1.2024021136e+00 1.5621043646e-01 -2.8893044035e+00
231 192 152
2 4 1028 -1188.5500 154.4100 5 1267 -1125.6500 491.3500
1.2557720126e+00 6.4748591736e-02 -2.7225919249e+00
240 206 169
2 4 1421 1317.1699 67.9399 5 1622 1332.5901 401.1100
-1.3159633492e+00 1.4440312816e-01 -2.8786359064e+00
173 129 82
2 4 2457 -1305.7300 143.2700 5 2664 -1242.3000 487.8401
-1.5135286703e+00 6.4392665054e-02 -2.8763464910e+00
248 208 173
2 4 901 -1503.0500 63.9399 5 1153 -1448.7100 420.5801
-1.3135149840e+00 -2.5983503362e-02 -2.9486017047e+00
223 189 154
2 4 2048 -1272.1500 -25.1700 5 2158 -1232.9800 306.9399
-1.3704590154e+00 -3.5797269363e-03 -2.8990053204e+00
148 109 76
2 4 835 -1349.9500 -3.5300 5 1487 -1306.1600 345.6899
-1.4646322549e+00 -3.4765124677e-03 -2.8810750203e+00
178 138 102
2 4 1307 -1451.6300 -3.4500 5 1507 -1407.5400 354.5300
-1.4518166829e+00 -2.1787592337e-02 -2.8828066269e+00
144 105 74
2 4 1286 -1438.6500 -21.5800 5 1025 -1395.8400 336.3700
-1.4051565727e+00 2.6250850463e-01 -2.9691568749e+00
159 106 62
2 4 2792 -1351.9200 252.5100 5 2821 -1278.7600 560.0901
-1.3953588998e+00 2.5554246476e-01 -2.9723870193e+00
167 115 66
2 4 2769 -1340.9100 245.5400 5 2814 -1269.1700 552.4900
1.2128376542e+00 1.1703795097e-01 -2.7760718173e+00
194 155 124
2 4 2401 1247.7400 120.4100 5 2504 1259.8799 431.8500
-1.2136644216e+00 1.8156859288e-01 -2.8897679584e+00
223 177 128
2 4 2593 -1199.2100 179.4399 5 3606 -1134.0000 514.4900
-1.1293478951e+00 1.6602862360e-01 -2.8856672397e+00
208 173 131
2 4 2549 -1118.0200 164.3300 5 2689 -1054.1000 499.6300
-1.2349330020e+00 1.5202550137e-01 -2.8892915593e+00
201 156 113
2 4 1591 -1220.5500 150.2700 5 1849 -1158.1200 488.4700
-1.3527579520e+00 1.6330806234e-01 -2.8765973010e+00
171 125 76
2 4 2540 -1343.6600 162.1500 5 3590 -1276.5601 506.8101
-1.5113360990e+00 1.7546498640e-01 -2.8765083092e+00
232 184 144
2 4 3803 -1501.0500 174.2200 5 3633 -1431.1799 522.3000
-1.3493540787e+00 1.5979885446e-01 -2.8775550026e+00
234 187 141
2 4 2529 -1339.1500 158.6000 5 3583 -1273.9399 503.2500
-1.3479426502e+00 1.5458743430e-01 -2.8737502893e+00
155 111 66
2 4 2501 -1340.0000 153.6400 5 3574 -1274.2400 499.8800
-1.5276716501e+00 1.6254566473e-01 -2.8726337595e+00
189 147 112
2 4 2539 -1519.3101 161.6100 5 2727 -1450.8101 512.5300
-1.4011117856e+00 1.0522740041e-01 -2.8678193868e+00
173 129 90
2 4 2355 -1395.1200 104.7900 5 2593 -1336.0100 458.4700
-1.4397566950e+00 6.4590002660e-02 -2.8720903361e+00
228 189 150
2 4 2231 -1431.8101 64.2300 5 2464 -1377.4299 420.3301
-1.1233025758e+00 1.7029625590e-01 -2.8850131724e+00
244 207 165
2 4 3766 -1112.2200 168.5900 5 3581 -1048.0300 503.6000
-1.3839028119e+00 7.2795337670e-03 -2.8880828127e+00
204 164 128
2 4 3148 -1368.6000 7.2000 5 3151 -1322.4600 359.8800
1.2600253269e+00 4.0743703219e-02 -2.7160390968e+00
237 204 173
2 4 51 1324.9800 42.8400 5 64 1342.1001 380.2700
7.6822699185e-01 2.3160399590e-02 -2.9554416976e+00
7 9 8
2 4 2 741.3201 22.5000 5 4 771.0100 295.2000
-1.5732474961e+00 1.4612693751e-02 -2.8666470236e+00
189 149 113
2 4 12 -1567.5800 14.5601 5 10 -1519.9301 379.4199
-1.4399780024e+00 2.5355457678e-02 -2.8753643014e+00
192 153 115
2 4 17 -1430.6200 25.1899 5 25 -1381.1300 382.6699
-1.3637003809e+00 1.0086377218e-01 -2.8745005114e+00
178 139 96
2 4 19 -1355.2100 100.2200 5 29 -1296.1899 450.8101
-1.4196493557e+00 7.5781492017e-02 -2.8677858499e+00
242 200 160
2 4 26 -1413.8101 75.4700 5 34 -1358.0000 431.7600
8.4651958159e-01 7.1508936759e-02 -2.9057586948e+00
251 230 205
2 4 35 832.3201 70.2500 5 46 856.3799 353.3301
-1.4399381079e+00 4.3567728454e-02 -2.8725037461e+00
167 127 91
2 4 53 -1431.8300 43.3199 5 96 -1380.1400 400.6699
1.2753501829e+00 4.3024247611e-02 -2.6968992818e+00
202 164 126
2 4 54 1351.1799 45.4800 5 65 1366.5100 389.2200
1.2647392881e+00 9.0513421655e-02 -2.7122414498e+00
255 223 193
2 4 57 1331.7100 95.3199 5 70 1344.3899 429.5901
-1.6246976457e+00 1.2966204164e-01 -2.8978140511e+00
16 18 13
2 4 59 -1601.1200 127.7900 5 76 -1539.5000 475.5200
-1.3032281976e+00 -5.9111930119e-02 -2.9561319899e+00
6 8 5
2 4 73 -1259.0701 -57.1100 5 87 -1223.8300 273.8000
1.2821952891e+00 -4.9805057999e-04 -2.6913878269e+00
214 188 164
2 4 75 1360.7000 -0.5400 5 91 1380.9399 348.4600
-1.5230806276e+00 7.7997071733e-03 -2.8965883712e+00
168 125 91
2 4 76 -1501.7000 7.6899 5 92 -1456.7400 361.1799
-1.4627359399e+00 6.2302352345e-02 -2.8714060554e+00
239 203 167
2 4 78 -1455.0200 61.9700 5 99 -1400.8700 419.0901
-1.6181668215e+00 6.9216059749e-02 -2.9025060708e+00
206 159 113
2 4 79 -1592.6000 68.1100 5 100 -1538.8800 418.2600
1.0121503445e+00 9.1922936479e-02 -2.8568543331e+00
254 236 226
2 4 81 1011.7300 91.9100 5 95 1031.7900 384.4700
-1.1046501251e+00 2.1748610632e-01 -2.8969222746e+00
228 187 136
2 4 92 -1088.5901 214.4000 5 171 -1021.9100 541.0200
-1.3510085026e+00 3.2302176918e-01 -2.9874720618e+00
237 189 140
2 4 94 -1291.7300 308.8101 5 173 -1214.0500 603.7400
-1.3643063787e+00 -6.7824095779e-02 -2.9171798106e+00
118 85 54
2 4 102 -1335.2700 -66.4100 5 122 -1300.7600 279.7400
-1.3020914152e+00 -2.4554892888e-02 -2.9478117417e+00
213 178 138
2 4 105 -1261.5400 -23.7900 5 127 -1221.8700 308.1899
-1.4031001223e+00 -2.0638020475e-02 -2.8876926831e+00
226 190 158
2 4 107 -1387.2100 -20.4200 5 133 -1345.8201 334.5901
-1.2652137174e+00 -5.7924597948e-04 -2.9622524905e+00
6 7 3
2 4 108 -1219.3700 -0.5699 5 129 -1178.3800 324.4900
-1.4083471846e+00 1.4747006273e-02 -2.8817672522e+00
168 129 98
2 4 109 -1396.0400 14.6200 5 138 -1348.2800 369.6699
1.4237873817e+00 4.6810001463e-02 -2.6416310637e+00
195 151 119
2 4 113 1539.5901 50.5699 5 247 1550.0601 409.8000
9.4012813533e-01 9.3744789910e-02 -2.8763864264e+00
208 190 178
2 4 118 932.1399 93.2400 5 94 956.3501 381.1200
-1.5677805357e+00 9.8728687779e-02 -2.8832213737e+00
227 185 143
2 4 119 -1553.3300 97.8000 5 153 -1494.3600 451.1400
1.0150931985e+00 1.0842527255e-01 -2.8470814796e+00
210 196 193
2 4 124 1017.9900 108.8000 5 144 1037.3799 403.0500
-1.4332978811e+00 1.1699990967e-01 -2.8652516065e+00
211 168 125
2 4 125 -1429.1799 116.6300 5 159 -1366.8000 471.0701
-1.3294335855e+00 1.2385460039e-01 -2.8779536007e+00
197 158 117
2 4 127 -1318.8101 122.9000 5 157 -1258.9000 469.7800
-1.3026277970e+00 1.2875726815e-01 -2.8823543877e+00
158 116 76
2 4 128 -1291.1799 127.5900 5 158 -1229.2300 471.7000
-1.3688897858e+00 1.3208836759e-01 -2.8679856793e+00
207 164 121
2 4 131 -1363.3700 131.5400 5 160 -1300.2300 482.1500
-1.1156335378e+00 1.5155762992e-01 -2.8889842143e+00
234 205 173
2 4 139 -1102.3201 149.8101 5 161 -1041.9600 484.9600
7.1206692497e-01 1.5215140399e-01 -2.8561459749e+00
194 189 189
2 4 141 711.5200 152.2000 5 105 738.2300 447.9900
-9.0077579227e-01 1.5960344518e-01 -2.8804757038e+00
191 171 146
2 4 142 -892.6800 158.2300 5 165 -833.4100 489.6500
-1.5721779056e+00 1.7287062278e-01 -2.8819603545e+00
223 183 147
2 4 145 -1558.6899 171.3199 5 289 -1488.6700 519.4199
-5.3044525846e-01 1.9015763345e-01 -2.8493867575e+00
214 202 178
2 4 146 -530.9700 190.5601 5 168 -474.7000 519.5100
-1.4706478916e+00 2.5943680841e-01 -2.9617230077e+00
167 114 72
2 4 157 -1418.4100 250.1799 5 310 -1344.3101 562.1300
-1.2633840296e+00 2.6553038338e-01 -2.9550676941e+00
167 120 68
2 4 159 -1220.6799 256.6200 5 311 -1149.8201 564.6300
-1.3188395464e+00 2.8038543413e-01 -2.9683199790e+00
253 204 148
2 4 163 -1270.0200 269.8000 5 313 -1194.5701 573.5701
-1.3961123419e+00 -8.6896782281e-02 -2.9131890472e+00
140 106 81
2 4 175 -1368.2100 -85.2000 5 202 -1336.4000 264.0300
-1.3961123419e+00 -8.6896782281e-02 -2.9131890472e+00
140 106 81
2 4 176 -1368.2100 -85.2000 5 203 -1336.4000 264.0300
-1.3791039125e+00 -7.2362401328e-02 -2.9085781548e+00
205 174 145
2 4 178 -1353.8700 -71.0601 5 208 -1319.4600 278.6300
-1.4014065482e+00 -6.3924220576e-02 -2.8983291738e+00
168 133 104
2 4 181 -1380.4100 -63.0000 5 126 -1345.1400 290.4800
-1.3630200279e+00 -5.2350199042e-02 -2.9114447300e+00
196 162 127
2 4 183 -1337.2300 -51.3500 5 210 -1299.3600 295.9000
1.2948460035e+00 -4.3580950418e-02 -2.7080986525e+00
204 186 182
2 4 184 1365.2000 -45.9100 5 213 1389.9500 299.7800
1.2948460035e+00 -4.3580950418e-02 -2.7080986525e+00
204 186 182
2 4 185 1365.2000 -45.9100 5 214 1389.9500 299.7800
-1.3911809355e+00 -4.4032474006e-02 -2.8935945438e+00
230 194 160
2 4 186 -1373.1300 -43.4600 5 216 -1333.9100 310.3201
-1.5820643181e+00 -1.2032805067e-02 -2.9217805681e+00
138 99 66
2 4 189 -1546.6300 -11.7600 5 222 -1505.5900 335.7300
-1.5820643181e+00 -1.2032805067e-02 -2.9217805681e+00
138 99 66
2 4 190 -1546.6300 -11.7600 5 223 -1505.5900 335.7300
-1.3820747116e+00 -9.2296687630e-03 -2.8930122291e+00
162 123 89
2 4 192 -1364.4800 -9.1100 5 228 -1320.6300 342.7600
1.2955730796e+00 -7.8542238234e-04 -2.6766462593e+00
194 163 142
2 4 194 1382.4700 -0.8500 5 229 1402.4199 353.1799
9.2051613299e-01 5.5463326163e-02 -2.8842511494e+00
205 157 109
2 4 203 911.2500 54.9500 5 419 935.7400 343.9399
1.4095270884e+00 5.4039989811e-02 -2.6415087019e+00
250 223 215
2 4 204 1524.2400 58.3900 5 250 1534.4500 417.4199
-1.4285077852e+00 6.2270573851e-02 -2.8745745327e+00
236 197 156
2 4 205 -1419.3900 61.8700 5 253 -1365.4700 416.9600
1.2044257384e+00 7.6878889798e-02 -2.7781478566e+00
255 233 221
2 4 208 1237.6799 79.1000 5 242 1254.3101 393.4800
1.2595678003e+00 8.8811173515e-02 -2.7194613709e+00
250 216 186
2 4 209 1323.1001 93.2300 5 477 1335.3899 425.3401
-1.5068295125e+00 9.7113348847e-02 -2.8727587531e+00
254 219 179
2 4 212 -1498.3000 96.5500 5 268 -1439.2400 451.9500
9.5080756569e-01 1.0334678800e-01 -2.8665979768e+00
235 218 210
2 4 213 946.6699 103.0400 5 140 968.7400 393.1200
1.2805570624e+00 1.0326047040e-01 -2.7014639459e+00
255 227 192
2 4 214 1354.4399 109.0800 5 490 1363.9600 445.6400
-1.5558114259e+00 1.1654323939e-01 -2.8829381863e+00
117 81 51
2 4 216 -1541.8199 115.4600 5 272 -1480.0000 467.2300
1.2073872911e+00 1.1810560822e-01 -2.7770795535e+00
238 199 168
2 4 219 1241.6399 121.4700 5 262 1253.9700 432.6200
9.9785057129e-01 1.2145187869e-01 -2.8421671073e+00
237 218 203
2 4 220 1002.6499 122.0500 5 251 1021.3601 417.3000
9.9785057129e-01 1.2145187869e-01 -2.8421671073e+00
237 218 203
2 4 221 1002.6499 122.0500 5 252 1021.3601 417.3000
8.2015816502e-01 1.3047204574e-01 -2.8598534598e+00
224 216 214
2 4 222 819.0200 130.3000 5 255 842.3899 423.9299
-1.4303683441e+00 -8.6563119027e-02 -2.9106208601e+00
115 84 63
2 4 277 -1403.4500 -84.9399 5 204 -1371.0500 266.0000
-1.3543140960e+00 -5.5495055881e-02 -2.9237349672e+00
115 80 48
2 4 283 -1322.9100 -54.2100 5 386 -1286.2900 288.7900
-1.4266880169e+00 -2.9496879298e-02 -2.8830785536e+00
255 223 189
2 4 290 -1413.2800 -29.2200 5 221 -1372.0100 328.4299
-1.5357489144e+00 -2.8128318552e-02 -2.9082003567e+00
124 81 47
2 4 291 -1508.4700 -27.6200 5 409 -1468.4500 324.1200
-1.3224353768e+00 -1.8629698367e-02 -2.9362593766e+00
145 111 76
2 4 293 -1286.3101 -18.1200 5 404 -1245.4900 317.9500
-1.5621782639e+00 -6.6320462575e-03 -2.9101834014e+00
223 183 148
2 4 295 -1532.9600 -6.5100 5 420 -1491.0900 344.1799
1.3065843542e+00 -1.6447737637e-03 -2.6738348161e+00
238 222 223
2 4 296 1395.3401 -1.7200 5 424 1415.7600 353.0300
-1.2790423421e+00 2.2736262367e-04 -2.9545075674e+00
193 161 123
2 4 298 -1235.9900 0.2100 5 413 -1194.4900 328.1300
9.3281198721e-01 9.3272026459e-03 -2.8913341787e+00
187 172 169
2 4 301 921.1899 9.2400 5 215 947.7100 298.8201
-1.2817962671e+00 1.1134417441e-02 -2.9436891039e+00
130 99 68
2 4 304 -1243.5000 10.8000 5 226 -1199.6700 341.7200
-1.2654296879e+00 1.3370885671e-02 -2.9515147024e+00
182 156 123
2 4 306 -1224.5500 12.9399 5 418 -1180.4299 340.6799
-1.3710889117e+00 1.4490165721e-02 -2.8904474484e+00
150 111 72
2 4 307 -1354.8800 14.3199 5 430 -1307.7900 365.4000
-1.4598729069e+00 2.1112636773e-02 -2.8767075064e+00
153 108 75
2 4 311 -1448.6300 20.9500 5 441 -1401.9700 378.9500
-1.5025119514e+00 2.0879143133e-02 -2.8833739487e+00
211 169 132
2 4 312 -1488.1799 20.6801 5 438 -1440.7200 377.4199
1.2721300673e+00 2.5931098682e-02 -2.6990394577e+00
179 137 86
2 4 316 1345.9600 27.4600 5 431 1364.4700 371.8101
-1.4081060334e+00 3.3406649739e-02 -2.8803914085e+00
212 173 134
2 4 324 -1395.9600 33.1200 5 450 -1346.7400 387.5801
-1.5577491016e+00 3.9046576269e-02 -2.8938275500e+00
70 29 0
2 4 326 -1537.7500 38.5400 5 456 -1487.6700 391.9700
-1.3567935796e+00 4.7036766628e-02 -2.8856347738e+00
235 192 149
2 4 327 -1342.6700 46.5500 5 457 -1291.9000 396.9299
1.3853229384e+00 4.6428909821e-02 -2.6387770844e+00
211 178 159
2 4 329 1499.7800 50.1899 5 469 1511.3601 411.6699
-1.5536501122e+00 5.0181715913e-02 -2.8884252929e+00
239 200 163
2 4 330 -1536.3600 49.6200 5 461 -1484.8500 404.1300
-1.6001075429e+00 5.3370949836e-02 -2.9010547687e+00
166 122 83
2 4 335 -1575.0300 52.5400 5 742 -1524.6200 403.8301
-1.5664590632e+00 5.9713508310e-02 -2.8882610358e+00
194 152 114
2 4 339 -1549.3101 59.0500 5 472 -1496.0900 413.3101
1.3218586834e+00 7.4834651099e-02 -2.6557695068e+00
238 213 193
2 4 345 1422.2000 80.3800 5 777 1432.6899 434.8600
1.1441568630e+00 8.0034142789e-02 -2.7981988247e+00
236 214 196
2 4 346 1168.0000 81.6600 5 455 1184.7400 390.8500
9.6847308442e-01 8.5128230286e-02 -2.8723876194e+00
200 178 165
2 4 349 962.6399 84.6801 5 231 984.5400 373.9399
1.2298575737e+00 8.9996825634e-02 -2.7613955013e+00
233 194 163
2 4 353 1272.1399 93.0601 5 752 1285.6001 411.4099
1.2076315774e+00 9.0721299005e-02 -2.7773896553e+00
214 177 154
2 4 354 1241.7300 93.3000 5 463 1256.3000 406.7500
1.1573254062e+00 9.1847680971e-02 -2.7851206214e+00
252 222 197
2 4 355 1186.5901 94.2100 5 462 1202.8999 406.3401
1.0500422664e+00 9.6671901715e-02 -2.8449750042e+00
189 181 179
2 4 356 1053.0500 97.1801 5 241 1073.7300 391.9800
1.2270988426e+00 1.0078893432e-01 -2.7676469150e+00
253 217 192
2 4 358 1266.3201 104.0000 5 756 1279.1699 419.3401
1.2049602785e+00 1.0359714784e-01 -2.7773073803e+00
255 231 207
2 4 362 1239.1201 106.5300 5 474 1252.5400 418.9800
8.7884471947e-01 1.0927261485e-01 -2.8706611767e+00
230 216 205
2 4 363 874.3101 108.7200 5 458 896.8899 399.0701
7.9550425676e-01 1.1916692212e-01 -2.8708953896e+00
229 224 222
2 4 367 791.5400 118.5300 5 466 815.5701 410.2800
1.2816005179e+00 1.1598502722e-01 -2.7041845353e+00
209 166 130
2 4 370 1353.6699 122.4800 5 807 1363.0300 456.7400
-1.3823809865e+00 1.2667610968e-01 -2.8656189361e+00
240 197 154
2 4 372 -1377.6899 126.2500 5 516 -1315.5000 478.5100
8.5678260134e-01 1.2760695092e-01 -2.8577104435e+00
177 160 150
2 4 374 856.3601 127.5200 5 254 878.5601 421.1100
-1.1953421571e+00 1.4924441339e-01 -2.8889653145e+00
216 182 144
2 4 382 -1181.6500 147.5400 5 830 -1119.6799 484.9700
-1.2856579320e+00 1.6033373241e-01 -2.8867255523e+00
194 150 105
2 4 388 -1272.1000 158.6300 5 523 -1207.5300 498.3600
-1.1344576130e+00 1.6350456171e-01 -2.8870553732e+00
217 182 144
2 4 392 -1122.4000 161.7500 5 522 -1059.0400 496.9600
9.1480513875e-01 1.6700289754e-01 -2.8326858692e+00
224 189 151
2 4 397 922.4800 168.3600 5 813 940.9700 464.9299
-8.4516787457e-01 1.7520904437e-01 -2.8693504821e+00
195 174 145
2 4 403 -840.6600 174.3700 5 528 -780.5500 506.6699
-4.8921690306e-02 2.1429211314e-01 -2.8263995255e+00
223 216 210
2 4 427 -49.2200 216.5200 5 537 -1.6300 537.3401
-3.1353282012e-02 2.2136045295e-01 -2.8220935565e+00
201 194 186
2 4 429 -31.7300 224.0200 5 541 16.1000 545.0400
-3.7728991162e-02 2.3498555332e-01 -2.8193068839e+00
242 227 204
2 4 436 -38.1700 238.0400 5 548 10.1200 558.8101
-1.4383593902e+00 2.9212643301e-01 -2.9732588045e+00
140 90 55
2 4 457 -1381.3101 280.6000 5 556 -1305.6899 585.2200
-1.3565701688e+00 2.9778704505e-01 -2.9804813663e+00
230 178 128
2 4 461 -1299.9200 285.3500 5 887 -1224.8400 584.9700
-1.4342827075e+00 -9.7708078889e-02 -2.9194115032e+00
206 180 155
2 4 490 -1402.8800 -95.5900 5 371 -1372.6899 252.9199
-1.4342827075e+00 -9.7708078889e-02 -2.9194115032e+00
206 180 155
2 4 491 -1402.8800 -95.5900 5 372 -1372.6899 252.9199
-1.6078843402e+00 -5.4076034979e-02 -2.9602766064e+00
91 55 28
2 4 502 -1551.3600 -52.1700 5 383 -1518.3400 285.0701
-1.6078843402e+00 -5.4076034979e-02 -2.9602766064e+00
91 55 28
2 4 503 -1551.3600 -52.1700 5 384 -1518.3400 285.0701
1.3039833965e+00 -4.9166237153e-02 -2.7076458338e+00
143 117 103
2 4 504 1374.7200 -51.7600 5 389 1400.4800 294.1599
-1.4263719808e+00 -4.6286179397e-02 -2.8887828048e+00
151 116 89
2 4 510 -1410.2400 -45.7600 5 648 -1371.3101 310.7500
1.3136757169e+00 -4.1343746226e-02 -2.6918933015e+00
147 119 107
2 4 511 1393.3799 -43.8101 5 642 1417.6101 307.0901
-1.3429664299e+00 -3.9850736647e-02 -2.9272633243e+00
205 177 150
2 4 512 -1310.3000 -38.8800 5 982 -1271.7300 301.8500
1.3236172458e+00 -3.5148793038e-02 -2.6837927231e+00
156 128 109
2 4 513 1408.7300 -37.4301 5 402 1431.0100 315.8201
-1.3190837936e+00 -3.4419007972e-02 -2.9463545458e+00
105 69 35
2 4 514 -1278.3400 -33.3700 5 637 -1240.4500 300.0901
-1.3190837936e+00 -3.4419007972e-02 -2.9463545458e+00
105 69 35
2 4 515 -1278.3400 -33.3700 5 638 -1240.4500 300.0901
-1.3190837936e+00 -3.4419007972e-02 -2.9463545458e+00
105 69 35
2 4 516 -1278.3400 -33.3700 5 639 -1240.4500 300.0901
-1.3907806851e+00 -2.8161329788e-02 -2.8924538620e+00
158 119 88
2 4 518 -1373.0500 -27.8101 5 663 -1332.2000 325.5701
-1.4394157088e+00 -2.4514703652e-02 -2.8844643337e+00
233 194 163
2 4 522 -1424.7500 -24.2800 5 674 -1383.8800 333.0400
-1.4282201004e+00 -1.8942860471e-02 -2.8815032308e+00
197 158 125
2 4 523 -1415.2800 -18.7800 5 678 -1373.1400 338.9399
-1.5528866937e+00 -1.5493904026e-02 -2.9072735248e+00
168 129 90
2 4 524 -1525.5601 -15.2200 5 676 -1484.3300 336.6699
-1.2893765462e+00 -8.1440733250e-03 -2.9517620733e+00
215 180 141
2 4 525 -1247.5400 -7.8800 5 661 -1206.1100 321.6000
-1.3338960371e+00 -1.9452141982e-03 -2.9112251766e+00
208 172 136
2 4 527 -1308.5100 -1.9100 5 683 -1264.7700 342.0400
-1.3338960371e+00 -1.9452141982e-03 -2.9112251766e+00
208 172 136
2 4 528 -1308.5100 -1.9100 5 684 -1264.7700 342.0400
9.7627019086e-01 1.3437654445e-02 -2.8727475086e+00
254 224 200
2 4 536 970.4099 13.3800 5 644 995.9500 307.5300
1.2517906912e+00 3.3814502994e-02 -2.7291673447e+00
237 204 173
2 4 543 1309.5000 35.4500 5 705 1328.4299 368.9500
1.3138441565e+00 3.4092261731e-02 -2.6580984484e+00
255 239 238
2 4 545 1412.3701 36.5300 5 733 1427.1299 394.0801
1.2672472454e+00 3.5590080650e-02 -2.7062001546e+00
246 209 173
2 4 546 1337.1799 37.5900 5 1079 1355.0601 378.7000
9.1548113555e-01 4.4353504557e-02 -2.8845954295e+00
255 222 180
2 4 552 906.2700 43.9301 5 673 931.2300 333.7600
1.2384577537e+00 4.2869647353e-02 -2.7635535926e+00
239 204 170
2 4 553 1279.3999 44.3700 5 429 1297.8301 365.5601
1.3123633639e+00 4.2498547573e-02 -2.6597056618e+00
218 199 193
2 4 554 1409.9600 45.5300 5 738 1423.8701 401.8000
1.3123633639e+00 4.2498547573e-02 -2.6597056618e+00
218 199 193
2 4 555 1409.9600 45.5300 5 739 1423.8701 401.8000
-1.3070304119e+00 4.6348717683e-02 -2.9048113208e+00
168 132 92
2 4 556 -1285.0701 45.5699 5 724 -1235.0100 388.0701
-1.3920263287e+00 5.5456700870e-02 -2.8780000184e+00
175 133 93
2 4 561 -1380.6600 55.0200 5 748 -1329.4900 408.5300
-1.3707876079e+00 5.7061971024e-02 -2.8796700240e+00
158 116 76
2 4 562 -1359.3600 56.5900 5 747 -1306.9600 408.7400
1.2529328301e+00 5.5337644508e-02 -2.7194532223e+00
206 170 134
2 4 564 1316.4700 58.0300 5 731 1331.2800 393.3401
-1.3381698157e+00 6.1350134308e-02 -2.8885302578e+00
213 171 129
2 4 566 -1323.1400 60.6600 5 746 -1270.3201 408.5601
-1.3999114634e+00 6.1271862201e-02 -2.8734698809e+00
235 194 150
2 4 567 -1391.4399 60.9000 5 754 -1337.7500 415.6699
-1.5240094607e+00 6.8388321696e-02 -2.8792415292e+00
188 148 112
2 4 569 -1512.0200 67.8400 5 765 -1457.1300 423.4800
-1.4477126205e+00 6.9483843273e-02 -2.8699515531e+00
245 210 170
2 4 570 -1440.9399 69.1500 5 768 -1385.5000 425.8500
-1.4989443891e+00 7.0129808058e-02 -2.8745565047e+00
235 199 163
2 4 571 -1489.5000 69.6801 5 771 -1434.2700 426.1500
8.8277958580e-01 7.6445972316e-02 -2.8938510913e+00
253 224 190
2 4 575 870.8601 75.4900 5 697 895.3201 360.8700
-1.3912426114e+00 7.7236396903e-02 -2.8728492506e+00
238 195 152
2 4 576 -1382.8900 76.7800 5 776 -1327.6100 430.4700
-1.5931437730e+00 7.8195116220e-02 -2.8926062655e+00
209 166 124
2 4 579 -1573.4700 77.2100 5 774 -1517.6400 429.4399
1.2830108935e+00 7.3977237826e-02 -2.6856447694e+00
183 149 111
2 4 581 1364.2500 78.6899 5 764 1377.9500 423.3800
1.2373900064e+00 7.5334283918e-02 -2.7522629773e+00
207 167 132
2 4 582 1284.1299 78.1600 5 1104 1298.6899 400.6799
-1.2983405766e+00 8.1823124680e-02 -2.8938180929e+00
235 198 154
2 4 585 -1281.2000 80.7500 5 1160 -1226.7300 424.4099
-1.4847999362e+00 8.2936173375e-02 -2.8707631225e+00
242 208 170
2 4 586 -1477.1899 82.5100 5 793 -1420.4399 439.0500
-1.5690542919e+00 8.7432843578e-02 -2.8855078608e+00
227 185 143
2 4 589 -1553.1400 86.5400 5 794 -1496.3201 439.9700
1.0306644741e+00 9.3983749648e-02 -2.8515259883e+00
254 241 230
2 4 595 1031.3301 94.2500 5 722 1052.4700 387.7000
1.0306644741e+00 9.3983749648e-02 -2.8515259883e+00
254 241 230
2 4 596 1031.3301 94.2500 5 723 1052.4700 387.7000
1.1769051626e+00 9.3893924721e-02 -2.7796901671e+00
255 232 218
2 4 598 1209.0000 96.5000 5 749 1224.5901 409.7300
1.1769051626e+00 9.3893924721e-02 -2.7796901671e+00
255 232 218
2 4 599 1209.0000 96.5000 5 750 1224.5901 409.7300
-1.4659014473e+00 1.0522279928e-01 -2.8643722668e+00
242 203 160
2 4 606 -1461.9600 104.9200 5 809 -1401.2700 461.4800
-1.4659014473e+00 1.0522279928e-01 -2.8643722668e+00
242 203 160
2 4 607 -1461.9600 104.9200 5 810 -1401.2700 461.4800
9.8775118018e-01 1.0674600443e-01 -2.8545391536e+00
250 230 219
2 4 608 988.1799 106.8101 5 736 1008.0000 399.5801
7.0527938278e-01 1.1239375861e-01 -2.8965934869e+00
202 203 208
2 4 611 695.1101 110.8500 5 735 722.3401 397.3401
-1.4758971002e+00 1.1637455081e-01 -2.8645254617e+00
254 216 177
2 4 618 -1471.6400 116.0300 5 819 -1409.8500 472.0100
-1.1061196827e+00 1.2105649825e-01 -2.8991383339e+00
184 160 134
2 4 620 -1089.4900 119.2500 5 497 -1032.0901 453.0601
1.1840115587e+00 1.2087029997e-01 -2.7792239263e+00
255 227 202
2 4 622 1216.6399 124.2200 5 1179 1229.6101 435.0500
1.1840115587e+00 1.2087029997e-01 -2.7792239263e+00
255 227 202
2 4 623 1216.6399 124.2200 5 1180 1229.6101 435.0500
1.2534119792e+00 1.2974665439e-01 -2.7620165845e+00
251 212 171
2 4 624 1296.2200 134.1400 5 799 1305.4800 448.0300
1.1316236742e+00 1.3688706897e-01 -2.8107151725e+00
255 231 198
2 4 626 1149.4900 139.1400 5 1193 1163.5901 439.5200
1.0627287652e+00 1.3972948971e-01 -2.8243411201e+00
234 183 133
2 4 628 1074.4500 141.3199 5 787 1090.3000 438.9399
1.0627287652e+00 1.3972948971e-01 -2.8243411201e+00
234 183 133
2 4 629 1074.4500 141.3199 5 788 1090.3000 438.9399
7.6872034320e-01 1.5183340676e-01 -2.8509540229e+00
206 200 200
2 4 637 770.1001 152.1000 5 801 794.1001 448.1400
-1.1637847638e-01 1.6532847694e-01 -2.9776317920e+00
199 201 200
2 4 646 -111.1500 158.5400 5 785 -69.1200 437.6500
8.7798532082e-01 1.5886086021e-01 -2.8350613917e+00
234 207 177
2 4 648 884.2500 160.0601 5 808 905.1201 457.5500
-1.2077583945e+00 1.6141042064e-01 -2.8870341076e+00
195 150 108
2 4 649 -1194.5701 159.6700 5 834 -1131.3400 497.1300
-1.3747304157e+00 1.6401388520e-01 -2.8737525540e+00
241 195 146
2 4 653 -1366.2000 163.0000 5 1285 -1299.8900 509.2800
-1.3747304157e+00 1.6401388520e-01 -2.8737525540e+00
241 195 146
2 4 654 -1366.2000 163.0000 5 1287 -1299.8900 509.2800
-7.9381571184e-01 1.7356824335e-01 -2.8674794618e+00
224 203 174
2 4 657 -790.5600 172.8700 5 842 -730.2900 504.4299
-8.3325605305e-01 1.7617958537e-01 -2.8685488187e+00
192 168 140
2 4 661 -829.4000 175.4000 5 847 -768.6200 507.4900
-7.8533066093e-01 1.8016787115e-01 -2.8652302022e+00
206 185 154
2 4 663 -782.6300 179.5800 5 854 -722.0500 511.1000
-9.5113179955e-01 1.8471154431e-01 -2.8746478568e+00
214 184 148
2 4 664 -944.6000 183.5000 5 859 -881.9100 516.1000
1.8279832429e-01 2.2097769386e-01 -2.8212152066e+00
209 204 200
2 4 689 185.3101 223.6799 5 870 226.2400 539.0901
1.4678120786e-01 2.2337380303e-01 -2.8196123919e+00
213 206 196
2 4 694 149.3400 226.2000 5 873 190.6200 542.9800
-1.3655371074e+00 2.6319315700e-01 -2.9678760933e+00
200 149 94
2 4 704 -1314.4600 253.2800 5 1320 -1241.5601 560.1200
-1.3308970035e+00 2.6554418404e-01 -2.9680096789e+00
179 128 77
2 4 707 -1281.0000 255.5300 5 881 -1208.5100 561.2000
-2.9668253547e-01 2.8025449365e-01 -2.8376548789e+00
223 204 172
2 4 733 -297.8900 282.0200 5 1336 -242.5699 599.5100
-1.4002195136e+00 2.9466428668e-01 -2.9772570174e+00
242 192 143
2 4 734 -1343.5400 282.6699 5 1330 -1267.1700 584.6799
-1.4090267225e+00 2.9902259192e-01 -2.9754478184e+00
166 114 74
2 4 742 -1353.0800 287.0300 5 890 -1275.3900 589.3800
-1.4120776838e+00 3.2162829243e-01 -2.9806515876e+00
223 180 138
2 4 749 -1353.6799 308.1899 5 899 -1273.5800 606.8800
-1.4010190174e+00 -1.1393868767e-01 -2.9337528151e+00
131 109 86
2 4 776 -1363.2900 -110.9301 5 610 -1336.0200 232.4900
-1.4784648508e+00 -9.1260452844e-02 -2.9226019353e+00
159 138 120
2 4 778 -1444.8201 -89.1801 5 616 -1413.8800 259.0801
-1.4784648508e+00 -9.1260452844e-02 -2.9226019353e+00
159 138 120
2 4 779 -1444.8201 -89.1801 5 617 -1413.8800 259.0801
-1.3781975213e+00 -8.1084746903e-02 -2.9126761459e+00
141 107 79
2 4 781 -1351.2200 -79.5100 5 952 -1317.7900 269.1100
-1.3694516387e+00 -7.5492777028e-02 -2.9166217996e+00
95 60 27
2 4 785 -1340.6600 -73.9301 5 957 -1306.9399 272.8800
-1.3694516387e+00 -7.5492777028e-02 -2.9166217996e+00
95 60 27
2 4 786 -1340.6600 -73.9301 5 958 -1306.9399 272.8800
-1.4241213966e+00 -7.2529983435e-02 -2.8987351368e+00
217 182 150
2 4 788 -1403.1700 -71.4600 5 968 -1368.1200 282.7900
-1.4441022729e+00 -7.1662995327e-02 -2.8946193187e+00
210 175 152
2 4 791 -1424.6400 -70.7100 5 969 -1389.9800 285.5100
-1.4223951645e+00 -6.4865010678e-02 -2.8966731223e+00
151 115 83
2 4 794 -1402.0800 -63.9600 5 972 -1366.6899 290.6699
-1.4223951645e+00 -6.4865010678e-02 -2.8966731223e+00
151 115 83
2 4 795 -1402.0800 -63.9600 5 973 -1366.6899 290.6699
-1.5280908588e+00 -4.6234937119e-02 -2.9118126330e+00
176 138 107
2 4 801 -1498.7000 -45.3500 5 985 -1462.0400 305.9199
-1.4874530181e+00 -4.3717630102e-02 -2.8942336681e+00
230 193 161
2 4 803 -1467.8101 -43.1400 5 990 -1429.4100 312.9900
-1.4155412638e+00 -3.6578296588e-02 -2.8867147438e+00
197 162 130
2 4 809 -1400.4299 -36.1899 5 660 -1360.2600 320.2700
-1.4727846009e+00 -3.0276383654e-02 -2.8910089401e+00
136 95 65
2 4 813 -1454.9299 -29.9100 5 1013 -1414.5000 326.2600
-1.3381240744e+00 -2.6073440947e-02 -2.9216850899e+00
225 195 167
2 4 815 -1307.9100 -25.4900 5 994 -1267.7000 316.3301
-1.3381240744e+00 -2.6073440947e-02 -2.9216850899e+00
225 195 167
2 4 816 -1307.9100 -25.4900 5 995 -1267.7000 316.3301
1.3612831544e+00 -2.2380596056e-02 -2.6598987037e+00
186 161 154
2 4 817 1461.6399 -24.0300 5 1022 1482.0901 335.9900
-1.3718542008e+00 -2.4330509197e-02 -2.9018559693e+00
208 172 138
2 4 819 -1349.9700 -23.9500 5 1012 -1308.9700 325.4700
-1.3766135900e+00 -2.2514747334e-02 -2.8979920164e+00
161 123 90
2 4 823 -1356.5900 -22.1899 5 1015 -1314.9500 328.5701
1.3716711650e+00 -1.8156335085e-02 -2.6530731920e+00
187 159 153
2 4 824 1476.0701 -19.4700 5 1033 1496.8401 342.3700
1.3256857964e+00 -1.7532688599e-02 -2.6681109442e+00
229 214 214
2 4 825 1419.2700 -18.8000 5 1030 1439.7400 338.8600
-1.5420930576e+00 -1.5202619246e-02 -2.9045316716e+00
205 162 127
2 4 830 -1516.2100 -14.9500 5 1028 -1475.0800 337.6100
-1.6023521108e+00 -8.9863435276e-03 -2.9283677408e+00
56 16 0
2 4 834 -1563.2000 -8.7600 5 677 -1521.6801 336.8201
-1.3127342601e+00 2.4302264584e-03 -2.9253880224e+00
197 161 129
2 4 837 -1281.4800 2.3700 5 1032 -1237.8900 340.7200
1.2746900291e+00 6.3683741439e-03 -2.7044161212e+00
179 150 118
2 4 842 1345.9600 6.7500 5 1499 1366.2300 350.6599
1.4099164607e+00 9.1807479041e-03 -2.6456873222e+00
236 219 226
2 4 846 1522.2700 9.8700 5 1069 1537.3201 371.2900
1.3065481579e+00 1.0856163289e-02 -2.6662183422e+00
248 230 231
2 4 849 1399.4700 11.6400 5 1062 1418.3301 368.2200
-1.3023789079e+00 1.3539340896e-02 -2.9278317828e+00
155 121 89
2 4 851 -1270.5500 13.2100 5 1040 -1225.2600 349.7900
1.2408314470e+00 1.5001853317e-02 -2.7627030126e+00
219 192 173
2 4 852 1282.6499 15.5200 5 679 1302.5701 339.1799
-1.5046213261e+00 1.4815589886e-02 -2.8863342005e+00
216 173 138
2 4 853 -1488.8201 14.6600 5 1068 -1442.1899 370.7800
-1.3573616166e+00 1.9179841705e-02 -2.8954183410e+00
231 192 149
2 4 854 -1338.9500 18.9200 5 1061 -1291.6200 367.6500
1.3106948156e+00 2.0382840846e-02 -2.6645504512e+00
251 231 230
2 4 855 1404.7800 21.8600 5 1077 1422.6001 378.1400
-1.2680951437e+00 2.3112140745e-02 -2.9448324242e+00
123 94 63
2 4 856 -1229.2300 22.4000 5 691 -1185.0601 351.9800
-1.5033130565e+00 2.4900030022e-02 -2.8823764175e+00
212 168 131
2 4 859 -1489.3900 24.6700 5 1082 -1441.5300 381.5500
9.3797852826e-01 3.1782855045e-02 -2.8780254600e+00
187 152 129
2 4 861 930.3000 31.6000 5 1006 956.2500 323.7500
9.3797852826e-01 3.1782855045e-02 -2.8780254600e+00
187 152 129
2 4 862 930.3000 31.6000 5 1007 956.2500 323.7500
-1.4199761111e+00 3.1462512548e-02 -2.8781899848e+00
141 101 65
2 4 863 -1409.0300 31.2200 5 1087 -1359.5200 386.8500
-1.5846770136e+00 3.6838825287e-02 -2.8987404365e+00
224 182 142
2 4 869 -1561.7700 36.3000 5 1093 -1512.1600 388.8900
1.2304517023e+00 4.0046739470e-02 -2.7671955109e+00
207 175 151
2 4 873 1269.8799 41.3400 5 1518 1287.8999 361.8101
1.0187186472e+00 4.2564336526e-02 -2.8881289485e+00
255 243 235
2 4 874 1007.0701 42.1300 5 1014 1030.0100 328.1899
-1.3940186205e+00 4.7788251365e-02 -2.8798869379e+00
209 170 129
2 4 880 -1382.3500 47.3900 5 1621 -1331.0200 400.7000
-1.5756921432e+00 5.0182033391e-02 -2.8919316055e+00
216 176 137
2 4 881 -1556.2700 49.5601 5 1114 -1504.9900 403.4600
-1.3325712309e+00 5.6619755302e-02 -2.8915250614e+00
142 102 66
2 4 885 -1316.0000 55.9200 5 1109 -1264.4000 403.0000
1.3809337915e+00 5.3689136358e-02 -2.6388538787e+00
248 222 209
2 4 888 1494.9600 58.0500 5 1148 1505.9800 418.9600
1.2782857655e+00 5.7219401089e-02 -2.6871224471e+00
231 196 158
2 4 890 1358.5901 60.8199 5 1627 1373.7900 406.6400
-1.5921678785e+00 6.1372445424e-02 -2.8930723268e+00
169 125 86
2 4 891 -1572.2000 60.5900 5 1128 -1518.8800 413.7700
-1.5921678785e+00 6.1372445424e-02 -2.8930723268e+00
169 125 86
2 4 892 -1572.2000 60.5900 5 1130 -1518.8800 413.7700
8.8513139680e-01 6.2904243311e-02 -2.8910213098e+00
255 240 194
2 4 893 873.9199 62.2000 5 1496 899.2700 349.3900
-1.4218166374e+00 6.2394643487e-02 -2.8726482904e+00
244 205 162
2 4 894 -1414.0100 62.0400 5 1139 -1359.3300 417.5500
-1.4857482825e+00 6.3410101190e-02 -2.8771802405e+00
149 110 77
2 4 896 -1474.5601 62.9399 5 1147 -1421.3500 418.6799
1.2696147328e+00 6.1696256920e-02 -2.7051846377e+00
204 166 130
2 4 902 1340.1499 65.1700 5 1115 1355.6399 404.3401
-1.3781573809e+00 6.7001172171e-02 -2.8759793621e+00
162 120 80
2 4 906 -1368.2700 66.5300 5 1151 -1314.7200 419.5100
-1.3964956113e+00 6.8701594578e-02 -2.8732232166e+00
194 152 110
2 4 909 -1388.1400 68.2900 5 1676 -1333.5400 422.5500
-1.4838589995e+00 6.9690022942e-02 -2.8732651545e+00
243 208 170
2 4 912 -1474.8500 69.2700 5 1161 -1420.2600 425.8600
1.2285364719e+00 6.8211552763e-02 -2.7653587793e+00
212 181 161
2 4 913 1268.4900 70.4900 5 1094 1284.7400 389.3000
1.2285364719e+00 6.8211552763e-02 -2.7653587793e+00
212 181 161
2 4 914 1268.4900 70.4900 5 1095 1284.7400 389.3000
-1.4203994966e+00 7.6142935863e-02 -2.8695373228e+00
241 199 159
2 4 918 -1414.0900 75.7900 5 1168 -1357.5400 431.4000
-1.4151202773e+00 7.7972632660e-02 -2.8711641253e+00
246 207 164
2 4 920 -1407.6000 77.5601 5 1171 -1351.7900 432.4099
1.0382356920e+00 7.8297581251e-02 -2.8641150342e+00
225 211 211
2 4 922 1034.8601 78.1300 5 1065 1055.6001 368.6699
8.9434242683e-01 8.2525170221e-02 -2.8909478135e+00
211 189 167
2 4 923 883.5100 81.5300 5 1537 906.7000 367.1300
-1.4711533005e+00 8.2408471225e-02 -2.8679798971e+00
244 206 167
2 4 924 -1465.4200 82.0699 5 1195 -1407.8300 439.1699
1.4167501408e+00 7.7684513921e-02 -2.6423979850e+00
254 226 212
2 4 925 1532.1201 83.8400 5 1744 1538.3000 440.2200
1.2798349523e+00 8.1717108375e-02 -2.6949955378e+00
225 187 148
2 4 926 1356.3601 86.5900 5 1697 1369.0300 427.3600
-1.3437573365e+00 8.8792768330e-02 -2.8810340082e+00
161 122 81
2 4 927 -1332.0200 88.0200 5 1184 -1275.6300 436.7600
1.1554977658e+00 8.7624703597e-02 -2.7895627439e+00
249 219 193
2 4 932 1183.0300 89.7100 5 1619 1199.2900 400.8000
9.9208156916e-01 9.1618691176e-02 -2.8640736350e+00
247 228 219
2 4 934 988.8000 91.4200 5 719 1010.1201 382.1599
9.9208156916e-01 9.1618691176e-02 -2.8640736350e+00
247 228 219
2 4 935 988.8000 91.4200 5 720 1010.1201 382.1599
-1.2910820311e+00 9.5967048970e-02 -2.8916979441e+00
219 182 140
2 4 941 -1275.0400 94.7800 5 1192 -1218.6799 437.9500
-1.3615351514e+00 9.6089405139e-02 -2.8765704221e+00
143 101 59
2 4 943 -1351.6799 95.4000 5 1209 -1294.1899 445.6400
-1.3269056025e+00 9.8753678605e-02 -2.8849113554e+00
222 184 145
2 4 946 -1313.9000 97.7700 5 1206 -1255.8800 443.9500
9.8898777401e-01 9.9606717488e-02 -2.8616064300e+00
200 180 169
2 4 948 986.3301 99.5000 5 726 1007.7700 390.4299
9.8898777401e-01 9.9606717488e-02 -2.8616064300e+00
200 180 169
2 4 949 986.3301 99.5000 5 727 1007.7700 390.4299
1.3095865886e+00 9.8648616882e-02 -2.6686569531e+00
237 213 189
2 4 954 1401.6899 105.5500 5 1216 1411.3899 453.3301
1.2471288367e+00 1.0200518004e-01 -2.7550585055e+00
204 165 126
2 4 956 1292.3999 105.8000 5 1686 1305.4199 424.6500
1.1738433406e+00 1.0390029369e-01 -2.7812488734e+00
228 200 183
2 4 960 1205.6399 106.6600 5 1144 1219.6101 418.6699
-1.3900922554e+00 1.1166399883e-01 -2.8663913463e+00
217 174 131
2 4 964 -1385.1000 111.2600 5 1238 -1324.6100 464.6000
1.0762367203e+00 1.1175892442e-01 -2.8204629395e+00
255 234 216
2 4 965 1089.4600 113.2100 5 1131 1107.0500 414.1400
7.6875606200e-01 1.1464173292e-01 -2.8799177226e+00
219 214 210
2 4 966 762.2800 113.7000 5 740 787.6201 403.6200
-1.4292678311e+00 1.1366529871e-01 -2.8639337937e+00
179 137 94
2 4 968 -1425.2800 113.3500 5 1242 -1364.3500 468.4800
-1.3926836555e+00 1.1793070562e-01 -2.8643970689e+00
183 140 95
2 4 972 -1388.8900 117.5900 5 1247 -1326.9900 471.1699
-1.5462726280e+00 1.1890145159e-01 -2.8789389573e+00
228 187 155
2 4 973 -1534.5000 117.9600 5 1246 -1472.1400 470.6599
-1.2673501980e+00 1.2118363324e-01 -2.8918320587e+00
242 205 161
2 4 976 -1251.5601 119.6801 5 1230 -1192.3800 460.3000
-1.2527090336e+00 1.2192204300e-01 -2.8925747847e+00
243 209 171
2 4 977 -1237.2700 120.3900 5 1228 -1177.1700 460.2200
7.5549967366e-01 1.2255203252e-01 -2.8756138898e+00
184 182 183
2 4 982 750.5801 121.6899 5 753 775.3701 412.7500
-1.2416028599e+00 1.2421527156e-01 -2.8924576309e+00
242 208 173
2 4 983 -1225.9700 122.6500 5 1232 -1166.4500 462.1100
8.2063300951e-01 1.2638300685e-01 -2.8626480986e+00
231 222 218
2 4 988 818.8101 126.0800 5 1149 842.0801 419.1699
-1.3336758403e+00 1.3058458136e-01 -2.8746424743e+00
178 136 96
2 4 990 -1325.1400 129.7400 5 1253 -1263.0000 477.2400
1.0982935055e+00 1.2903458920e-01 -2.8150915507e+00
240 213 186
2 4 994 1113.9399 130.9500 5 1712 1129.6101 431.5300
-1.5409850829e+00 1.3501081683e-01 -2.8754898380e+00
239 201 165
2 4 998 -1530.9301 134.1000 5 1262 -1466.4800 486.6300
-1.3186938314e+00 1.3881143111e-01 -2.8777462266e+00
229 186 143
2 4 1002 -1308.6100 137.7600 5 827 -1246.2400 483.1899
-1.5715847683e+00 1.4068231214e-01 -2.8805008071e+00
228 188 153
2 4 1007 -1558.6600 139.4900 5 1265 -1493.4800 490.7000
-1.5374467854e+00 1.4111557766e-01 -2.8744726199e+00
187 148 119
2 4 1008 -1527.6801 140.2100 5 1270 -1462.9000 492.5601
9.0798078182e-01 1.4096607545e-01 -2.8348095690e+00
233 220 214
2 4 1011 914.8501 142.0100 5 1196 935.0701 440.4199
-1.5340620893e+00 1.4920273296e-01 -2.8725451402e+00
232 191 159
2 4 1015 -1525.8199 148.3500 5 1870 -1458.8700 500.5400
8.9705655176e-01 1.5351195496e-01 -2.8327307782e+00
255 232 200
2 4 1027 904.0300 154.8199 5 1215 924.9299 452.9900
-1.2266586945e+00 1.5900480326e-01 -2.8892805592e+00
188 143 97
2 4 1030 -1212.8000 157.1801 5 1274 -1148.8201 494.5200
-1.2266586945e+00 1.5900480326e-01 -2.8892805592e+00
188 143 97
2 4 1031 -1212.8000 157.1801 5 1275 -1148.8201 494.5200
8.9364184889e-01 1.6007427617e-01 -2.8323735457e+00
216 182 146
2 4 1043 900.8401 161.4399 5 1226 921.2300 459.2500
8.9364184889e-01 1.6007427617e-01 -2.8323735457e+00
216 182 146
2 4 1044 900.8401 161.4399 5 1227 921.2300 459.2500
-1.0899957022e+00 1.6560210568e-01 -2.8846909123e+00
230 195 155
2 4 1045 -1078.9900 163.9500 5 1278 -1016.4200 498.6100
-1.2765031071e+00 1.7447257920e-01 -2.8882931883e+00
233 191 143
2 4 1052 -1262.5900 172.5300 5 2722 -1196.1100 510.2800
-5.2500423045e-01 2.0145891235e-01 -2.8441305693e+00
212 196 171
2 4 1078 -526.8400 202.2800 5 866 -469.0601 531.7300
1.2088474315e+00 2.1607539659e-01 -2.8559467664e+00
207 166 124
2 4 1090 1209.3201 216.0200 5 1854 1213.0801 492.6000
-2.0172980321e-01 2.1333149957e-01 -2.8275282714e+00
229 220 208
2 4 1091 -203.9100 215.4900 5 1306 -151.5200 540.2300
-1.9711304550e-01 2.1990113540e-01 -2.8251586849e+00
202 193 176
2 4 1102 -198.8101 222.2700 5 1314 -147.4500 547.1400
-1.4410452019e+00 2.5956463271e-01 -2.9583656778e+00
232 181 136
2 4 1134 -1391.5900 250.5901 5 1973 -1317.3700 562.7600
-1.4483164584e+00 2.6728612492e-01 -2.9656225836e+00
147 94 53
2 4 1138 -1395.0100 257.4099 5 1978 -1320.5900 566.8401
-1.3370878456e+00 2.9361930711e-01 -2.9785730465e+00
251 201 148
2 4 1167 -1283.1500 281.5601 5 2846 -1206.5800 581.4399
-1.4006077108e+00 3.2242686525e-01 -2.9753700268e+00
129 84 46
2 4 1198 -1345.4000 309.5100 5 1342 -1264.4000 609.3700
-1.3907216524e+00 -1.1387082788e-01 -2.9331642458e+00
192 168 144
2 4 1227 -1353.8800 -110.8800 5 939 -1325.7600 232.4099
-1.4087420899e+00 -9.2761141998e-02 -2.9167650776e+00
129 98 78
2 4 1235 -1379.3201 -90.8300 5 1396 -1347.7200 257.6799
-1.4162970361e+00 -7.7205905817e-02 -2.9022993879e+00
174 142 118
2 4 1239 -1393.3700 -75.9800 5 1409 -1359.7500 277.1000
-1.3386557112e+00 -6.8195850714e-02 -2.9335028196e+00
225 189 154
2 4 1248 -1303.0100 -66.4000 5 2112 -1268.7200 273.5000
-1.3386557112e+00 -6.8195850714e-02 -2.9335028196e+00
225 189 154
2 4 1249 -1303.0100 -66.4000 5 2113 -1268.7200 273.5000
-1.3317934305e+00 -6.2493416167e-02 -2.9374587297e+00
152 115 78
2 4 1252 -1294.8800 -60.7600 5 1407 -1259.4200 277.3101
-1.3780900730e+00 -4.1912761074e-02 -2.8989633415e+00
168 132 100
2 4 1261 -1357.7500 -41.2900 5 2162 -1318.2900 310.1599
1.3316059017e+00 -3.6908432854e-02 -2.6801620131e+00
199 171 155
2 4 1265 1418.6899 -39.2900 5 993 1441.8899 315.1100
-1.4299517634e+00 -3.8908554146e-02 -2.8850821925e+00
193 158 130
2 4 1269 -1415.3101 -38.5200 5 1449 -1375.8300 319.0500
-1.4686265216e+00 -3.7852158333e-02 -2.8913405429e+00
208 168 135
2 4 1270 -1450.6400 -37.3900 5 1448 -1411.2400 318.9500
1.3318220062e+00 -3.2235298418e-02 -2.6754145161e+00
178 150 139
2 4 1271 1421.6399 -34.4000 5 1002 1443.9900 321.4399
1.3137320437e+00 -3.2338231798e-02 -2.6878886048e+00
214 199 196
2 4 1272 1395.6101 -34.3199 5 996 1418.8000 317.4099
-1.3103205547e+00 -3.3191660866e-02 -2.9492562024e+00
91 55 21
2 4 1273 -1268.5400 -32.1500 5 1429 -1230.6899 300.0601
1.2931319294e+00 -2.8904306985e-02 -2.6985684899e+00
215 200 193
2 4 1275 1368.0701 -30.5200 5 997 1391.8301 317.6000
-1.4114483190e+00 -3.0203810917e-02 -2.8830938416e+00
236 200 166
2 4 1280 -1398.1799 -29.9200 5 1458 -1356.8900 327.3500
-1.5935575577e+00 -2.7622747642e-02 -2.9316351597e+00
176 139 103
2 4 1281 -1552.4500 -26.9100 5 998 -1514.5100 318.3700
-1.3900762103e+00 -2.1442063500e-02 -2.8903906232e+00
217 178 149
2 4 1284 -1373.3700 -21.1899 5 1466 -1331.4900 332.5200
-1.4518166829e+00 -2.1787592337e-02 -2.8828066269e+00
144 105 74
2 4 1285 -1438.6500 -21.5800 5 1024 -1395.8400 336.3700
1.3574968382e+00 -1.5854129414e-02 -2.6570880429e+00
227 206 205
2 4 1287 1459.3899 -17.0800 5 1481 1478.7300 343.6400
1.3073978793e+00 -1.0762819659e-02 -2.6781792085e+00
198 182 182
2 4 1297 1394.0100 -11.4500 5 1478 1415.1399 342.4099
-1.6248278791e+00 -7.7789480529e-03 -2.9313025197e+00
206 165 133
2 4 1301 -1582.9900 -7.5800 5 1029 -1542.6899 337.6300
-1.4500344456e+00 -3.8765673329e-03 -2.8809277450e+00
230 189 157
2 4 1306 -1437.6899 -3.8400 5 1504 -1392.6600 353.7400
1.2850728373e+00 -9.7306979382e-04 -2.6872868171e+00
232 206 183
2 4 1309 1365.5801 -1.0100 5 1039 1386.3201 349.3900
-1.4614677965e+00 2.5610076314e-03 -2.8797841927e+00
214 171 136
2 4 1313 -1449.4100 2.5400 5 1516 -1403.9000 360.4900
-1.2930365140e+00 5.6631258233e-03 -2.9389819156e+00
118 87 56
2 4 1321 -1256.8201 5.5100 5 1031 -1212.6200 338.5300
-1.3018854390e+00 7.2404281627e-03 -2.9302300438e+00
191 158 127
2 4 1322 -1269.0400 7.0601 5 1484 -1224.5800 343.1799
-1.3897071462e+00 8.9454623406e-03 -2.8866281164e+00
230 189 159
2 4 1323 -1374.9299 8.8500 5 1521 -1328.7300 362.1100
-1.4907130978e+00 1.5609946736e-02 -2.8816213708e+00
166 124 86
2 4 1330 -1477.3700 15.4700 5 1552 -1430.5300 372.8201
1.3417121649e+00 1.6486199535e-02 -2.6511576566e+00
206 186 187
2 4 1335 1445.3799 17.7600 5 2318 1462.4399 378.4500
1.2439007215e+00 1.7326874101e-02 -2.7569316909e+00
182 157 137
2 4 1336 1288.2300 18.0000 5 1482 1308.4800 343.3401
-1.3031090184e+00 1.9396861469e-02 -2.9204056999e+00
206 173 141
2 4 1339 -1274.4100 18.9700 5 1048 -1228.2400 357.7400
-1.3229180203e+00 1.8972411631e-02 -2.9100861980e+00
214 179 141
2 4 1340 -1298.3400 18.6200 5 1052 -1251.8101 361.4399
-1.3229180203e+00 1.8972411631e-02 -2.9100861980e+00
214 179 141
2 4 1341 -1298.3400 18.6200 5 1053 -1251.8101 361.4399
1.3839104136e+00 1.7830528938e-02 -2.6430649033e+00
218 198 199
2 4 1342 1495.5200 19.2500 5 1576 1510.8201 381.6400
-1.3617266754e+00 2.3931742934e-02 -2.8954079171e+00
129 88 47
2 4 1346 -1342.8800 23.6000 5 1551 -1295.7300 372.2300
-1.3605495747e+00 2.7717516597e-02 -2.8866529997e+00
214 176 135
2 4 1356 -1346.4600 27.4301 5 1080 -1297.0500 378.6899
1.4328208082e+00 2.9061205828e-02 -2.6471980288e+00
208 195 202
2 4 1363 1546.1299 31.3101 5 1588 1558.1899 389.8000
-1.4883778699e+00 3.2926539262e-02 -2.8801019842e+00
164 120 85
2 4 1364 -1475.8500 32.6500 5 1589 -1426.5500 389.4000
9.1083281216e-01 3.7232863239e-02 -2.8869263480e+00
208 179 154
2 4 1367 900.6899 36.8800 5 1456 926.6001 326.5400
9.1083281216e-01 3.7232863239e-02 -2.8869263480e+00
208 179 154
2 4 1368 900.6899 36.8800 5 1457 926.6001 326.5400
-1.3621081412e+00 3.6920809100e-02 -2.8885482984e+00
152 113 72
2 4 1369 -1346.5100 36.5000 5 1086 -1297.2700 386.6799
-1.2948370594e+00 3.8563255761e-02 -2.9114676521e+00
128 92 56
2 4 1371 -1270.2300 37.8300 5 1567 -1221.3101 378.2300
-1.3690542717e+00 4.0034607223e-02 -2.8801120017e+00
158 117 77
2 4 1374 -1357.6200 39.7000 5 2364 -1307.0000 392.7300
-1.4903490825e+00 3.9815180836e-02 -2.8808679042e+00
255 216 180
2 4 1376 -1477.3700 39.4700 5 1607 -1427.2700 395.5801
-1.2958358259e+00 4.3181016314e-02 -2.9087070765e+00
239 204 165
2 4 1382 -1272.4200 42.4000 5 1578 -1222.8101 383.4700
-1.2118864447e+00 4.5789875926e-02 -2.9586908145e+00
107 87 62
2 4 1383 -1169.4299 44.1899 5 1059 -1122.9700 366.3500
-1.3847838667e+00 4.9187058014e-02 -2.8780591898e+00
236 194 153
2 4 1386 -1374.1700 48.8101 5 1110 -1322.3500 402.3900
-1.5391441122e+00 5.2260553213e-02 -2.8859236028e+00
220 177 143
2 4 1389 -1523.3000 51.7200 5 1632 -1471.4100 406.5701
1.4133864674e+00 4.9242120032e-02 -2.6423730757e+00
249 221 210
2 4 1391 1527.8799 53.1899 5 2439 1538.5400 412.2200
1.2463508518e+00 5.1368462467e-02 -2.7335976848e+00
234 198 162
2 4 1392 1301.9299 53.7000 5 1579 1318.9900 384.4000
1.2836579009e+00 5.5980389820e-02 -2.6775528993e+00
250 218 187
2 4 1404 1369.3601 59.6899 5 2428 1384.1299 408.9600
1.3598009758e+00 5.5522887940e-02 -2.6406602078e+00
229 205 203
2 4 1405 1471.0400 60.0000 5 2461 1482.7300 420.6799
1.0458996098e+00 6.0549613042e-02 -2.8811280895e+00
208 205 214
2 4 1406 1036.4700 60.0601 5 1490 1057.6899 346.3301
1.2750683331e+00 5.9634266160e-02 -2.6951328203e+00
192 157 119
2 4 1414 1351.1299 63.2000 5 1625 1366.2300 406.0200
-1.3030483917e+00 6.5774511079e-02 -2.8960786591e+00
216 179 137
2 4 1417 -1284.8201 64.8600 5 1639 -1232.4000 408.9800
1.1590822287e+00 6.4991733124e-02 -2.7973804078e+00
223 206 203
2 4 1418 1182.6399 66.4500 5 1563 1201.9700 376.5500
-1.3884690383e+00 7.1137994496e-02 -2.8752196055e+00
169 127 86
2 4 1426 -1379.0500 70.6600 5 1684 -1324.5701 423.8700
1.2562067457e+00 7.0243737280e-02 -2.7212021826e+00
188 151 117
2 4 1434 1317.9500 73.7900 5 1628 1333.5801 406.8900
-1.4024853822e+00 7.3888894373e-02 -2.8733195755e+00
234 192 150
2 4 1437 -1394.4100 73.4500 5 1702 -1338.4200 427.4199
1.2342473087e+00 7.1821708525e-02 -2.7571739386e+00
250 213 184
2 4 1438 1278.3101 74.4200 5 2375 1293.8201 395.5901
1.0904028540e+00 7.5415035748e-02 -2.8519326973e+00
155 142 142
2 4 1442 1091.4299 75.5900 5 1063 1111.2000 368.8500
-1.3386569589e+00 7.6028470115e-02 -2.8856050114e+00
196 157 116
2 4 1444 -1325.0000 75.2500 5 1681 -1270.1600 423.1599
-1.5026843372e+00 7.5422990542e-02 -2.8734389859e+00
192 154 118
2 4 1445 -1493.9399 74.9700 5 2503 -1437.6400 431.5400
1.2298229723e+00 7.4214634241e-02 -2.7624037061e+00
255 242 215
2 4 1446 1271.5601 76.7200 5 1610 1286.5000 396.0701
1.0488795314e+00 7.6969439909e-02 -2.8632402851e+00
222 210 210
2 4 1449 1045.2300 76.9000 5 1536 1066.9099 367.4299
-1.3167685454e+00 7.7750773984e-02 -2.8891468305e+00
244 207 165
2 4 1451 -1301.7200 76.8600 5 1675 -1246.9600 422.8500
9.8657395375e-01 8.0678803544e-02 -2.8718054948e+00
203 185 181
2 4 1455 981.0200 80.2500 5 1542 1002.3201 369.5901
1.0410657634e+00 8.2274547870e-02 -2.8587803057e+00
206 191 188
2 4 1460 1040.0100 82.2000 5 1556 1059.6799 374.1400
1.1573964274e+00 8.1545462988e-02 -2.7879550851e+00
210 187 174
2 4 1462 1185.4600 83.5601 5 1602 1202.5300 395.6100
1.1573964274e+00 8.1545462988e-02 -2.7879550851e+00
210 187 174
2 4 1463 1185.4600 83.5601 5 1603 1202.5300 395.6100
-1.3377424832e+00 8.5715440121e-02 -2.8809992965e+00
198 159 118
2 4 1466 -1326.0500 84.9700 5 1722 -1270.1000 433.7800
1.2418213888e+00 8.2689413380e-02 -2.7489120497e+00
255 226 187
2 4 1467 1290.3501 85.8900 5 1636 1304.0400 408.8101
1.1989804374e+00 8.5189863462e-02 -2.7797932694e+00
225 191 171
2 4 1469 1231.5901 87.5601 5 1617 1247.2400 400.8800
-1.2914252979e+00 8.8998259524e-02 -2.8941833907e+00
178 143 103
2 4 1470 -1274.6500 87.8300 5 1166 -1218.5100 430.6000
-1.2914252979e+00 8.8998259524e-02 -2.8941833907e+00
178 143 103
2 4 1471 -1274.6500 87.8300 5 1167 -1218.5100 430.6000
9.2354884819e-01 8.9105046960e-02 -2.8825505866e+00
208 192 179
2 4 1472 914.4099 88.3600 5 1561 937.8401 375.2200
-1.4934506640e+00 8.8897405371e-02 -2.8721311766e+00
161 123 84
2 4 1473 -1485.2100 88.4000 5 1758 -1427.4800 444.2600
-1.2693602309e+00 9.0230896628e-02 -2.8958326650e+00
199 167 128
2 4 1474 -1251.9100 88.9900 5 1706 -1196.3101 430.5601
1.2273495596e+00 9.1997085008e-02 -2.7661694581e+00
220 183 156
2 4 1483 1267.0200 95.0100 5 1643 1281.0701 411.5701
-1.6229898246e+00 1.0288195181e-01 -2.9036007820e+00
243 195 146
2 4 1494 -1596.9600 101.2000 5 1768 -1538.0800 448.7600
1.2383814292e+00 1.0145504866e-01 -2.7579941400e+00
206 164 124
2 4 1496 1282.6101 105.0300 5 1677 1294.6699 423.3000
9.4053681377e-01 1.0465092927e-01 -2.8646581482e+00
243 225 221
2 4 1499 937.6499 104.3400 5 1605 958.7900 395.3201
-1.2743821876e+00 1.0646649740e-01 -2.8916265628e+00
211 177 135
2 4 1502 -1258.9100 105.1600 5 2563 -1200.7400 447.0801
-1.5182874812e+00 1.0661222263e-01 -2.8731721424e+00
160 120 84
2 4 1505 -1509.6300 105.9800 5 1796 -1448.9600 460.8301
-1.4284663191e+00 1.0813588572e-01 -2.8648138917e+00
239 200 156
2 4 1508 -1424.5100 107.8101 5 2602 -1363.4200 462.9500
1.3149220395e+00 1.0203430368e-01 -2.6673129986e+00
255 242 219
2 4 1509 1408.3101 109.2000 5 1786 1417.0601 457.0200
1.3149220395e+00 1.0203430368e-01 -2.6673129986e+00
255 242 219
2 4 1510 1408.3101 109.2000 5 1787 1417.0601 457.0200
-1.3648748632e+00 1.0993477072e-01 -2.8710625016e+00
202 160 118
2 4 1512 -1357.8201 109.3600 5 2597 -1297.8300 460.5200
-1.4017725706e+00 1.1031877759e-01 -2.8649611452e+00
220 177 134
2 4 1513 -1397.7600 109.9800 5 1239 -1336.6500 464.1799
-1.5236517720e+00 1.1141294741e-01 -2.8738986373e+00
252 215 178
2 4 1514 -1514.2400 110.7200 5 2606 -1453.6200 465.1699
7.2711494030e-01 1.1388766847e-01 -2.8903514669e+00
208 206 207
2 4 1516 718.4199 112.5400 5 1620 744.6599 400.3401
-1.4071872406e+00 1.1399567040e-01 -2.8637869939e+00
177 136 92
2 4 1519 -1403.0200 113.6801 5 1815 -1342.7700 468.2800
9.8272909519e-01 1.1687635425e-01 -2.8539099555e+00
197 177 166
2 4 1522 983.2200 116.9900 5 1120 1002.9099 409.2300
9.1941501568e-01 1.2047415692e-01 -2.8607721076e+00
180 171 172
2 4 1526 918.4099 120.2100 5 1644 938.1899 411.8101
1.1971782139e+00 1.1807492616e-01 -2.7797439032e+00
246 203 173
2 4 1527 1230.5000 121.2500 5 1170 1242.0901 431.9000
-1.2601963343e+00 1.2333388759e-01 -2.8922688714e+00
198 163 121
2 4 1528 -1244.5100 121.7900 5 1799 -1184.7500 461.8700
-1.2601963343e+00 1.2333388759e-01 -2.8922688714e+00
198 163 121
2 4 1529 -1244.5100 121.7900 5 1800 -1184.7500 461.8700
-1.3301804971e+00 1.2277638037e-01 -2.8764368754e+00
203 164 123
2 4 1530 -1320.5300 121.9000 5 1816 -1260.0900 469.3500
-1.3654490813e+00 1.2222842690e-01 -2.8706727822e+00
223 180 137
2 4 1531 -1358.2700 121.6000 5 1822 -1297.3400 472.0300
9.3304181519e-01 1.2224291871e-01 -2.8564449859e+00
177 165 167
2 4 1533 932.1799 122.3101 5 1134 954.0300 414.5400
8.3930608874e-01 1.2593541247e-01 -2.8614736653e+00
191 176 166
2 4 1542 837.7400 125.6899 5 1666 860.5901 418.6799
-1.0887873107e+00 1.2681294057e-01 -2.8947299957e+00
230 203 173
2 4 1543 -1074.3401 125.1200 5 1791 -1015.6800 459.4399
-1.2870111780e+00 1.3166248573e-01 -2.8865408674e+00
242 199 154
2 4 1551 -1273.4200 130.2700 5 1825 -1212.3600 472.3900
1.1203648916e+00 1.2901456867e-01 -2.8083768282e+00
255 231 200
2 4 1553 1139.1499 131.2300 5 2512 1153.8999 433.4199
-1.3107156282e+00 1.3326252736e-01 -2.8796823198e+00
153 111 71
2 4 1556 -1300.1000 132.1700 5 1828 -1238.0000 477.1100
9.9373804682e-01 1.3240367991e-01 -2.8357609400e+00
210 191 184
2 4 1558 1000.1699 133.4301 5 1165 1019.6299 429.8000
-1.5322238398e+00 1.3580661092e-01 -2.8733347966e+00
249 213 177
2 4 1561 -1523.2200 134.9900 5 2665 -1458.8700 487.9800
-1.4112295185e+00 1.3707324616e-01 -2.8635106675e+00
135 92 47
2 4 1562 -1407.9100 136.7200 5 1852 -1343.2200 489.6100
-1.3579922575e+00 1.4000481212e-01 -2.8680687470e+00
223 180 137
2 4 1565 -1352.5100 139.4200 5 2668 -1288.4100 489.0701
-8.7633914854e-01 1.4621460547e-01 -2.8846863425e+00
208 191 163
2 4 1574 -867.6100 144.7600 5 1250 -809.1700 475.1300
-1.1936463962e+00 1.4623426863e-01 -2.8906798535e+00
210 178 140
2 4 1575 -1179.3300 144.4800 5 1839 -1117.6899 481.5200
-1.2343450779e+00 1.4631201553e-01 -2.8893581641e+00
239 196 153
2 4 1576 -1219.9800 144.6200 5 1842 -1158.1200 483.2300
-1.0641717677e+00 1.5440669713e-01 -2.8858133841e+00
204 178 145
2 4 1599 -1052.8201 152.8000 5 1847 -992.1200 487.3301
-1.3248110584e+00 1.5435375966e-01 -2.8784391831e+00
164 119 76
2 4 1607 -1314.9500 153.1600 5 1866 -1249.5400 497.1799
-1.2728292914e+00 1.6738062029e-01 -2.8885125451e+00
199 156 111
2 4 1630 -1258.6500 165.5000 5 1878 -1193.4600 503.7000
-1.3513747823e+00 1.6839451214e-01 -2.8792982326e+00
250 203 153
2 4 1636 -1340.8600 167.0400 5 2721 -1273.6600 510.3600
-7.6069918555e-01 1.7033817533e-01 -2.8681035211e+00
197 176 150
2 4 1641 -757.0600 169.6000 5 1869 -698.3100 500.3800
-1.3642092758e+00 1.7135638794e-01 -2.8791930241e+00
194 147 95
2 4 1642 -1353.4299 169.9800 5 2731 -1286.1600 513.4800
-1.1406131417e+00 1.7284953838e-01 -2.8857369729e+00
244 205 160
2 4 1647 -1128.5701 171.0601 5 1884 -1064.9600 506.1799
-7.1246589625e-01 1.8206930076e-01 -2.8615660888e+00
207 190 164
2 4 1658 -710.9700 181.7100 5 2726 -651.1800 512.2600
-9.8497272107e-01 1.9340679233e-01 -2.8772498572e+00
205 172 129
2 4 1682 -977.4600 191.9700 5 2761 -913.3600 523.8600
1.1410015697e+00 2.0729565704e-01 -2.8515350789e+00
255 237 205
2 4 1710 1142.7900 207.6200 5 2662 1150.7600 488.1899
-2.9218518166e-01 2.0820934687e-01 -2.8330742888e+00
225 216 198
2 4 1720 -294.1801 209.8700 5 1934 -240.9600 535.8800
-2.8223103228e-01 2.0892707478e-01 -2.8314635125e+00
231 222 203
2 4 1724 -284.4100 210.7200 5 1937 -231.1300 536.9000
6.8626667904e-02 2.1692370281e-01 -2.8237834764e+00
233 227 221
2 4 1739 69.7600 219.3700 5 1940 113.8400 537.5400
-1.6077660547e-01 2.1809797017e-01 -2.8250464693e+00
202 194 181
2 4 1741 -162.0100 220.4500 5 1953 -111.8300 544.5300
1.8262791165e-01 2.2984283871e-01 -2.8190117510e+00
253 243 231
2 4 1762 185.7000 232.8000 5 1316 225.8800 548.1300
1.1363670474e+00 2.3961495142e-01 -2.8740289593e+00
254 216 174
2 4 1773 1129.7200 238.0500 5 2713 1134.7000 508.7200
1.8395407091e-01 2.3475438613e-01 -2.8167862789e+00
219 207 191
2 4 1774 186.8900 237.9900 5 1963 227.7200 553.4600
-1.4385401441e+00 2.5032885955e-01 -2.9589410798e+00
239 187 140
2 4 1779 -1389.0800 241.6300 5 1965 -1315.6899 554.3401
-1.4494886686e+00 2.5102877031e-01 -2.9558440902e+00
236 188 142
2 4 1780 -1401.1700 242.5601 5 1968 -1327.2300 556.4700
1.2261710426e+00 2.6903373382e-01 -2.8707931107e+00
246 195 151
2 4 1814 1220.0601 267.6200 5 2776 1219.7300 533.7800
-1.4281045800e+00 2.7750713034e-01 -2.9679863558e+00
141 89 49
2 4 1816 -1374.9900 267.0500 5 2837 -1298.7200 574.1799
1.2320938542e+00 2.6964641970e-01 -2.8701326028e+00
208 161 115
2 4 1818 1226.4700 268.2600 5 1931 1225.3501 534.4399
-8.7536223240e-01 2.7848028022e-01 -2.8945493803e+00
254 221 176
2 4 1833 -863.1700 274.7500 5 3739 -795.3300 590.1300
1.2369528845e+00 2.7815631405e-01 -2.8702265317e+00
214 167 121
2 4 1834 1231.0300 276.7500 5 2798 1229.5400 541.8301
-1.3606079759e+00 2.9921965209e-01 -2.9816860097e+00
232 182 133
2 4 1851 -1303.4100 286.6100 5 2850 -1227.8800 585.8101
-1.4048914775e+00 3.1300805836e-01 -2.9787406469e+00
150 101 60
2 4 1869 -1347.5100 300.1200 5 2016 -1268.7100 600.0500
-1.3866727082e+00 3.2456813276e-01 -2.9863424129e+00
136 93 55
2 4 1880 -1326.5500 310.4099 5 2867 -1247.4900 606.4500
-1.4243680352e+00 -9.9332834527e-02 -2.9210883121e+00
208 182 160
2 4 1949 -1392.6000 -97.1200 5 1389 -1362.1300 250.5801
-1.6084344809e+00 -8.7663129314e-02 -2.9865711802e+00
201 177 153
2 4 1955 -1538.1700 -83.8300 5 2095 -1511.0300 246.1000
-1.3646686920e+00 -8.0074353052e-02 -2.9197680009e+00
204 167 133
2 4 1963 -1334.6400 -78.3300 5 2109 -1301.3700 267.4600
-1.4673533314e+00 -6.5532421704e-02 -2.8914719345e+00
192 149 115
2 4 1987 -1449.2500 -64.7300 5 2998 -1413.6899 292.9099
-1.3537520991e+00 -6.3961211209e-02 -2.9254110642e+00
211 172 135
2 4 1990 -1321.3201 -62.4500 5 2123 -1286.3700 280.4099
1.3097979862e+00 -5.1646063590e-02 -2.7084839900e+00
181 155 144
2 4 2002 1379.9399 -54.2900 5 1422 1406.7700 291.2400
-1.3077779792e+00 -4.8763227037e-02 -2.9507453112e+00
163 147 126
2 4 2014 -1266.5500 -47.1801 5 2131 -1228.3600 285.0300
-1.4254400282e+00 -4.0983453897e-02 -2.8876007083e+00
217 181 155
2 4 2023 -1409.5300 -40.5400 5 3049 -1370.5701 316.1500
-1.3230357805e+00 -3.7099754029e-02 -2.9444493660e+00
91 55 21
2 4 2030 -1283.0800 -35.9900 5 2149 -1245.2900 298.3301
-1.4402964664e+00 -1.8821599978e-02 -2.8837462179e+00
197 158 127
2 4 2061 -1426.4700 -18.6400 5 2222 -1383.8400 338.5601
-1.4564625958e+00 -1.8194794425e-02 -2.8834632438e+00
221 182 151
2 4 2062 -1442.6899 -18.0200 5 2225 -1399.9299 339.6699
-1.3330790764e+00 -1.3257763944e-02 -2.9206225473e+00
135 101 70
2 4 2066 -1303.3201 -12.9700 5 2199 -1261.7500 328.4199
-1.6083012496e+00 -1.2410837889e-02 -2.9293913815e+00
197 158 125
2 4 2068 -1568.0000 -12.1000 5 2214 -1527.9600 333.5500
-1.2962406221e+00 -9.3824555274e-03 -2.9501405665e+00
135 100 68
2 4 2069 -1255.0100 -9.0800 5 2180 -1213.4000 321.1599
-1.4118081335e+00 -7.9369659519e-03 -2.8831595379e+00
189 153 119
2 4 2071 -1398.6400 -7.8600 5 2240 -1354.2000 348.1500
-1.3390194191e+00 -6.2399801811e-04 -2.9095445955e+00
162 125 88
2 4 2081 -1314.5000 -0.6100 5 3109 -1270.1300 343.9399
-1.3006696094e+00 3.6505227983e-03 -2.9347432062e+00
117 86 55
2 4 2085 -1265.6600 3.5500 5 2221 -1222.3201 338.3700
-1.4580826305e+00 7.7884332566e-03 -2.8806583137e+00
213 170 136
2 4 2091 -1445.4800 7.7200 5 3168 -1399.5701 364.9900
-1.3311747275e+00 8.5368284778e-03 -2.9102195482e+00
168 133 96
2 4 2095 -1306.4800 8.3800 5 2247 -1261.0400 351.9700
-1.4121305285e+00 1.1525106403e-02 -2.8824251991e+00
150 113 81
2 4 2105 -1399.2200 11.4200 5 3171 -1352.4200 366.5801
-1.5845103384e+00 1.3422895913e-02 -2.9086752256e+00
251 211 176
2 4 2108 -1555.8400 13.1801 5 2277 -1510.9100 363.8301
-1.3789420402e+00 1.8284723920e-02 -2.8868570314e+00
242 200 162
2 4 2117 -1364.2400 18.0900 5 2295 -1316.7000 370.4099
-1.2874512278e+00 1.9578324485e-02 -2.9322768576e+00
223 190 159
2 4 2120 -1254.0000 19.0699 5 2250 -1208.3600 353.4299
-1.3741961673e+00 2.4497113643e-02 -2.8875398445e+00
205 164 120
2 4 2125 -1359.2100 24.2300 5 2313 -1310.9399 375.8101
-1.2678150032e+00 2.7842984352e-02 -2.9370033841e+00
197 170 140
2 4 2131 -1233.0500 27.0800 5 1513 -1186.3400 358.8301
-1.2839887794e+00 3.1380866292e-02 -2.9252504306e+00
124 90 62
2 4 2136 -1253.6799 30.6400 5 1534 -1206.2300 366.5500
-1.5050047440e+00 3.0736233515e-02 -2.8812832170e+00
146 102 67
2 4 2137 -1492.0701 30.4700 5 2347 -1442.4900 387.3401
-1.3472836893e+00 3.2416135840e-02 -2.8928469796e+00
130 91 52
2 4 2140 -1329.9600 32.0000 5 2328 -1281.3101 380.5701
-1.4556074449e+00 3.3274199878e-02 -2.8745004842e+00
226 184 146
2 4 2142 -1446.2400 33.0601 5 3248 -1396.3700 390.8301
1.2556701520e+00 3.6581759107e-02 -2.7248757305e+00
194 163 134
2 4 2156 1316.1101 38.3400 5 2304 1333.7200 373.1100
-1.4627409567e+00 4.0806598704e-02 -2.8738276774e+00
209 167 129
2 4 2166 -1453.4299 40.5500 5 2392 -1403.0100 398.3101
-1.3751730245e+00 4.1350944291e-02 -2.8824792373e+00
206 164 126
2 4 2170 -1362.4800 40.9700 5 2368 -1312.0000 393.2800
1.2765099252e+00 3.9862501234e-02 -2.6925901553e+00
162 126 86
2 4 2175 1353.9199 42.2900 5 2348 1370.8401 387.6899
8.7490349727e-01 4.6179415243e-02 -2.8986019282e+00
223 186 150
2 4 2178 861.7100 45.5400 5 1465 887.7000 331.8201
-1.5462491373e+00 4.6950966793e-02 -2.8877073801e+00
221 181 146
2 4 2180 -1529.6801 46.4399 5 2403 -1478.0500 401.1599
-1.3682509857e+00 4.7290609680e-02 -2.8834454489e+00
143 101 59
2 4 2181 -1355.2000 46.8400 5 2390 -1303.9600 398.2400
-1.5093146808e+00 4.7323405458e-02 -2.8798122180e+00
225 180 144
2 4 2182 -1496.6700 46.9301 5 2414 -1445.6300 403.4500
-1.3726609966e+00 4.9660702880e-02 -2.8822663384e+00
221 179 138
2 4 2186 -1360.2500 49.2100 5 2402 -1308.4000 400.9600
1.2017459863e+00 5.0056452981e-02 -2.7948214238e+00
255 239 239
2 4 2191 1227.7700 51.1899 5 2273 1246.1101 362.2500
-1.3299187293e+00 5.2485968493e-02 -2.8941958907e+00
230 191 150
2 4 2194 -1312.2100 51.7900 5 2389 -1261.1700 398.1500
-1.3207076211e+00 5.3514846675e-02 -2.8970819692e+00
198 162 123
2 4 2201 -1302.1700 52.7600 5 2388 -1250.4700 397.7600
-1.3599822704e+00 5.4077493092e-02 -2.8821371140e+00
217 178 136
2 4 2203 -1347.8000 53.5900 5 2416 -1295.2900 404.7400
1.0253375374e+00 5.6689423551e-02 -2.8827653691e+00
213 201 201
2 4 2206 1015.3601 56.2200 5 2229 1037.6299 342.7700
1.1723488336e+00 5.7065387406e-02 -2.8032166161e+00
232 216 216
2 4 2211 1194.1201 58.1801 5 2282 1212.7600 366.6799
1.1723488336e+00 5.7065387406e-02 -2.8032166161e+00
232 216 216
2 4 2212 1194.1201 58.1801 5 2283 1212.7600 366.6799
-1.3371874162e+00 5.9300895696e-02 -2.8906864243e+00
215 176 135
2 4 2215 -1320.6799 58.5800 5 2423 -1269.2300 405.9399
-1.6300668099e+00 6.2815054387e-02 -2.9096366842e+00
124 76 34
2 4 2223 -1600.3900 61.6600 5 2436 -1547.9800 410.1200
-1.4397566950e+00 6.4590002660e-02 -2.8720903361e+00
228 189 150
2 4 2232 -1431.8101 64.2300 5 2465 -1377.4299 420.3301
1.2715334026e+00 6.6195645911e-02 -2.7018145813e+00
255 217 181
2 4 2244 1344.1201 69.9700 5 2435 1358.5901 409.9399
-1.3460518356e+00 7.0691624866e-02 -2.8829629033e+00
161 119 79
2 4 2247 -1333.4399 70.0300 5 3352 -1279.2900 419.4299
-1.4069003010e+00 7.0386345917e-02 -2.8738618738e+00
183 142 99
2 4 2248 -1398.2200 69.9500 5 2470 -1343.3300 424.1500
8.3684170576e-01 7.2678815538e-02 -2.9119897379e+00
199 182 167
2 4 2250 820.5901 71.3000 5 2249 845.6599 352.5100
-1.4166953621e+00 7.2106608884e-02 -2.8735635046e+00
184 143 100
2 4 2251 -1408.2900 71.6700 5 2480 -1352.7700 426.0901
-1.4673648556e+00 7.2079213179e-02 -2.8695368609e+00
197 159 122
2 4 2252 -1460.5000 71.7400 5 2494 -1405.0900 428.9800
-1.3622322407e+00 7.7567712983e-02 -2.8765579445e+00
156 117 76
2 4 2266 -1352.8500 77.0200 5 2492 -1296.7100 428.5200
1.2520749957e+00 7.4236913389e-02 -2.7263031039e+00
190 153 116
2 4 2271 1311.4099 77.8000 5 2430 1326.3000 408.9299
-1.3495073545e+00 7.9908723012e-02 -2.8817337111e+00
160 118 78
2 4 2274 -1337.1899 79.1899 5 2491 -1282.3201 428.5100
-1.2143598780e+00 8.0943426887e-02 -2.9125724622e+00
170 148 124
2 4 2275 -1191.1100 79.3800 5 1653 -1137.0200 414.4299
-1.3072051957e+00 8.2776211142e-02 -2.8902096343e+00
182 145 103
2 4 2281 -1291.9000 81.8000 5 2483 -1236.4100 426.8000
-1.3813687790e+00 8.3686198920e-02 -2.8733133073e+00
172 131 89
2 4 2286 -1372.9399 83.1801 5 2520 -1316.7200 435.9700
-1.3813687790e+00 8.3686198920e-02 -2.8733133073e+00
172 131 89
2 4 2287 -1372.9399 83.1801 5 2521 -1316.7200 435.9700
-1.3928609260e+00 8.6008639020e-02 -2.8710333977e+00
184 143 99
2 4 2300 -1385.6700 85.5601 5 2535 -1328.5800 439.2500
-1.4779791164e+00 8.6630584874e-02 -2.8697345616e+00
139 101 62
2 4 2302 -1471.2000 86.2200 5 2544 -1413.3700 442.6200
-1.3018212325e+00 8.7858480196e-02 -2.8954011114e+00
191 154 112
2 4 2304 -1284.8900 86.6801 5 2496 -1227.8700 429.3101
9.8867988482e-01 8.7242357150e-02 -2.8672908748e+00
209 192 184
2 4 2306 984.3701 86.9500 5 2316 1005.8701 377.1100
-1.4631556349e+00 9.0293363766e-02 -2.8663915536e+00
201 163 124
2 4 2316 -1458.1300 89.9700 5 2564 -1399.6799 446.8600
-1.2600874756e+00 9.1928317354e-02 -2.8996013191e+00
206 172 135
2 4 2318 -1241.3101 90.5500 5 2499 -1185.4399 430.4500
-1.3427624929e+00 9.1638510117e-02 -2.8806349413e+00
142 103 62
2 4 2319 -1331.5400 90.8600 5 2534 -1274.1400 439.4500
-1.2333662379e+00 9.3337606719e-02 -2.9023882772e+00
192 162 136
2 4 2322 -1213.8201 91.8500 5 3390 -1158.0701 429.9900
9.8282532205e-01 9.3886305606e-02 -2.8643773126e+00
245 225 214
2 4 2325 979.7200 93.6400 5 2338 1000.6499 384.4000
-1.4035847846e+00 9.4816544849e-02 -2.8663416855e+00
204 162 120
2 4 2328 -1398.8500 94.4800 5 3460 -1339.8800 449.4099
9.7129757761e-01 9.6266234912e-02 -2.8660945153e+00
245 220 200
2 4 2334 967.6899 95.9500 5 3235 988.7000 386.2900
-1.2843803896e+00 9.7208360565e-02 -2.8950086433e+00
194 159 119
2 4 2335 -1267.1400 95.9000 5 2524 -1210.5100 437.6500
-1.3935643212e+00 9.9329201212e-02 -2.8678170798e+00
185 142 100
2 4 2341 -1387.8300 98.9200 5 2578 -1329.0500 452.7900
9.9256069667e-01 1.0359316686e-01 -2.8563775939e+00
255 238 228
2 4 2350 992.1001 103.6200 5 1604 1012.4600 395.8800
-1.4237313792e+00 1.1077093703e-01 -2.8644364316e+00
182 139 96
2 4 2373 -1419.8700 110.4500 5 2612 -1358.6500 465.4099
-1.4388249142e+00 1.1320591291e-01 -2.8627522267e+00
228 185 142
2 4 2380 -1435.5000 112.9399 5 2626 -1374.3201 468.7600
-1.3650964147e+00 1.1455116262e-01 -2.8694019484e+00
141 99 57
2 4 2384 -1358.9299 114.0200 5 2611 -1298.0601 465.3900
1.1521369291e+00 1.1243600941e-01 -2.7936039598e+00
255 223 193
2 4 2385 1177.8501 114.9500 5 2467 1192.3999 422.6400
-1.4231189197e+00 1.1567982239e-01 -2.8635091247e+00
227 184 141
2 4 2386 -1419.6100 115.3800 5 2630 -1357.9200 470.2900
1.2069854945e+00 1.1255643261e-01 -2.7769860651e+00
186 146 118
2 4 2387 1241.4700 115.7400 5 2486 1253.8501 427.4700
-1.4524085280e+00 1.1574571547e-01 -2.8634857073e+00
156 113 68
2 4 2390 -1449.0800 115.4500 5 3519 -1386.7500 471.1300
9.6573206326e-01 1.2269705642e-01 -2.8503299457e+00
244 227 219
2 4 2408 967.1699 123.0000 5 1657 987.5901 416.3101
-1.3233942070e+00 1.2533713560e-01 -2.8803949100e+00
146 107 65
2 4 2412 -1312.4000 124.2800 5 2628 -1251.1000 469.9299
9.9004180518e-01 1.2503559204e-01 -2.8443952410e+00
218 198 187
2 4 2413 994.2900 125.5200 5 2460 1012.4700 420.0100
-1.2852112365e+00 1.2674638460e-01 -2.8877614593e+00
172 131 87
2 4 2414 -1270.9700 125.3500 5 2617 -1210.8300 467.4099
-1.3660749327e+00 1.2806356749e-01 -2.8698130321e+00
157 114 72
2 4 2423 -1359.6500 127.4500 5 2641 -1297.2400 477.6799
-1.2933991757e+00 1.3020786869e-01 -2.8831940074e+00
209 164 123
2 4 2428 -1281.2100 128.9800 5 2634 -1220.1100 472.5200
-1.1495813668e+00 1.3100308183e-01 -2.8933464335e+00
231 205 179
2 4 2429 -1134.6700 129.3101 5 2610 -1075.3600 465.4600
9.8996665882e-01 1.3246875446e-01 -2.8371606541e+00
204 187 179
2 4 2436 996.6899 133.3300 5 2495 1014.6101 429.5000
-1.2907736333e+00 1.3497644163e-01 -2.8845584835e+00
175 131 86
2 4 2438 -1277.9900 133.6400 5 2639 -1216.4600 476.2800
-1.3646651702e+00 1.3614238199e-01 -2.8670974599e+00
187 144 101
2 4 2441 -1359.6300 135.6200 5 2656 -1295.8700 486.0901
8.5969179934e-01 1.3541784958e-01 -2.8482460630e+00
229 219 213
2 4 2443 861.4900 135.8500 5 1713 884.6201 431.6100
-1.3804073394e+00 1.3843259423e-01 -2.8660350671e+00
239 194 152
2 4 2448 -1375.6899 137.9500 5 3556 -1311.7300 489.0601
-1.2694768636e+00 1.4261061888e-01 -2.8882309143e+00
197 155 110
2 4 2454 -1255.7800 141.0300 5 2647 -1192.8000 481.1699
-1.2788370829e+00 1.4481617769e-01 -2.8869120498e+00
240 197 154
2 4 2460 -1264.9000 143.2600 5 2652 -1202.9399 484.0500
1.0230968186e+00 1.4363595606e-01 -2.8288260430e+00
230 209 188
2 4 2467 1032.8101 145.0300 5 2542 1049.5601 441.9500
-1.2849115674e+00 1.4719078328e-01 -2.8856594096e+00
204 161 118
2 4 2470 -1271.8000 145.6801 5 2660 -1208.7600 486.8101
9.5133748456e-01 1.4533223533e-01 -2.8291191468e+00
208 190 176
2 4 2474 960.3201 146.7200 5 1761 979.2300 445.3700
-1.2094494344e+00 1.4910296209e-01 -2.8908574421e+00
243 202 159
2 4 2478 -1194.6700 147.3000 5 3541 -1132.9800 484.5200
-1.3613797757e+00 1.4992209766e-01 -2.8708973790e+00
231 188 145
2 4 2484 -1354.6300 149.1500 5 3569 -1289.2900 497.1200
-1.2138127102e+00 1.5172605857e-01 -2.8914178162e+00
160 117 70
2 4 2488 -1198.6500 149.8600 5 2659 -1136.8600 486.8201
-1.2851795335e+00 1.5195268817e-01 -2.8860319893e+00
235 192 149
2 4 2489 -1271.7400 150.3700 5 2671 -1208.4900 491.0300
1.0021294092e+00 1.5624356714e-01 -2.8247613681e+00
222 200 177
2 4 2526 1012.8999 158.0100 5 3477 1030.0100 455.6400
1.0021294092e+00 1.5624356714e-01 -2.8247613681e+00
222 200 177
2 4 2527 1012.8999 158.0100 5 3478 1030.0100 455.6400
-1.1802699930e+00 1.6171966552e-01 -2.8878461111e+00
209 175 135
2 4 2533 -1167.3900 159.9399 5 2678 -1103.7800 496.2900
5.7982970538e-01 1.6032213208e-01 -2.8528109088e+00
222 218 217
2 4 2536 580.9700 160.4500 5 2596 609.3799 460.3800
-1.1975820074e+00 1.6449581378e-01 -2.8898825462e+00
199 160 117
2 4 2543 -1183.2700 162.5601 5 2684 -1120.1100 498.5500
-1.2488563422e+00 1.6514089197e-01 -2.8909338190e+00
254 207 161
2 4 2545 -1233.9600 163.1500 5 3573 -1169.3201 500.0601
-1.2506690675e+00 1.7493321808e-01 -2.8900015402e+00
204 157 111
2 4 2574 -1236.1600 172.8800 5 2717 -1170.3201 509.3401
-1.2040228916e+00 1.8160782379e-01 -2.8902943398e+00
170 126 79
2 4 2592 -1189.6200 179.4500 5 2733 -1124.2400 514.0300
-1.1918886886e+00 1.8630235518e-01 -2.8910057077e+00
199 151 105
2 4 2603 -1177.5900 184.0500 5 3621 -1111.3900 517.6200
-1.1844289913e+00 1.8747837156e-01 -2.8903811478e+00
190 142 94
2 4 2606 -1170.0300 185.2400 5 2743 -1104.6500 518.7900
-1.1871631822e+00 1.9390825947e-01 -2.8924253591e+00
254 206 158
2 4 2615 -1172.3500 191.4700 5 1909 -1105.4700 523.7900
3.4155438796e-02 2.1237897542e-01 -2.8251087407e+00
194 189 183
2 4 2690 34.6700 214.6899 5 2780 80.0699 533.7900
4.0068544571e-02 2.1373810874e-01 -2.8255563243e+00
202 198 189
2 4 2697 41.2600 215.9800 5 2782 85.2400 534.7500
-1.7563634231e-01 2.1469156850e-01 -2.8272674458e+00
225 216 201
2 4 2700 -176.9500 216.8401 5 1946 -126.4500 540.9199
4.0087408751e-02 2.1800931058e-01 -2.8235627159e+00
243 236 228
2 4 2716 40.7200 220.5000 5 1943 86.0200 539.4000
4.0087408751e-02 2.1800931058e-01 -2.8235627159e+00
243 236 228
2 4 2717 40.7200 220.5000 5 1944 86.0200 539.4000
5.4326499318e-02 2.2105762317e-01 -2.8217905405e+00
206 199 189
2 4 2724 55.4500 223.7000 5 2799 99.8400 542.5400
-6.2345363148e-02 2.2390723799e-01 -2.8204602242e+00
233 225 212
2 4 2736 -62.6200 226.6899 5 2811 -14.8199 548.9600
-1.4299180342e+00 2.4117601263e-01 -2.9601553272e+00
162 111 64
2 4 2747 -1380.1700 232.7000 5 2804 -1308.1200 545.6000
-1.3953588998e+00 2.5554246476e-01 -2.9723870193e+00
167 115 66
2 4 2768 -1340.9100 245.5400 5 2813 -1269.1700 552.4900
-1.4037759171e+00 2.5676108036e-01 -2.9695231497e+00
208 157 111
2 4 2776 -1350.3600 246.9500 5 2817 -1278.0500 554.9000
-8.4409189542e-01 2.5320213436e-01 -2.8779337556e+00
226 197 152
2 4 2786 -837.3600 251.2600 5 4439 -770.8300 573.5500
-1.2656512512e+00 3.0061952436e-01 -2.9709042439e+00
159 109 58
2 4 2873 -1217.0000 289.0000 5 3734 -1142.0400 588.8000
-1.3758706596e+00 3.5321186497e-01 -2.9975983144e+00
208 165 122
2 4 2941 -1311.5100 336.5400 5 2879 -1229.7300 626.0701
-1.6108017333e-01 -6.2317048977e-01 -2.6397257373e+00
144 146 142
2 4 2963 -174.2400 -674.2300 5 3817 -143.9600 -250.8000
-1.3336294765e+00 -7.6441878309e-02 -2.9336503763e+00
231 198 167
2 4 3013 -1298.2600 -74.4200 5 2949 -1264.5100 265.6300
-1.4463958134e+00 -7.2975177559e-02 -2.8955595486e+00
222 188 163
2 4 3022 -1426.5200 -71.9800 5 3862 -1391.9399 284.0200
-1.3937142922e+00 -6.9022322351e-02 -2.9024902312e+00
227 192 162
2 4 3032 -1371.2100 -67.9200 5 2976 -1336.0100 284.0901
-1.4915001831e+00 -5.1782764777e-02 -2.9005139693e+00
175 137 106
2 4 3057 -1468.4700 -50.9900 5 3886 -1431.7800 303.4900
-1.4915001831e+00 -5.1782764777e-02 -2.9005139693e+00
175 137 106
2 4 3058 -1468.4700 -50.9900 5 3887 -1431.7800 303.4900
1.4365727118e+00 -3.6126267218e-02 -2.6755285741e+00
95 60 38
2 4 3076 1533.2500 -38.5300 5 3045 1553.3999 314.5400
1.3632180380e+00 -2.7915600707e-02 -2.6623299416e+00
208 180 168
2 4 3087 1462.4099 -29.9500 5 2202 1483.3101 329.5400
1.3219748053e+00 -2.2536975522e-02 -2.6746148032e+00
207 193 197
2 4 3097 1411.5200 -24.0500 5 3070 1433.2400 331.6300
-1.3475885742e+00 2.5304693673e-03 -2.9022642340e+00
163 125 88
2 4 3137 -1326.1000 2.4900 5 2242 -1281.2800 349.6000
1.3877034523e+00 1.1258634304e-02 -2.6424983630e+00
216 197 201
2 4 3159 1499.8799 12.1600 5 3202 1515.8799 375.2000
1.3031274985e+00 1.5489602451e-02 -2.6696063679e+00
150 126 114
2 4 3175 1394.0500 16.5800 5 3183 1412.5200 371.6300
-1.2480814055e+00 2.0160711388e-02 -2.9591140579e+00
156 130 100
2 4 3184 -1204.6600 19.4600 5 3108 -1160.1100 343.8600
-1.2308965213e+00 2.4547449518e-02 -2.9673287838e+00
181 155 127
2 4 3197 -1184.4700 23.6200 5 3112 -1140.4299 344.6899
1.2270596137e+00 2.6157031617e-02 -2.7824082556e+00
216 184 160
2 4 3199 1259.2100 26.8900 5 3107 1278.8899 343.2900
-1.2515739514e+00 2.8576389900e-02 -2.9509428722e+00
125 101 75
2 4 3206 -1211.0300 27.6500 5 2251 -1165.8500 354.4000
9.3049252452e-01 2.9778194805e-02 -2.8842433990e+00
186 156 128
2 4 3212 920.7700 29.5601 5 2177 947.1299 320.0300
9.0435578780e-01 4.2310652250e-02 -2.8895272634e+00
240 211 188
2 4 3244 893.4399 41.8700 5 2205 919.2700 330.5100
-1.3545896015e+00 4.2524907466e-02 -2.8892412548e+00
131 89 47
2 4 3245 -1339.2300 42.0400 5 2358 -1288.3800 391.3401
-1.2967362842e+00 4.7248871473e-02 -2.9054473289e+00
172 134 95
2 4 3266 -1274.9000 46.4500 5 2349 -1224.3101 388.3600
9.1511368180e-01 4.9356038407e-02 -2.8840741804e+00
248 205 162
2 4 3273 905.7500 48.9301 5 3097 931.1101 338.5200
1.1972533956e+00 4.9213547379e-02 -2.7964943954e+00
190 174 175
2 4 3276 1222.5100 50.2900 5 2268 1240.9099 360.9900
-1.3494727337e+00 5.1353029293e-02 -2.8881220757e+00
235 193 151
2 4 3279 -1334.3700 50.7800 5 3270 -1283.0100 399.8101
1.1695277571e+00 5.1145976164e-02 -2.8106504324e+00
173 162 160
2 4 3284 1188.1799 52.0000 5 2262 1207.1299 358.5801
1.2352147014e+00 5.5026093687e-02 -2.7671942946e+00
227 191 159
2 4 3310 1274.8701 56.7900 5 3997 1291.3401 375.9399
-1.4320008363e+00 6.1746897471e-02 -2.8717489517e+00
213 174 132
2 4 3328 -1424.2600 61.4100 5 3343 -1370.2500 417.6100
1.2054248852e+00 7.0518533843e-02 -2.7809621551e+00
229 207 196
2 4 3363 1237.9600 72.4200 5 3234 1254.0300 386.4500
1.1680735872e+00 7.2144524362e-02 -2.7894212453e+00
250 232 229
2 4 3369 1195.7000 73.9000 5 3233 1213.2900 385.9299
1.4147576807e+00 6.9361312711e-02 -2.6411456882e+00
234 195 166
2 4 3373 1530.6201 74.8900 5 3400 1537.9199 432.5701
9.7934584981e-01 8.7251162278e-02 -2.8692267678e+00
244 225 218
2 4 3407 974.2500 86.9200 5 2314 996.3201 376.6799
1.2034405941e+00 9.1344007744e-02 -2.7771347611e+00
208 170 147
2 4 3434 1237.7500 93.9200 5 4088 1251.9700 407.5601
1.2165477504e+00 9.1743091878e-02 -2.7738680167e+00
252 218 196
2 4 3436 1252.6399 94.4500 5 3303 1266.5300 408.7800
9.7660422050e-01 9.7570418588e-02 -2.8645019110e+00
213 191 178
2 4 3449 973.1399 97.3500 5 3240 994.7100 387.8800
1.2136533427e+00 9.5757464492e-02 -2.7748390922e+00
254 225 201
2 4 3453 1248.9900 98.5800 5 3316 1263.1201 412.2700
1.1915422704e+00 9.6795628536e-02 -2.7793382150e+00
214 182 162
2 4 3456 1224.4500 99.4600 5 2438 1238.8101 412.2000
1.0343122815e+00 1.0382664999e-01 -2.8418357460e+00
209 195 194
2 4 3475 1040.2200 104.2500 5 2398 1057.2600 400.2500
-1.2447801411e+00 1.0800971710e-01 -2.8973722163e+00
212 181 150
2 4 3483 -1226.7000 106.4600 5 3452 -1169.9100 445.6200
-1.1982049484e+00 1.0896039357e-01 -2.8998655001e+00
205 181 154
2 4 3491 -1180.0000 107.3101 5 4199 -1123.0701 444.2600
-1.4708723624e+00 1.1057899265e-01 -2.8643633457e+00
218 179 136
2 4 3503 -1466.8600 110.2600 5 3509 -1405.5601 466.5701
8.2238045539e-01 1.1262862609e-01 -2.8719492804e+00
211 199 193
2 4 3508 817.5801 112.0300 5 2407 841.9399 403.1799
9.6202293963e-01 1.1263832807e-01 -2.8587909050e+00
183 164 157
2 4 3512 961.0701 112.5300 5 3291 981.1399 404.1599
8.8144496221e-01 1.1286642201e-01 -2.8668925853e+00
196 182 173
2 4 3513 878.1599 112.4301 5 3285 900.3101 403.6400
-1.3256591112e+00 1.1618695069e-01 -2.8815266980e+00
157 118 75
2 4 3518 -1314.0300 115.1600 5 3502 -1254.0800 461.2000
8.1681510860e-01 1.1615394975e-01 -2.8722482706e+00
170 161 156
2 4 3523 812.0801 115.5100 5 2425 836.1899 406.4500
-1.6148383032e+00 1.1743713059e-01 -2.9000240778e+00
140 91 48
2 4 3525 -1591.0100 115.6600 5 4227 -1529.6500 463.1400
-1.2944759317e+00 1.1726927661e-01 -2.8880172967e+00
200 161 115
2 4 3527 -1280.1600 115.9700 5 3494 -1220.8000 458.8900
-1.3011915288e+00 1.1795341401e-01 -2.8860283841e+00
156 114 72
2 4 3528 -1287.8300 116.7300 5 3498 -1227.9500 460.4299
-1.3426023466e+00 1.2164060348e-01 -2.8737279394e+00
214 175 134
2 4 3544 -1334.8201 120.9000 5 4240 -1272.8800 469.5801
9.7872836459e-01 1.2250171459e-01 -2.8480313062e+00
233 215 205
2 4 3552 981.3401 122.8600 5 4113 1000.6699 416.6400
-1.5485202812e+00 1.2496612392e-01 -2.8780986309e+00
134 95 62
2 4 3555 -1536.9500 124.0100 5 2640 -1474.1500 476.6400
-1.3406335949e+00 1.2511964677e-01 -2.8729162706e+00
170 131 90
2 4 3557 -1333.1000 124.3900 5 4244 -1270.9800 473.0500
8.5873142044e-01 1.3210866782e-01 -2.8489410961e+00
192 183 178
2 4 3588 860.9099 132.4301 5 3389 883.0200 428.3900
9.4950644547e-01 1.3778636405e-01 -2.8353370694e+00
182 167 168
2 4 3611 956.4299 138.7900 5 2519 975.6499 436.1599
9.7169396352e-01 1.4001871501e-01 -2.8293891005e+00
237 222 217
2 4 3622 980.4700 141.3800 5 3428 999.6399 439.8000
8.6152423679e-01 1.4316818435e-01 -2.8404677273e+00
204 191 181
2 4 3633 866.3301 143.9399 5 3432 887.8201 441.6000
-1.2520340468e+00 1.4605382667e-01 -2.8897484721e+00
240 199 153
2 4 3642 -1237.4900 144.3500 5 3539 -1175.1400 483.3000
8.8649575885e-01 1.4503182740e-01 -2.8360119520e+00
202 188 177
2 4 3649 893.2000 146.0000 5 3448 913.1201 444.3201
8.5214942511e-01 1.4520175530e-01 -2.8433133389e+00
185 172 163
2 4 3651 855.5200 145.9000 5 2543 878.2400 442.6200
-1.1991470840e+00 1.5224978728e-01 -2.8899994289e+00
194 160 122
2 4 3679 -1185.0900 150.4600 5 4259 -1122.6100 487.3900
9.9862358768e-01 1.5756534820e-01 -2.8252188874e+00
221 199 176
2 4 3720 1009.5200 159.2800 5 3481 1026.0000 456.8000
-1.5486400083e+00 1.6322644241e-01 -2.8748976872e+00
238 197 165
2 4 3740 -1539.0800 162.1600 5 3602 -1470.2100 512.8101
1.3897615187e+00 1.5704726017e-01 -2.6766280244e+00
186 165 154
2 4 3762 1483.5300 167.4800 5 3586 1483.2100 504.2600
-6.1175679079e-01 1.9334888875e-01 -2.8517884632e+00
231 213 183
2 4 3878 -612.3800 193.6200 5 3636 -553.5400 523.6599
5.6416775863e-02 2.1426631929e-01 -2.8248429617e+00
202 195 188
2 4 3963 57.6500 216.5801 5 3661 101.4900 535.0500
-1.8300354206e-02 2.1625852789e-01 -2.8255332105e+00
217 214 207
2 4 3968 -17.8500 218.5400 5 3670 28.0699 538.6799
-9.5827776241e-01 2.3644085598e-01 -2.8870475319e+00
201 168 123
2 4 4022 -947.7500 233.8900 5 3706 -880.7300 557.9399
-1.3251611048e+00 2.7171312501e-01 -2.9699116697e+00
215 165 110
2 4 4093 -1274.7200 261.3000 5 4430 -1201.6400 565.6599
-1.2602824905e+00 3.0480473904e-01 -2.9748872430e+00
181 131 80
2 4 4190 -1209.3700 292.6100 5 4460 -1136.0300 590.8000
-1.3989860158e+00 3.1563826456e-01 -2.9827699688e+00
199 151 103
2 4 4215 -1339.8700 302.2300 5 4477 -1261.4800 600.5500
-1.3707767472e+00 3.2132971121e-01 -2.9849388392e+00
229 179 131
2 4 4237 -1312.0800 307.4600 5 4479 -1233.3600 603.7900
-1.3935878187e+00 3.2708908382e-01 -2.9879880591e+00
187 145 118
2 4 4251 -1332.5100 312.6500 5 4484 -1252.9800 608.1200
-1.5166157817e+00 -1.4311910514e-01 -3.0160594191e+00
121 104 94
2 4 4341 -1435.7300 -135.5300 5 2917 -1416.6200 184.3800
-1.3856409500e+00 -6.7970761914e-02 -2.9047086308e+00
215 180 152
2 4 4419 -1361.9200 -66.8400 5 2975 -1327.2100 284.1899
-1.3581822188e+00 -5.2852406482e-02 -2.9175203915e+00
141 107 72
2 4 4455 -1329.4399 -51.7400 5 3876 -1292.4000 293.3700
1.3124592370e+00 -4.7249955364e-02 -2.7039806829e+00
153 129 117
2 4 4457 1386.0601 -49.8800 5 3010 1410.3999 297.1000
-1.4788000025e+00 -4.5181415449e-02 -2.8973461849e+00
142 98 65
2 4 4466 -1457.4600 -44.5400 5 3900 -1419.8101 310.3900
-1.4421105008e+00 -4.4203415604e-02 -2.8873472575e+00
211 176 148
2 4 4471 -1426.6799 -43.7200 5 3904 -1387.2000 313.5801
-1.3698482176e+00 -8.3545310104e-03 -2.8988658423e+00
197 158 125
2 4 4542 -1349.1200 -8.2400 5 3946 -1306.5000 341.3301
9.4285389215e-01 -7.2351361370e-03 -2.9098966896e+00
176 175 181
2 4 4544 925.0500 -7.0601 5 2962 952.2100 277.3700
9.7731862170e-01 -3.2501667302e-03 -2.8824397326e+00
161 143 137
2 4 4552 967.7800 -3.1500 5 2988 994.9399 288.8600
-1.3266879827e+00 1.5240915689e-02 -2.9103632683e+00
212 178 141
2 4 4630 -1301.6100 14.9500 5 3974 -1256.1600 358.0500
9.3207813278e-01 1.8112790088e-02 -2.8845769300e+00
229 203 180
2 4 4642 922.5400 17.9700 5 3895 948.8701 309.1400
-1.3701574514e+00 2.1377134577e-02 -2.8908487434e+00
210 168 128
2 4 4650 -1353.6700 21.1200 5 3187 -1305.9399 371.6400
1.2694999836e+00 2.3673925192e-02 -2.7036818410e+00
220 183 142
2 4 4661 1340.5000 25.0800 5 3985 1360.0300 367.9500
-1.2508712158e+00 2.5926776542e-02 -2.9561866922e+00
172 151 120
2 4 4662 -1208.1600 25.0400 5 3128 -1163.6100 350.2100
1.2274615627e+00 3.2098164784e-02 -2.7792433958e+00
204 172 147
2 4 4701 1261.1001 33.0200 5 3125 1280.2100 350.0400
-1.3228691689e+00 5.0063128727e-02 -2.8966030093e+00
140 102 63
2 4 4773 -1304.2600 49.3600 5 4049 -1253.4600 394.8500
-1.3139101069e+00 6.4330487097e-02 -2.8943873661e+00
212 174 135
2 4 4835 -1296.6100 63.4800 5 4091 -1243.6100 408.5100
-1.6326413575e+00 6.6428415705e-02 -2.9085961485e+00
196 150 111
2 4 4839 -1603.4800 65.2300 5 3331 -1550.5200 413.8800
8.7221880581e-01 1.1064957857e-01 -2.8697098058e+00
202 185 175
2 4 5036 868.0601 110.1200 5 3275 890.6599 400.8500
8.8867935710e-01 1.1150906356e-01 -2.8691360057e+00
225 210 205
2 4 5040 884.0901 111.0601 5 4069 907.2600 401.3600
1.1786776590e+00 1.0949395030e-01 -2.7794445039e+00
255 227 209
2 4 5046 1210.9900 112.5300 5 4137 1225.1799 424.4399
-1.5595070781e+00 1.2719464954e-01 -2.8806873333e+00
214 175 142
2 4 5110 -1545.6899 126.1000 5 4248 -1484.2400 478.1100
-1.3344129377e+00 1.3214117319e-01 -2.8726852538e+00
174 132 91
2 4 5131 -1326.9800 131.3800 5 4250 -1264.1200 479.4099
9.9649128683e-01 1.4986354338e-01 -2.8263100061e+00
202 182 164
2 4 5211 1006.7800 151.4600 5 4205 1024.1899 449.3500
6.0364525726e-02 2.1661797794e-01 -2.8234451005e+00
232 226 219
2 4 5541 61.1300 219.1100 5 3669 106.0300 537.6000
-1.5038426489e-01 2.4218132932e-01 -2.8206420140e+00
219 203 178
2 4 5628 -151.7500 245.1799 5 4434 -100.9600 568.0300
-1.4001718959e+00 2.8967135211e-01 -2.9756128304e+00
235 185 136
2 4 5735 -1344.5601 278.0400 5 4450 -1268.0100 580.9600
