# Bundle file v0.3
39 735
0 0 0
0 0 0
0 0 0
0 0 0
0 0 0
0 0 0
0 0 0
0 0 0
0 0 0
0 0 0
0 0 0
0 0 0
0 0 0
0 0 0
0 0 0
0 0 0
0 0 0
0 0 0
0 0 0
0 0 0
2.8500367512e+03 -8.4134151509e-03 -5.1217414896e-02
9.9996316182e-01 -3.0673614883e-04 8.5779319538e-03
3.3883062843e-04 9.9999294760e-01 -3.7403142272e-03
-8.5767241692e-03 3.7430829069e-03 9.9995621361e-01
2.7833895135e-02 -1.0618844577e-02 1.4222059249e-02
2.8596798421e+03 -1.0573053899e-02 -5.2327981920e-02
9.9944762432e-01 1.9024987128e-02 2.7248781809e-02
-2.4869854543e-02 9.7203337837e-01 2.3352216527e-01
-2.2043969249e-02 -2.3407084654e-01 9.7196959943e-01
1.2311624988e-01 9.9707403078e-01 -1.0036853831e-01
0 0 0
0 0 0
0 0 0
0 0 0
0 0 0
0 0 0
0 0 0
0 0 0
0 0 0
0 0 0
0 0 0
0 0 0
0 0 0
0 0 0
0 0 0
0 0 0
0 0 0
0 0 0
0 0 0
0 0 0
0 0 0
0 0 0
0 0 0
0 0 0
0 0 0
0 0 0
0 0 0
0 0 0
0 0 0
0 0 0
0 0 0
0 0 0
0 0 0
0 0 0
0 0 0
0 0 0
0 0 0
0 0 0
0 0 0
0 0 0
0 0 0
0 0 0
0 0 0
0 0 0
0 0 0
0 0 0
0 0 0
0 0 0
0 0 0
0 0 0
0 0 0
0 0 0
0 0 0
0 0 0
0 0 0
0 0 0
0 0 0
0 0 0
0 0 0
0 0 0
0 0 0
0 0 0
0 0 0
0 0 0
0 0 0
0 0 0
0 0 0
0 0 0
0 0 0
0 0 0
0 0 0
0 0 0
0 0 0
0 0 0
0 0 0
0 0 0
0 0 0
0 0 0
0 0 0
0 0 0
0 0 0
0 0 0
0 0 0
0 0 0
0 0 0
0 0 0
0 0 0
0 0 0
0 0 0
0 0 0
0 0 0
0 0 0
0 0 0
0 0 0
0 0 0
0 0 0
0 0 0
0 0 0
0 0 0
0 0 0
0 0 0
0 0 0
0 0 0
0 0 0
0 0 0
0 0 0
0 0 0
0 0 0
0 0 0
0 0 0
0 0 0
0 0 0
0 0 0
0 0 0
0 0 0
0 0 0
0 0 0
0 0 0
0 0 0
0 0 0
0 0 0
0 0 0
0 0 0
0 0 0
0 0 0
0 0 0
0 0 0
0 0 0
0 0 0
0 0 0
0 0 0
0 0 0
0 0 0
0 0 0
0 0 0
0 0 0
0 0 0
0 0 0
0 0 0
0 0 0
0 0 0
0 0 0
0 0 0
0 0 0
0 0 0
0 0 0
0 0 0
0 0 0
0 0 0
0 0 0
0 0 0
0 0 0
0 0 0
0 0 0
0 0 0
0 0 0
0 0 0
0 0 0
0 0 0
0 0 0
0 0 0
0 0 0
0 0 0
0 0 0
0 0 0
-1.3530857234e+00 3.5206343550e-01 -2.9959477640e+00
227 179 131
2 4 170 -1290.9399 336.6300 5 320 -1210.9600 625.0500
1.2839939618e+00 8.0586521911e-02 -2.6915918928e+00
223 185 146
2 4 80 1359.6201 84.9700 5 101 1372.8799 426.7000
-1.4202895688e+00 3.4719024931e-01 -2.9761895136e+00
193 149 110
2 4 270 -1364.0701 333.9199 5 562 -1280.1700 630.3401
-1.3903294373e+00 2.6782196813e-01 -2.9683746428e+00
250 200 147
2 4 160 -1338.3900 258.3201 5 309 -1265.4100 564.4299
1.2414687131e+00 9.0784233621e-02 -2.7569032138e+00
239 201 164
2 4 210 1284.4900 93.7400 5 249 1297.9600 413.0100
-1.4153647052e+00 3.0487926172e-01 -2.9740116065e+00
215 168 126
2 4 468 -1360.1200 293.4600 5 892 -1281.8300 594.7700
-1.4153647052e+00 3.0487926172e-01 -2.9740116065e+00
215 168 126
2 4 469 -1360.1200 293.4600 5 893 -1281.8300 594.7700
-1.4394976847e+00 2.5536064752e-01 -2.9573407841e+00
226 175 129
2 4 256 -1390.7400 247.0701 5 550 -1316.9000 558.9299
1.2825434699e+00 1.0382284989e-01 -2.7003897987e+00
255 227 192
2 4 215 1354.4399 109.0800 5 491 1363.9600 445.6400
-1.3644170012e+00 2.7442846713e-01 -2.9696135300e+00
248 197 142
2 4 714 -1313.5100 264.6500 5 1325 -1239.4600 569.0601
1.1313546854e+00 1.3703413792e-01 -2.8105625330e+00
255 231 198
2 4 627 1149.4900 139.1400 5 1194 1163.5901 439.5200
-1.1926906600e+00 1.9763144740e-01 -2.8950986608e+00
190 142 96
2 4 1069 -1177.8201 195.4700 5 1298 -1110.8000 526.9800
1.2737501246e+00 7.0873915866e-02 -2.7018401343e+00
247 211 177
2 4 340 1344.3799 74.4200 5 470 1357.9900 413.7900
-1.2960993145e+00 1.0208484039e-01 -2.8892836249e+00
180 141 98
2 4 357 -1281.9100 100.9600 5 494 -1224.5300 444.9000
-1.3794986472e+00 3.7348678310e-03 -2.8896060619e+00
245 207 170
2 4 530 -1363.3700 3.4200 5 425 -1318.4200 355.9199
-1.2935526537e+00 3.1192341026e-01 -2.9769281535e+00
171 123 74
2 4 1868 -1242.9299 300.2500 5 2859 -1166.0500 597.0000
-1.4266691525e+00 3.2079467769e-01 -2.9727877554e+00
192 148 113
2 4 1195 -1371.2600 308.8600 5 1344 -1291.0400 609.2600
-1.4033136235e+00 2.7241674804e-01 -2.9690313449e+00
200 148 101
2 4 1807 -1350.7700 262.6699 5 2831 -1276.4900 568.4000
1.2195580060e+00 1.2100070023e-01 -2.7738941278e+00
252 215 186
2 4 986 1254.5100 124.2300 5 1177 1265.9900 435.6699
1.2231672400e+00 1.0692291975e-01 -2.7694613087e+00
255 219 193
2 4 609 1260.3301 109.9301 5 1159 1272.6101 424.0701
-1.3640218109e+00 1.7123089654e-01 -2.8789844238e+00
194 147 95
2 4 1643 -1353.4299 169.9800 5 2732 -1286.1600 513.4800
-1.5453570763e+00 1.4981782829e-01 -2.8709554504e+00
229 190 157
2 4 634 -1535.1300 148.7400 5 840 -1468.6100 501.0801
-1.3989472377e+00 3.9439295715e-02 -2.8812967273e+00
164 122 82
2 4 547 -1386.3300 38.8600 5 729 -1336.4000 392.5000
-1.4084581165e+00 3.3662150029e-02 -2.8806717171e+00
212 173 134
2 4 323 -1395.9600 33.1200 5 449 -1346.7400 387.5801
-1.4536201967e+00 3.6224279001e-03 -2.8803803469e+00
118 75 40
2 4 531 -1440.5300 3.2600 5 698 -1395.0000 360.7200
-1.3909117608e+00 -2.7835558590e-02 -2.8929400435e+00
158 119 88
2 4 519 -1373.0500 -27.8101 5 664 -1332.2000 325.5701
-1.3557521040e+00 -7.1215560765e-02 -2.9283881738e+00
161 120 81
2 4 792 -1322.7400 -69.7500 5 956 -1288.7200 272.5801
-1.4159559173e+00 -4.5631477953e-02 -2.8906699312e+00
228 193 163
2 4 509 -1398.4500 -45.4600 5 646 -1360.2300 310.2700
1.1951507456e+00 2.3652354955e-01 -2.8608563215e+00
221 183 150
2 4 1767 1191.8501 235.7700 5 2712 1195.6499 508.4900
-1.3012549528e+00 2.9440043641e-01 -2.9713647852e+00
236 188 134
2 4 2865 -1252.3500 283.8800 5 3727 -1177.3700 584.3101
-1.3775453254e+00 2.8234710528e-01 -2.9737410083e+00
232 182 133
2 4 1829 -1324.0500 271.8900 5 1990 -1249.5000 574.6000
1.1356768092e+00 1.4437151070e-01 -2.8111459932e+00
201 167 132
2 4 1579 1153.9900 146.4900 5 1760 1166.5200 445.9399
1.2713411877e+00 1.1951519246e-01 -2.7202286782e+00
255 216 173
2 4 985 1332.3999 124.8600 5 1218 1342.2800 453.1799
1.2636056036e+00 8.4352491772e-02 -2.7131548754e+00
255 231 204
2 4 928 1328.3401 88.2800 5 1157 1341.0100 422.7300
1.2628756423e+00 7.8660168403e-02 -2.7162853954e+00
171 127 94
2 4 1459 1325.7900 82.2700 5 1656 1339.5801 416.1100
-1.5146766282e+00 1.7114918236e-01 -2.8738179423e+00
100 55 15
2 4 1644 -1503.8199 169.8900 5 1899 -1434.4700 518.7000
-1.3429854456e+00 1.5238322626e-01 -2.8747334573e+00
229 184 138
2 4 2498 -1335.0601 151.4800 5 2681 -1269.2700 497.4700
-1.3096391818e+00 1.4040490625e-01 -2.8807525565e+00
217 175 132
2 4 1005 -1299.2300 139.3199 5 1256 -1236.1300 483.4700
-1.4293489086e+00 6.7926292959e-02 -2.8717692820e+00
254 216 175
2 4 907 -1420.9500 67.3199 5 763 -1366.3300 423.0400
-1.3090627130e+00 -3.3071505044e-02 -2.9493781513e+00
91 55 21
2 4 1274 -1268.5400 -32.1500 5 1430 -1230.6899 300.0601
-1.4372571236e+00 1.2200688986e-02 -2.8811702526e+00
177 137 103
2 4 533 -1424.4399 11.7900 5 706 -1377.1300 368.0200
-1.3435710451e+00 -6.7769383200e-02 -2.9281372981e+00
178 139 103
2 4 1250 -1311.0100 -66.3900 5 1404 -1276.5400 275.5901
-1.3668849161e+00 3.3421789460e-01 -2.9877319365e+00
124 80 36
2 4 1896 -1308.0800 320.4000 5 2874 -1228.1500 613.3800
-1.3849964654e+00 3.2949366942e-01 -2.9843866395e+00
213 171 137
2 4 2928 -1326.8700 316.1699 5 2870 -1246.5701 611.0601
-1.4119695816e+00 3.2816576119e-01 -2.9780719534e+00
139 95 58
2 4 1887 -1355.0400 315.4600 5 2873 -1274.3500 613.1100
-1.3625402432e+00 3.0234553409e-01 -2.9787253235e+00
181 131 82
2 4 2877 -1307.6300 290.7100 5 3736 -1231.2700 589.5701
1.2284803251e+00 1.1978779615e-01 -2.7730543537e+00
201 158 124
2 4 2407 1264.0601 122.9900 5 2515 1275.0100 434.5701
1.2182558519e+00 1.1566938105e-01 -2.7758100996e+00
244 207 180
2 4 2395 1252.2500 118.7000 5 2498 1264.3999 430.0100
1.2492491450e+00 1.2203903327e-01 -2.7587527186e+00
205 163 123
2 4 2415 1291.5000 125.8900 5 3431 1301.8799 441.4199
1.2753361163e+00 9.3272723264e-02 -2.7062531058e+00
223 189 154
2 4 1486 1343.4600 97.8800 5 2511 1355.5701 433.5000
-1.2016204371e+00 1.5593106407e-01 -2.8903636144e+00
231 192 152
2 4 1028 -1188.5500 154.4100 5 1267 -1125.6500 491.3500
1.2572984257e+00 6.5069570810e-02 -2.7220829044e+00
240 206 169
2 4 1421 1317.1699 67.9399 5 1622 1332.5901 401.1100
-1.3156421124e+00 1.4431152901e-01 -2.8790944759e+00
173 129 82
2 4 2457 -1305.7300 143.2700 5 2664 -1242.3000 487.8401
-1.5147851517e+00 6.4683687728e-02 -2.8753603540e+00
248 208 173
2 4 901 -1503.0500 63.9399 5 1153 -1448.7100 420.5801
-1.3122685158e+00 -2.5878292054e-02 -2.9487040790e+00
223 189 154
2 4 2048 -1272.1500 -25.1700 5 2158 -1232.9800 306.9399
-1.3703079343e+00 -3.3340297112e-03 -2.8994852056e+00
148 109 76
2 4 835 -1349.9500 -3.5300 5 1487 -1306.1600 345.6899
-1.4654711384e+00 -3.1307277974e-03 -2.8809218887e+00
178 138 102
2 4 1307 -1451.6300 -3.4500 5 1507 -1407.5400 354.5300
-1.4525573946e+00 -2.1420531533e-02 -2.8828423080e+00
144 105 74
2 4 1286 -1438.6500 -21.5800 5 1025 -1395.8400 336.3700
-1.4032675149e+00 2.6165293963e-01 -2.9663588743e+00
159 106 62
2 4 2792 -1351.9200 252.5100 5 2821 -1278.7600 560.0901
-1.3933827790e+00 2.5468110200e-01 -2.9697000228e+00
167 115 66
2 4 2769 -1340.9100 245.5400 5 2814 -1269.1700 552.4900
1.2135995762e+00 1.1731991155e-01 -2.7754199191e+00
194 155 124
2 4 2401 1247.7400 120.4100 5 2504 1259.8799 431.8500
-1.2128269219e+00 1.8120271801e-01 -2.8905398232e+00
223 177 128
2 4 2593 -1199.2100 179.4399 5 3606 -1134.0000 514.4900
-1.1285845408e+00 1.6567864399e-01 -2.8871803082e+00
208 173 131
2 4 2549 -1118.0200 164.3300 5 2689 -1054.1000 499.6300
-1.2341999064e+00 1.5178600828e-01 -2.8901530413e+00
201 156 113
2 4 1591 -1220.5500 150.2700 5 1849 -1158.1200 488.4700
-1.3525852728e+00 1.6320844934e-01 -2.8766090971e+00
171 125 76
2 4 2540 -1343.6600 162.1500 5 3590 -1276.5601 506.8101
-1.5122911317e+00 1.7554440871e-01 -2.8746709961e+00
232 184 144
2 4 3803 -1501.0500 174.2200 5 3633 -1431.1799 522.3000
-1.3491518655e+00 1.5969825090e-01 -2.8776055898e+00
234 187 141
2 4 2529 -1339.1500 158.6000 5 3583 -1273.9399 503.2500
-1.3478195875e+00 1.5452151776e-01 -2.8739198883e+00
155 111 66
2 4 2501 -1340.0000 153.6400 5 3574 -1274.2400 499.8800
-1.5289183001e+00 1.6269772227e-01 -2.8707533802e+00
189 147 112
2 4 2539 -1519.3101 161.6100 5 2727 -1450.8101 512.5300
-1.4015057298e+00 1.0537186221e-01 -2.8679315749e+00
173 129 90
2 4 2355 -1395.1200 104.7900 5 2593 -1336.0100 458.4700
-1.4404344108e+00 6.4839287420e-02 -2.8720077894e+00
228 189 150
2 4 2231 -1431.8101 64.2300 5 2464 -1377.4299 420.3301
-1.1225415945e+00 1.6992875661e-01 -2.8865397913e+00
244 207 165
2 4 3766 -1112.2200 168.5900 5 3581 -1048.0300 503.6000
-1.3840144134e+00 7.5491817156e-03 -2.8885896752e+00
204 164 128
2 4 3148 -1368.6000 7.2000 5 3151 -1322.4600 359.8800
1.2616271932e+00 4.0987238418e-02 -2.7156316632e+00
237 204 173
2 4 51 1324.9800 42.8400 5 64 1342.1001 380.2700
7.6554875884e-01 2.2540996089e-02 -2.9559907182e+00
7 9 8
2 4 2 741.3201 22.5000 5 4 771.0100 295.2000
-1.5755563760e+00 1.5041291372e-02 -2.8652834025e+00
189 149 113
2 4 12 -1567.5800 14.5601 5 10 -1519.9301 379.4199
-1.4406797575e+00 2.5666832606e-02 -2.8754461165e+00
192 153 115
2 4 17 -1430.6200 25.1899 5 25 -1381.1300 382.6699
-1.3637653975e+00 1.0095855487e-01 -2.8749142108e+00
178 139 96
2 4 19 -1355.2100 100.2200 5 29 -1296.1899 450.8101
-1.4202386041e+00 7.6009719759e-02 -2.8679077098e+00
242 200 160
2 4 26 -1413.8101 75.4700 5 34 -1358.0000 431.7600
8.4409605904e-01 7.1081736306e-02 -2.9066706501e+00
251 230 205
2 4 35 832.3201 70.2500 5 46 856.3799 353.3301
-1.4406563691e+00 4.3856153899e-02 -2.8725330681e+00
167 127 91
2 4 53 -1431.8300 43.3199 5 96 -1380.1400 400.6699
1.2772579475e+00 4.3341810308e-02 -2.6963282536e+00
202 164 126
2 4 54 1351.1799 45.4800 5 65 1366.5100 389.2200
1.2664483722e+00 9.0980988768e-02 -2.7114954341e+00
255 223 193
2 4 57 1331.7100 95.3199 5 70 1344.3899 429.5901
-1.6266976203e+00 1.2988955237e-01 -2.8945896761e+00
16 18 13
2 4 59 -1601.1200 127.7900 5 76 -1539.5000 475.5200
-1.3018736200e+00 -5.8945017448e-02 -2.9562223103e+00
6 8 5
2 4 73 -1259.0701 -57.1100 5 87 -1223.8300 273.8000
1.2842435042e+00 -3.6229176293e-04 -2.6909938653e+00
214 188 164
2 4 75 1360.7000 -0.5400 5 91 1380.9399 348.4600
-1.5241179451e+00 8.0965054070e-03 -2.8955029442e+00
168 125 91
2 4 76 -1501.7000 7.6899 5 92 -1456.7400 361.1799
-1.4636198327e+00 6.2576547331e-02 -2.8710951435e+00
239 203 167
2 4 78 -1455.0200 61.9700 5 99 -1400.8700 419.0901
-1.6201110839e+00 6.9483875529e-02 -2.8997768543e+00
206 159 113
2 4 79 -1592.6000 68.1100 5 100 -1538.8800 418.2600
1.0107117302e+00 9.1740643169e-02 -2.8574168684e+00
254 236 226
2 4 81 1011.7300 91.9100 5 95 1031.7900 384.4700
-1.1036123455e+00 2.1685657449e-01 -2.8979578664e+00
228 187 136
2 4 92 -1088.5901 214.4000 5 171 -1021.9100 541.0200
-1.3484415661e+00 3.2171640958e-01 -2.9842246636e+00
237 189 140
2 4 94 -1291.7300 308.8101 5 173 -1214.0500 603.7400
-1.3638901923e+00 -6.7506564097e-02 -2.9175461144e+00
118 85 54
2 4 102 -1335.2700 -66.4100 5 122 -1300.7600 279.7400
-1.3008285157e+00 -2.4453514244e-02 -2.9480083788e+00
213 178 138
2 4 105 -1261.5400 -23.7900 5 127 -1221.8700 308.1899
-1.4033816765e+00 -2.0308152903e-02 -2.8881143744e+00
226 190 158
2 4 107 -1387.2100 -20.4200 5 133 -1345.8201 334.5901
-1.2635842883e+00 -6.1456116548e-04 -2.9623419817e+00
6 7 3
2 4 108 -1219.3700 -0.5699 5 129 -1178.3800 324.4900
-1.4087175626e+00 1.5037469402e-02 -2.8821183854e+00
168 129 98
2 4 109 -1396.0400 14.6200 5 138 -1348.2800 369.6699
1.4290886109e+00 4.7362144724e-02 -2.6385325750e+00
195 151 119
2 4 113 1539.5901 50.5699 5 247 1550.0601 409.8000
9.3822763876e-01 9.3480627680e-02 -2.8772484082e+00
208 190 178
2 4 118 932.1399 93.2400 5 94 956.3501 381.1200
-1.5694244239e+00 9.8992659754e-02 -2.8812158178e+00
227 185 143
2 4 119 -1553.3300 97.8000 5 153 -1494.3600 451.1400
1.0136977424e+00 1.0831052538e-01 -2.8476943593e+00
210 196 193
2 4 124 1017.9900 108.8000 5 144 1037.3799 403.0500
-1.4339442591e+00 1.1716403950e-01 -2.8649837838e+00
211 168 125
2 4 125 -1429.1799 116.6300 5 159 -1366.8000 471.0701
-1.3292194440e+00 1.2383685636e-01 -2.8784510164e+00
197 158 117
2 4 127 -1318.8101 122.9000 5 157 -1258.9000 469.7800
-1.3022331110e+00 1.2868613392e-01 -2.8829884720e+00
158 116 76
2 4 128 -1291.1799 127.5900 5 158 -1229.2300 471.7000
-1.3690308243e+00 1.3213437247e-01 -2.8682205088e+00
207 164 121
2 4 131 -1363.3700 131.5400 5 160 -1300.2300 482.1500
-1.1148505000e+00 1.5123241031e-01 -2.8906034868e+00
234 205 173
2 4 139 -1102.3201 149.8101 5 161 -1041.9600 484.9600
7.0915196870e-01 1.5192789604e-01 -2.8582965066e+00
194 189 189
2 4 141 711.5200 152.2000 5 105 738.2300 447.9900
-9.0049658118e-01 1.5917989243e-01 -2.8831501856e+00
191 171 146
2 4 142 -892.6800 158.2300 5 165 -833.4100 489.6500
-1.5737182068e+00 1.7302945086e-01 -2.8792752080e+00
223 183 147
2 4 145 -1558.6899 171.3199 5 289 -1488.6700 519.4199
-5.3177707953e-01 1.8968719176e-01 -2.8532558761e+00
214 202 178
2 4 146 -530.9700 190.5601 5 168 -474.7000 519.5100
-1.4692805220e+00 2.5874537267e-01 -2.9584098406e+00
167 114 72
2 4 157 -1418.4100 250.1799 5 310 -1344.3101 562.1300
-1.2613358064e+00 2.6454191512e-01 -2.9536412338e+00
167 120 68
2 4 159 -1220.6799 256.6200 5 311 -1149.8201 564.6300
-1.3166350912e+00 2.7933604296e-01 -2.9661131121e+00
253 204 148
2 4 163 -1270.0200 269.8000 5 313 -1194.5701 573.5701
-1.3959679961e+00 -8.6529788343e-02 -2.9133790109e+00
140 106 81
2 4 175 -1368.2100 -85.2000 5 202 -1336.4000 264.0300
-1.3959679961e+00 -8.6529788343e-02 -2.9133790109e+00
140 106 81
2 4 176 -1368.2100 -85.2000 5 203 -1336.4000 264.0300
-1.3789344362e+00 -7.2007328284e-02 -2.9089830702e+00
205 174 145
2 4 178 -1353.8700 -71.0601 5 208 -1319.4600 278.6300
-1.4015463794e+00 -6.3552528902e-02 -2.8986949717e+00
168 133 104
2 4 181 -1380.4100 -63.0000 5 126 -1345.1400 290.4800
-1.3626879689e+00 -5.2043280474e-02 -2.9119122450e+00
196 162 127
2 4 183 -1337.2300 -51.3500 5 210 -1299.3600 295.9000
1.2970337283e+00 -4.3715882544e-02 -2.7075905749e+00
204 186 182
2 4 184 1365.2000 -45.9100 5 213 1389.9500 299.7800
1.2970337283e+00 -4.3715882544e-02 -2.7075905749e+00
204 186 182
2 4 185 1365.2000 -45.9100 5 214 1389.9500 299.7800
-1.3913238348e+00 -4.3679275598e-02 -2.8941048443e+00
230 194 160
2 4 186 -1373.1300 -43.4600 5 216 -1333.9100 310.3201
-1.5832501019e+00 -1.1781257692e-02 -2.9197009968e+00
138 99 66
2 4 189 -1546.6300 -11.7600 5 222 -1505.5900 335.7300
-1.5832501019e+00 -1.1781257692e-02 -2.9197009968e+00
138 99 66
2 4 190 -1546.6300 -11.7600 5 223 -1505.5900 335.7300
-1.3821132654e+00 -8.9445034933e-03 -2.8935150793e+00
162 123 89
2 4 192 -1364.4800 -9.1100 5 228 -1320.6300 342.7600
1.2979241131e+00 -6.0726471997e-04 -2.6761241576e+00
194 163 142
2 4 194 1382.4700 -0.8500 5 229 1402.4199 353.1799
9.1843426995e-01 5.5114031914e-02 -2.8851557212e+00
205 157 109
2 4 203 911.2500 54.9500 5 419 935.7400 343.9399
1.4144747841e+00 5.4634964850e-02 -2.6386528374e+00
250 223 215
2 4 204 1524.2400 58.3900 5 250 1534.4500 417.4199
-1.4290563661e+00 6.2505654784e-02 -2.8745882945e+00
236 197 156
2 4 205 -1419.3900 61.8700 5 253 -1365.4700 416.9600
1.2050629790e+00 7.7024474467e-02 -2.7778443470e+00
255 233 221
2 4 208 1237.6799 79.1000 5 242 1254.3101 393.4800
1.2611571366e+00 8.9237889711e-02 -2.7187365993e+00
250 216 186
2 4 209 1323.1001 93.2300 5 477 1335.3899 425.3401
-1.5080163008e+00 9.7359720283e-02 -2.8716821244e+00
254 219 179
2 4 212 -1498.3000 96.5500 5 268 -1439.2400 451.9500
9.4896351179e-01 1.0312915721e-01 -2.8674536989e+00
235 218 210
2 4 213 946.6699 103.0400 5 140 968.7400 393.1200
1.2825434699e+00 1.0382284989e-01 -2.7003897987e+00
255 227 192
2 4 214 1354.4399 109.0800 5 490 1363.9600 445.6400
-1.5572705257e+00 1.1676793871e-01 -2.8809626933e+00
117 81 51
2 4 216 -1541.8199 115.4600 5 272 -1480.0000 467.2300
1.2080748438e+00 1.1838401769e-01 -2.7764821859e+00
238 199 168
2 4 219 1241.6399 121.4700 5 262 1253.9700 432.6200
9.9632862370e-01 1.2136798136e-01 -2.8429041159e+00
237 218 203
2 4 220 1002.6499 122.0500 5 251 1021.3601 417.3000
9.9632862370e-01 1.2136798136e-01 -2.8429041159e+00
237 218 203
2 4 221 1002.6499 122.0500 5 252 1021.3601 417.3000
8.1762111315e-01 1.3025905059e-01 -2.8614640389e+00
224 216 214
2 4 222 819.0200 130.3000 5 255 842.3899 423.9299
-1.4304956130e+00 -8.6188781954e-02 -2.9105548442e+00
115 84 63
2 4 277 -1403.4500 -84.9399 5 204 -1371.0500 266.0000
-1.3537144692e+00 -5.5223832667e-02 -2.9240540864e+00
115 80 48
2 4 283 -1322.9100 -54.2100 5 386 -1286.2900 288.7900
-1.4272430559e+00 -2.9126594686e-02 -2.8833838338e+00
255 223 189
2 4 290 -1413.2800 -29.2200 5 221 -1372.0100 328.4299
-1.5367439094e+00 -2.7821732640e-02 -2.9069388471e+00
124 81 47
2 4 291 -1508.4700 -27.6200 5 409 -1468.4500 324.1200
-1.3214268896e+00 -1.8497208828e-02 -2.9365138770e+00
145 111 76
2 4 293 -1286.3101 -18.1200 5 404 -1245.4900 317.9500
-1.5633758615e+00 -6.3527121651e-03 -2.9084880125e+00
223 183 148
2 4 295 -1532.9600 -6.5100 5 420 -1491.0900 344.1799
1.3091648114e+00 -1.4630419673e-03 -2.6731765877e+00
238 222 223
2 4 296 1395.3401 -1.7200 5 424 1415.7600 353.0300
-1.2775678234e+00 2.2363867992e-04 -2.9546576129e+00
193 161 123
2 4 298 -1235.9900 0.2100 5 413 -1194.4900 328.1300
9.3073932715e-01 8.8959148857e-03 -2.8921240872e+00
187 172 169
2 4 301 921.1899 9.2400 5 215 947.7100 298.8201
-1.2805000386e+00 1.1141454329e-02 -2.9440011998e+00
130 99 68
2 4 304 -1243.5000 10.8000 5 226 -1199.6700 341.7200
-1.2639675636e+00 1.3335935666e-02 -2.9517829738e+00
182 156 123
2 4 306 -1224.5500 12.9399 5 418 -1180.4299 340.6799
-1.3710723804e+00 1.4730065613e-02 -2.8910033861e+00
150 111 72
2 4 307 -1354.8800 14.3199 5 430 -1307.7900 365.4000
-1.4607055934e+00 2.1430745254e-02 -2.8765568238e+00
153 108 75
2 4 311 -1448.6300 20.9500 5 441 -1401.9700 378.9500
-1.5036002643e+00 2.1197864850e-02 -2.8826581182e+00
211 169 132
2 4 312 -1488.1799 20.6801 5 438 -1440.7200 377.4199
1.2739938349e+00 2.6169946677e-02 -2.6986461878e+00
179 137 86
2 4 316 1345.9600 27.4600 5 431 1364.4700 371.8101
-1.4084581165e+00 3.3662150029e-02 -2.8806717171e+00
212 173 134
2 4 324 -1395.9600 33.1200 5 450 -1346.7400 387.5801
-1.5591705797e+00 3.9335085546e-02 -2.8922054341e+00
70 29 0
2 4 326 -1537.7500 38.5400 5 456 -1487.6700 391.9700
-1.3567279259e+00 4.7211169300e-02 -2.8862423723e+00
235 192 149
2 4 327 -1342.6700 46.5500 5 457 -1291.9000 396.9299
1.3897118496e+00 4.6981884624e-02 -2.6364554366e+00
211 178 159
2 4 329 1499.7800 50.1899 5 469 1511.3601 411.6699
-1.5551179461e+00 5.0474097574e-02 -2.8868603434e+00
239 200 163
2 4 330 -1536.3600 49.6200 5 461 -1484.8500 404.1300
-1.6018647151e+00 5.3642024634e-02 -2.8986866449e+00
166 122 83
2 4 335 -1575.0300 52.5400 5 742 -1524.6200 403.8301
-1.5680659239e+00 6.0005853315e-02 -2.8864761835e+00
194 152 114
2 4 339 -1549.3101 59.0500 5 472 -1496.0900 413.3101
1.3247858359e+00 7.5461899125e-02 -2.6543810649e+00
238 213 193
2 4 345 1422.2000 80.3800 5 777 1432.6899 434.8600
1.1439896496e+00 8.0088165296e-02 -2.7983100728e+00
236 214 196
2 4 346 1168.0000 81.6600 5 455 1184.7400 390.8500
9.6672067246e-01 8.4866513906e-02 -2.8730845216e+00
200 178 165
2 4 349 962.6399 84.6801 5 231 984.5400 373.9399
1.2308774499e+00 9.0254212471e-02 -2.7607984482e+00
233 194 163
2 4 353 1272.1399 93.0601 5 752 1285.6001 411.4099
1.2083090777e+00 9.0912072503e-02 -2.7769520226e+00
214 177 154
2 4 354 1241.7300 93.3000 5 463 1256.3000 406.7500
1.1573524377e+00 9.1993559955e-02 -2.7851894816e+00
252 222 197
2 4 355 1186.5901 94.2100 5 462 1202.8999 406.3401
1.0489425869e+00 9.6564716798e-02 -2.8454343448e+00
189 181 179
2 4 356 1053.0500 97.1801 5 241 1073.7300 391.9800
1.2280709771e+00 1.0105869964e-01 -2.7669799422e+00
253 217 192
2 4 358 1266.3201 104.0000 5 756 1279.1699 419.3401
1.2056056103e+00 1.0382717638e-01 -2.7768214044e+00
255 231 207
2 4 362 1239.1201 106.5300 5 474 1252.5400 418.9800
8.7658223619e-01 1.0901919433e-01 -2.8718556142e+00
230 216 205
2 4 363 874.3101 108.7200 5 458 896.8899 399.0701
7.9286967931e-01 1.1889441976e-01 -2.8724991651e+00
229 224 222
2 4 367 791.5400 118.5300 5 466 815.5701 410.2800
1.2836131445e+00 1.1659549619e-01 -2.7030212741e+00
209 166 130
2 4 370 1353.6699 122.4800 5 807 1363.0300 456.7400
-1.3826533126e+00 1.2675980338e-01 -2.8657949746e+00
240 197 154
2 4 372 -1377.6899 126.2500 5 516 -1315.5000 478.5100
8.5440736029e-01 1.2741198142e-01 -2.8591487572e+00
177 160 150
2 4 374 856.3601 127.5200 5 254 878.5601 421.1100
-1.1945748428e+00 1.4898564252e-01 -2.8901272873e+00
216 182 144
2 4 382 -1181.6500 147.5400 5 830 -1119.6799 484.9700
-1.2850606133e+00 1.6012425586e-01 -2.8871833192e+00
194 150 105
2 4 388 -1272.1000 158.6300 5 523 -1207.5300 498.3600
-1.1336759539e+00 1.6316025715e-01 -2.8885301938e+00
217 182 144
2 4 392 -1122.4000 161.7500 5 522 -1059.0400 496.9600
9.1274593530e-01 1.6696818283e-01 -2.8339046970e+00
224 189 151
2 4 397 922.4800 168.3600 5 813 940.9700 464.9299
-8.4516700346e-01 1.7475576707e-01 -2.8723116263e+00
195 174 145
2 4 403 -840.6600 174.3700 5 528 -780.5500 506.6699
-5.1927248822e-02 2.1391133038e-01 -2.8306233826e+00
223 216 210
2 4 427 -49.2200 216.5200 5 537 -1.6300 537.3401
-3.4420021542e-02 2.2098829129e-01 -2.8263502645e+00
201 194 186
2 4 429 -31.7300 224.0200 5 541 16.1000 545.0400
-4.0786883679e-02 2.3458999241e-01 -2.8235397289e+00
242 227 204
2 4 436 -38.1700 238.0400 5 548 10.1200 558.8101
-1.4364852415e+00 2.9118561916e-01 -2.9697582028e+00
140 90 55
2 4 457 -1381.3101 280.6000 5 556 -1305.6899 585.2200
-1.3542038794e+00 2.9664361459e-01 -2.9775726420e+00
230 178 128
2 4 461 -1299.9200 285.3500 5 887 -1224.8400 584.9700
-1.4342752274e+00 -9.7342900658e-02 -2.9191650706e+00
206 180 155
2 4 490 -1402.8800 -95.5900 5 371 -1372.6899 252.9199
-1.4342752274e+00 -9.7342900658e-02 -2.9191650706e+00
206 180 155
2 4 491 -1402.8800 -95.5900 5 372 -1372.6899 252.9199
-1.6085760568e+00 -5.3908218409e-02 -2.9574463218e+00
91 55 28
2 4 502 -1551.3600 -52.1700 5 383 -1518.3400 285.0701
-1.6085760568e+00 -5.3908218409e-02 -2.9574463218e+00
91 55 28
2 4 503 -1551.3600 -52.1700 5 384 -1518.3400 285.0701
1.3063454386e+00 -4.9333285069e-02 -2.7070405747e+00
143 117 103
2 4 504 1374.7200 -51.7600 5 389 1400.4800 294.1599
-1.4268423109e+00 -4.5907455337e-02 -2.8890472062e+00
151 116 89
2 4 510 -1410.2400 -45.7600 5 648 -1371.3101 310.7500
1.3162887534e+00 -4.1432055743e-02 -2.6911887383e+00
147 119 107
2 4 511 1393.3799 -43.8101 5 642 1417.6101 307.0901
-1.3422299151e+00 -3.9628832630e-02 -2.9275783544e+00
205 177 150
2 4 512 -1310.3000 -38.8800 5 982 -1271.7300 301.8500
1.3264466571e+00 -3.5189749069e-02 -2.6829139353e+00
156 128 109
2 4 513 1408.7300 -37.4301 5 402 1431.0100 315.8201
-1.3179050647e+00 -3.4283053315e-02 -2.9464736440e+00
105 69 35
2 4 514 -1278.3400 -33.3700 5 637 -1240.4500 300.0901
-1.3179050647e+00 -3.4283053315e-02 -2.9464736440e+00
105 69 35
2 4 515 -1278.3400 -33.3700 5 638 -1240.4500 300.0901
-1.3179050647e+00 -3.4283053315e-02 -2.9464736440e+00
105 69 35
2 4 516 -1278.3400 -33.3700 5 639 -1240.4500 300.0901
-1.3909117608e+00 -2.7835558590e-02 -2.8929400435e+00
158 119 88
2 4 518 -1373.0500 -27.8101 5 663 -1332.2000 325.5701
-1.4400216166e+00 -2.4156858991e-02 -2.8845944580e+00
233 194 163
2 4 522 -1424.7500 -24.2800 5 674 -1383.8800 333.0400
-1.4287940647e+00 -1.8585880481e-02 -2.8817784481e+00
197 158 125
2 4 523 -1415.2800 -18.7800 5 678 -1373.1400 338.9399
-1.5540641818e+00 -1.5195943973e-02 -2.9057707674e+00
168 129 90
2 4 524 -1525.5601 -15.2200 5 676 -1484.3300 336.6699
-1.2879881555e+00 -8.1071385986e-03 -2.9519290409e+00
215 180 141
2 4 525 -1247.5400 -7.8800 5 661 -1206.1100 321.6000
-1.3333533563e+00 -1.7612934759e-03 -2.9117934740e+00
208 172 136
2 4 527 -1308.5100 -1.9100 5 683 -1264.7700 342.0400
-1.3333533563e+00 -1.7612934759e-03 -2.9117934740e+00
208 172 136
2 4 528 -1308.5100 -1.9100 5 684 -1264.7700 342.0400
9.7447413183e-01 1.3069711909e-02 -2.8735404379e+00
254 224 200
2 4 536 970.4099 13.3800 5 644 995.9500 307.5300
1.2532288193e+00 3.3986167488e-02 -2.7288545090e+00
237 204 173
2 4 543 1309.5000 35.4500 5 705 1328.4299 368.9500
1.3166084154e+00 3.4503235521e-02 -2.6571226873e+00
255 239 238
2 4 545 1412.3701 36.5300 5 733 1427.1299 394.0801
1.2690084916e+00 3.5848293201e-02 -2.7057922420e+00
246 209 173
2 4 546 1337.1799 37.5900 5 1079 1355.0601 378.7000
9.1335348050e-01 4.3989599341e-02 -2.8855403382e+00
255 222 180
2 4 552 906.2700 43.9301 5 673 931.2300 333.7600
1.2395902110e+00 4.2954489501e-02 -2.7631168789e+00
239 204 170
2 4 553 1279.3999 44.3700 5 429 1297.8301 365.5601
1.3150904950e+00 4.2946521691e-02 -2.6586946807e+00
218 199 193
2 4 554 1409.9600 45.5300 5 738 1423.8701 401.8000
1.3150904950e+00 4.2946521691e-02 -2.6586946807e+00
218 199 193
2 4 555 1409.9600 45.5300 5 739 1423.8701 401.8000
-1.3064209705e+00 4.6419912499e-02 -2.9055123846e+00
168 132 92
2 4 556 -1285.0701 45.5699 5 724 -1235.0100 388.0701
-1.3922732341e+00 5.5662112956e-02 -2.8783516246e+00
175 133 93
2 4 561 -1380.6600 55.0200 5 748 -1329.4900 408.5300
-1.3708843889e+00 5.7245822005e-02 -2.8801961178e+00
158 116 76
2 4 562 -1359.3600 56.5900 5 747 -1306.9600 408.7400
1.2543953377e+00 5.5623925006e-02 -2.7190044274e+00
206 170 134
2 4 564 1316.4700 58.0300 5 731 1331.2800 393.3401
-1.3379393252e+00 6.1466686040e-02 -2.8891817939e+00
213 171 129
2 4 566 -1323.1400 60.6600 5 746 -1270.3201 408.5601
-1.4002894288e+00 6.1492715688e-02 -2.8737949450e+00
235 194 150
2 4 567 -1391.4399 60.9000 5 754 -1337.7500 415.6699
-1.5253048622e+00 6.8670197333e-02 -2.8780637975e+00
188 148 112
2 4 569 -1512.0200 67.8400 5 765 -1457.1300 423.4800
-1.4484865837e+00 6.9739522255e-02 -2.8697858744e+00
245 210 170
2 4 570 -1440.9399 69.1500 5 768 -1385.5000 425.8500
-1.5000778369e+00 7.0406879679e-02 -2.8737352044e+00
235 199 163
2 4 571 -1489.5000 69.6801 5 771 -1434.2700 426.1500
8.8053211563e-01 7.6077855243e-02 -2.8947859517e+00
253 224 190
2 4 575 870.8601 75.4900 5 697 895.3201 360.8700
-1.3915417038e+00 7.7416294249e-02 -2.8731703721e+00
238 195 152
2 4 576 -1382.8900 76.7800 5 776 -1327.6100 430.4700
-1.5949525322e+00 7.8471946371e-02 -2.8902881494e+00
209 166 124
2 4 579 -1573.4700 77.2100 5 774 -1517.6400 429.4399
1.2851237867e+00 7.4483693860e-02 -2.6848691606e+00
183 149 111
2 4 581 1364.2500 78.6899 5 764 1377.9500 423.3800
1.2385399589e+00 7.5577336981e-02 -2.7517242418e+00
207 167 132
2 4 582 1284.1299 78.1600 5 1104 1298.6899 400.6799
-1.2978265447e+00 8.1833847434e-02 -2.8945892131e+00
235 198 154
2 4 585 -1281.2000 80.7500 5 1160 -1226.7300 424.4099
-1.4858460775e+00 8.3193775840e-02 -2.8700743225e+00
242 208 170
2 4 586 -1477.1899 82.5100 5 793 -1420.4399 439.0500
-1.5706878456e+00 8.7702483717e-02 -2.8835368531e+00
227 185 143
2 4 589 -1553.1400 86.5400 5 794 -1496.3201 439.9700
1.0293951668e+00 9.3838838747e-02 -2.8520611748e+00
254 241 230
2 4 595 1031.3301 94.2500 5 722 1052.4700 387.7000
1.0293951668e+00 9.3838838747e-02 -2.8520611748e+00
254 241 230
2 4 596 1031.3301 94.2500 5 723 1052.4700 387.7000
1.1771834578e+00 9.4074760325e-02 -2.7795825204e+00
255 232 218
2 4 598 1209.0000 96.5000 5 749 1224.5901 409.7300
1.1771834578e+00 9.4074760325e-02 -2.7795825204e+00
255 232 218
2 4 599 1209.0000 96.5000 5 750 1224.5901 409.7300
-1.4668589671e+00 1.0544946560e-01 -2.8638360682e+00
242 203 160
2 4 606 -1461.9600 104.9200 5 809 -1401.2700 461.4800
-1.4668589671e+00 1.0544946560e-01 -2.8638360682e+00
242 203 160
2 4 607 -1461.9600 104.9200 5 810 -1401.2700 461.4800
9.8614479635e-01 1.0658741185e-01 -2.8552544543e+00
250 230 219
2 4 608 988.1799 106.8101 5 736 1008.0000 399.5801
7.0240387157e-01 1.1199833364e-01 -2.8982445680e+00
202 203 208
2 4 611 695.1101 110.8500 5 735 722.3401 397.3401
-1.4769120372e+00 1.1658799276e-01 -2.8637828487e+00
254 216 177
2 4 618 -1471.6400 116.0300 5 819 -1409.8500 472.0100
-1.1052559212e+00 1.2079362205e-01 -2.9008270445e+00
184 160 134
2 4 620 -1089.4900 119.2500 5 497 -1032.0901 453.0601
1.1843903722e+00 1.2113458482e-01 -2.7788701740e+00
255 227 202
2 4 622 1216.6399 124.2200 5 1179 1229.6101 435.0500
1.1843903722e+00 1.2113458482e-01 -2.7788701740e+00
255 227 202
2 4 623 1216.6399 124.2200 5 1180 1229.6101 435.0500
1.2547917157e+00 1.3015316679e-01 -2.7608447697e+00
251 212 171
2 4 624 1296.2200 134.1400 5 799 1305.4800 448.0300
1.1313546854e+00 1.3703413792e-01 -2.8105625330e+00
255 231 198
2 4 626 1149.4900 139.1400 5 1193 1163.5901 439.5200
1.0617613129e+00 1.3978198231e-01 -2.8246715101e+00
234 183 133
2 4 628 1074.4500 141.3199 5 787 1090.3000 438.9399
1.0617613129e+00 1.3978198231e-01 -2.8246715101e+00
234 183 133
2 4 629 1074.4500 141.3199 5 788 1090.3000 438.9399
7.6597573131e-01 1.5164699052e-01 -2.8528790901e+00
206 200 200
2 4 637 770.1001 152.1000 5 801 794.1001 448.1400
-1.1811051676e-01 1.6437843533e-01 -2.9791291980e+00
199 201 200
2 4 646 -111.1500 158.5400 5 785 -69.1200 437.6500
8.7572027975e-01 1.5879450723e-01 -2.8365622422e+00
234 207 177
2 4 648 884.2500 160.0601 5 808 905.1201 457.5500
-1.2070052981e+00 1.6112620909e-01 -2.8880527721e+00
195 150 108
2 4 649 -1194.5701 159.6700 5 834 -1131.3400 497.1300
-1.3747155062e+00 1.6394791488e-01 -2.8735818915e+00
241 195 146
2 4 653 -1366.2000 163.0000 5 1285 -1299.8900 509.2800
-1.3747155062e+00 1.6394791488e-01 -2.8735818915e+00
241 195 146
2 4 654 -1366.2000 163.0000 5 1287 -1299.8900 509.2800
-7.9401287344e-01 1.7311833939e-01 -2.8706443489e+00
224 203 174
2 4 657 -790.5600 172.8700 5 842 -730.2900 504.4299
-8.3330389709e-01 1.7572491874e-01 -2.8715635368e+00
192 168 140
2 4 661 -829.4000 175.4000 5 847 -768.6200 507.4900
-7.8557084715e-01 1.7970007119e-01 -2.8684159594e+00
206 185 154
2 4 663 -782.6300 179.5800 5 854 -722.0500 511.1000
-9.5074620072e-01 1.8423723320e-01 -2.8770796334e+00
214 184 148
2 4 664 -944.6000 183.5000 5 859 -881.9100 516.1000
1.7938609424e-01 2.2066803647e-01 -2.8251962816e+00
209 204 200
2 4 689 185.3101 223.6799 5 870 226.2400 539.0901
1.4340021775e-01 2.2305213271e-01 -2.8236517393e+00
213 206 196
2 4 694 149.3400 226.2000 5 873 190.6200 542.9800
-1.3635114511e+00 2.6228206336e-01 -2.9654508807e+00
200 149 94
2 4 704 -1314.4600 253.2800 5 1320 -1241.5601 560.1200
-1.3287586989e+00 2.6457380432e-01 -2.9658526051e+00
179 128 77
2 4 707 -1281.0000 255.5300 5 881 -1208.5100 561.2000
-2.9881859857e-01 2.7954753925e-01 -2.8413149301e+00
223 204 172
2 4 733 -297.8900 282.0200 5 1336 -242.5699 599.5100
-1.3980798333e+00 2.9362469647e-01 -2.9740422294e+00
242 192 143
2 4 734 -1343.5400 282.6699 5 1330 -1267.1700 584.6799
-1.4069499813e+00 2.9799127648e-01 -2.9721297824e+00
166 114 74
2 4 742 -1353.0800 287.0300 5 890 -1275.3900 589.3800
-1.4098621526e+00 3.2047673336e-01 -2.9769696150e+00
223 180 138
2 4 749 -1353.6799 308.1899 5 899 -1273.5800 606.8800
-1.4005403329e+00 -1.1358230675e-01 -2.9335470155e+00
131 109 86
2 4 776 -1363.2900 -110.9301 5 610 -1336.0200 232.4900
-1.4787198639e+00 -9.0919277961e-02 -2.9218735097e+00
159 138 120
2 4 778 -1444.8201 -89.1801 5 616 -1413.8800 259.0801
-1.4787198639e+00 -9.0919277961e-02 -2.9218735097e+00
159 138 120
2 4 779 -1444.8201 -89.1801 5 617 -1413.8800 259.0801
-1.3779605193e+00 -8.0724792828e-02 -2.9130314517e+00
141 107 79
2 4 781 -1351.2200 -79.5100 5 952 -1317.7900 269.1100
-1.3690841096e+00 -7.5157003655e-02 -2.9169687465e+00
95 60 27
2 4 785 -1340.6600 -73.9301 5 957 -1306.9399 272.8800
-1.3690841096e+00 -7.5157003655e-02 -2.9169687465e+00
95 60 27
2 4 786 -1340.6600 -73.9301 5 958 -1306.9399 272.8800
-1.4244229492e+00 -7.2141181188e-02 -2.8989113309e+00
217 182 150
2 4 788 -1403.1700 -71.4600 5 968 -1368.1200 282.7900
-1.4446281532e+00 -7.1264438594e-02 -2.8946606161e+00
210 175 152
2 4 791 -1424.6400 -70.7100 5 969 -1389.9800 285.5100
-1.4227078580e+00 -6.4484339891e-02 -2.8968772545e+00
151 115 83
2 4 794 -1402.0800 -63.9600 5 972 -1366.6899 290.6699
-1.4227078580e+00 -6.4484339891e-02 -2.8968772545e+00
151 115 83
2 4 795 -1402.0800 -63.9600 5 973 -1366.6899 290.6699
-1.5289568250e+00 -4.5922257937e-02 -2.9106308003e+00
176 138 107
2 4 801 -1498.7000 -45.3500 5 985 -1462.0400 305.9199
-1.4883006915e+00 -4.3353340455e-02 -2.8937704531e+00
230 193 161
2 4 803 -1467.8101 -43.1400 5 990 -1429.4100 312.9900
-1.4159586444e+00 -3.6211177140e-02 -2.8870902598e+00
197 162 130
2 4 809 -1400.4299 -36.1899 5 660 -1360.2600 320.2700
-1.4735423243e+00 -2.9922215104e-02 -2.8907155469e+00
136 95 65
2 4 813 -1454.9299 -29.9100 5 1013 -1414.5000 326.2600
-1.3374470058e+00 -2.5867336921e-02 -2.9221026921e+00
225 195 167
2 4 815 -1307.9100 -25.4900 5 994 -1267.7000 316.3301
-1.3374470058e+00 -2.5867336921e-02 -2.9221026921e+00
225 195 167
2 4 816 -1307.9100 -25.4900 5 995 -1267.7000 316.3301
1.3650294570e+00 -2.2298298559e-02 -2.6584293040e+00
186 161 154
2 4 817 1461.6399 -24.0300 5 1022 1482.0901 335.9900
-1.3716939486e+00 -2.4050179777e-02 -2.9023399140e+00
208 172 138
2 4 819 -1349.9700 -23.9500 5 1012 -1308.9700 325.4700
-1.3765500223e+00 -2.2222601665e-02 -2.8984981262e+00
161 123 90
2 4 823 -1356.5900 -22.1899 5 1015 -1314.9500 328.5701
1.3757064590e+00 -1.8029622106e-02 -2.6514471906e+00
187 159 153
2 4 824 1476.0701 -19.4700 5 1033 1496.8401 342.3700
1.3286416725e+00 -1.7430013583e-02 -2.6671982852e+00
229 214 214
2 4 825 1419.2700 -18.8000 5 1030 1439.7400 338.8600
-1.5432076715e+00 -1.4899288388e-02 -2.9031946884e+00
205 162 127
2 4 830 -1516.2100 -14.9500 5 1028 -1475.0800 337.6100
-1.6036391145e+00 -8.7538016947e-03 -2.9259307915e+00
56 16 0
2 4 834 -1563.2000 -8.7600 5 677 -1521.6801 336.8201
-1.3118541700e+00 2.5424215815e-03 -2.9258489409e+00
197 161 129
2 4 837 -1281.4800 2.3700 5 1032 -1237.8900 340.7200
1.2765683739e+00 6.4979557247e-03 -2.7040450261e+00
179 150 118
2 4 842 1345.9600 6.7500 5 1499 1366.2300 350.6599
1.4148594437e+00 9.4799832833e-03 -2.6431275571e+00
236 219 226
2 4 846 1522.2700 9.8700 5 1069 1537.3201 371.2900
1.3091601629e+00 1.1126804020e-02 -2.6655206599e+00
248 230 231
2 4 849 1399.4700 11.6400 5 1062 1418.3301 368.2200
-1.3014083528e+00 1.3609380259e-02 -2.9282920868e+00
155 121 89
2 4 851 -1270.5500 13.2100 5 1040 -1225.2600 349.7900
1.2419672579e+00 1.4977645144e-02 -2.7623271309e+00
219 192 173
2 4 852 1282.6499 15.5200 5 679 1302.5701 339.1799
-1.5056804589e+00 1.5133153243e-02 -2.8855815298e+00
216 173 138
2 4 853 -1488.8201 14.6600 5 1068 -1442.1899 370.7800
-1.3571735829e+00 1.9383381050e-02 -2.8959908989e+00
231 192 149
2 4 854 -1338.9500 18.9200 5 1061 -1291.6200 367.6500
1.3133959394e+00 2.0707908426e-02 -2.6637406561e+00
251 231 230
2 4 855 1404.7800 21.8600 5 1077 1422.6001 378.1400
-1.2667282635e+00 2.3070200709e-02 -2.9451623270e+00
123 94 63
2 4 856 -1229.2300 22.4000 5 691 -1185.0601 351.9800
-1.5044210456e+00 2.5216691678e-02 -2.8816440629e+00
212 168 131
2 4 859 -1489.3900 24.6700 5 1082 -1441.5300 381.5500
9.3596941974e-01 3.1429565508e-02 -2.8789779599e+00
187 152 129
2 4 861 930.3000 31.6000 5 1006 956.2500 323.7500
9.3596941974e-01 3.1429565508e-02 -2.8789779599e+00
187 152 129
2 4 862 930.3000 31.6000 5 1007 956.2500 323.7500
-1.4204579658e+00 3.1738508393e-02 -2.8783996628e+00
141 101 65
2 4 863 -1409.0300 31.2200 5 1087 -1359.5200 386.8500
-1.5863282127e+00 3.7129010404e-02 -2.8967145359e+00
224 182 142
2 4 869 -1561.7700 36.3000 5 1093 -1512.1600 388.8900
1.2314407326e+00 4.0103693602e-02 -2.7668121498e+00
207 175 151
2 4 873 1269.8799 41.3400 5 1518 1287.8999 361.8101
1.0172710374e+00 4.2185604902e-02 -2.8883626482e+00
255 243 235
2 4 874 1007.0701 42.1300 5 1014 1030.0100 328.1899
-1.3942630251e+00 4.8007511402e-02 -2.8802416594e+00
209 170 129
2 4 880 -1382.3500 47.3900 5 1621 -1331.0200 400.7000
-1.5773518728e+00 5.0477012395e-02 -2.8900321229e+00
216 176 137
2 4 881 -1556.2700 49.5601 5 1114 -1504.9900 403.4600
-1.3322703899e+00 5.6731371909e-02 -2.8921942333e+00
142 102 66
2 4 885 -1316.0000 55.9200 5 1109 -1264.4000 403.0000
1.3852197431e+00 5.4284082885e-02 -2.6365672508e+00
248 222 209
2 4 888 1494.9600 58.0500 5 1148 1505.9800 418.9600
1.2803049358e+00 5.7642617824e-02 -2.6865154187e+00
231 196 158
2 4 890 1358.5901 60.8199 5 1627 1373.7900 406.6400
-1.5939935633e+00 6.1665243135e-02 -2.8908709164e+00
169 125 86
2 4 891 -1572.2000 60.5900 5 1128 -1518.8800 413.7700
-1.5939935633e+00 6.1665243135e-02 -2.8908709164e+00
169 125 86
2 4 892 -1572.2000 60.5900 5 1130 -1518.8800 413.7700
8.8287781442e-01 6.2536784508e-02 -2.8920255404e+00
255 240 194
2 4 893 873.9199 62.2000 5 1496 899.2700 349.3900
-1.4223584327e+00 6.2634325666e-02 -2.8727643866e+00
244 205 162
2 4 894 -1414.0100 62.0400 5 1139 -1359.3300 417.5500
-1.4867103601e+00 6.3674033129e-02 -2.8765138800e+00
149 110 77
2 4 896 -1474.5601 62.9399 5 1147 -1421.3500 418.6799
1.2714290130e+00 6.2073205832e-02 -2.7046038722e+00
204 166 130
2 4 902 1340.1499 65.1700 5 1115 1355.6399 404.3401
-1.3783418073e+00 6.7181270452e-02 -2.8764368054e+00
162 120 80
2 4 906 -1368.2700 66.5300 5 1151 -1314.7200 419.5100
-1.3968403819e+00 6.8904428212e-02 -2.8735420521e+00
194 152 110
2 4 909 -1388.1400 68.2900 5 1676 -1333.5400 422.5500
-1.4848734935e+00 6.9958917367e-02 -2.8726380639e+00
243 208 170
2 4 912 -1474.8500 69.2700 5 1161 -1420.2600 425.8600
1.2295301842e+00 6.8380644486e-02 -2.7649000269e+00
212 181 161
2 4 913 1268.4900 70.4900 5 1094 1284.7400 389.3000
1.2295301842e+00 6.8380644486e-02 -2.7649000269e+00
212 181 161
2 4 914 1268.4900 70.4900 5 1095 1284.7400 389.3000
-1.4209617312e+00 7.6365538673e-02 -2.8696295509e+00
241 199 159
2 4 918 -1414.0900 75.7900 5 1168 -1357.5400 431.4000
-1.4156056211e+00 7.8177767141e-02 -2.8712689710e+00
246 207 164
2 4 920 -1407.6000 77.5601 5 1171 -1351.7900 432.4099
1.0369951906e+00 7.8073186600e-02 -2.8644489773e+00
225 211 211
2 4 922 1034.8601 78.1300 5 1065 1055.6001 368.6699
8.9215202965e-01 8.2172026243e-02 -2.8918251408e+00
211 189 167
2 4 923 883.5100 81.5300 5 1537 906.7000 367.1300
-1.4721375654e+00 8.2668671589e-02 -2.8674966041e+00
244 206 167
2 4 924 -1465.4200 82.0699 5 1195 -1407.8300 439.1699
1.4218302555e+00 7.8415791859e-02 -2.6391545396e+00
254 226 212
2 4 925 1532.1201 83.8400 5 1744 1538.3000 440.2200
1.2818515357e+00 8.2218964851e-02 -2.6941593187e+00
225 187 148
2 4 926 1356.3601 86.5900 5 1697 1369.0300 427.3600
-1.3436295434e+00 8.8872652635e-02 -2.8815987694e+00
161 122 81
2 4 927 -1332.0200 88.0200 5 1184 -1275.6300 436.7600
1.1554870753e+00 8.7738627537e-02 -2.7896167309e+00
249 219 193
2 4 932 1183.0300 89.7100 5 1619 1199.2900 400.8000
9.9050239618e-01 9.1405603061e-02 -2.8647108518e+00
247 228 219
2 4 934 988.8000 91.4200 5 719 1010.1201 382.1599
9.9050239618e-01 9.1405603061e-02 -2.8647108518e+00
247 228 219
2 4 935 988.8000 91.4200 5 720 1010.1201 382.1599
-1.2905547740e+00 9.5940800386e-02 -2.8924794647e+00
219 182 140
2 4 941 -1275.0400 94.7800 5 1192 -1218.6799 437.9500
-1.3615578234e+00 9.6183499543e-02 -2.8769977709e+00
143 101 59
2 4 943 -1351.6799 95.4000 5 1209 -1294.1899 445.6400
-1.3266178935e+00 9.8778217238e-02 -2.8855025809e+00
222 184 145
2 4 946 -1313.9000 97.7700 5 1206 -1255.8800 443.9500
9.8739975545e-01 9.9416182826e-02 -2.8622854517e+00
200 180 169
2 4 948 986.3301 99.5000 5 726 1007.7700 390.4299
9.8739975545e-01 9.9416182826e-02 -2.8622854517e+00
200 180 169
2 4 949 986.3301 99.5000 5 727 1007.7700 390.4299
1.3122354257e+00 9.9340990177e-02 -2.6672981478e+00
237 213 189
2 4 954 1401.6899 105.5500 5 1216 1411.3899 453.3301
1.2484451559e+00 1.0234437965e-01 -2.7542485912e+00
204 165 126
2 4 956 1292.3999 105.8000 5 1686 1305.4199 424.6500
1.1740721742e+00 1.0409838147e-01 -2.7810739964e+00
228 200 183
2 4 960 1205.6399 106.6600 5 1144 1219.6101 418.6699
-1.3904319943e+00 1.1179022003e-01 -2.8665927818e+00
217 174 131
2 4 964 -1385.1000 111.2600 5 1238 -1324.6100 464.6000
1.0753799575e+00 1.1178200207e-01 -2.8208745431e+00
255 234 216
2 4 965 1089.4600 113.2100 5 1131 1107.0500 414.1400
7.6603857978e-01 1.1432653209e-01 -2.8815415883e+00
219 214 210
2 4 966 762.2800 113.7000 5 740 787.6201 403.6200
-1.4299145960e+00 1.1383625289e-01 -2.8637467268e+00
179 137 94
2 4 968 -1425.2800 113.3500 5 1242 -1364.3500 468.4800
-1.3930646578e+00 1.1805417084e-01 -2.8645584028e+00
183 140 95
2 4 972 -1388.8900 117.5900 5 1247 -1326.9900 471.1699
-1.5477029060e+00 1.1912905832e-01 -2.8771190119e+00
228 187 155
2 4 973 -1534.5000 117.9600 5 1246 -1472.1400 470.6599
-1.2667054245e+00 1.2106131607e-01 -2.8926319662e+00
242 205 161
2 4 976 -1251.5601 119.6801 5 1230 -1192.3800 460.3000
-1.2520230891e+00 1.2178538258e-01 -2.8934740473e+00
243 209 171
2 4 977 -1237.2700 120.3900 5 1228 -1177.1700 460.2200
7.5273001448e-01 1.2225010710e-01 -2.8773251313e+00
184 182 183
2 4 982 750.5801 121.6899 5 753 775.3701 412.7500
-1.2408904679e+00 1.2406117741e-01 -2.8934169574e+00
242 208 173
2 4 983 -1225.9700 122.6500 5 1232 -1166.4500 462.1100
8.1809677412e-01 1.2615547607e-01 -2.8642232832e+00
231 222 218
2 4 988 818.8101 126.0800 5 1149 842.0801 419.1699
-1.3335284255e+00 1.3056946228e-01 -2.8751133898e+00
178 136 96
2 4 990 -1325.1400 129.7400 5 1253 -1263.0000 477.2400
1.0976662733e+00 1.2912591505e-01 -2.8152646931e+00
240 213 186
2 4 994 1113.9399 130.9500 5 1712 1129.6101 431.5300
-1.5423893090e+00 1.3521968313e-01 -2.8736461527e+00
239 201 165
2 4 998 -1530.9301 134.1000 5 1262 -1466.4800 486.6300
-1.3184098594e+00 1.3874242832e-01 -2.8782347612e+00
229 186 143
2 4 1002 -1308.6100 137.7600 5 827 -1246.2400 483.1899
-1.5732338419e+00 1.4090143043e-01 -2.8781361187e+00
228 188 153
2 4 1007 -1558.6600 139.4900 5 1265 -1493.4800 490.7000
-1.5388158580e+00 1.4131236753e-01 -2.8726329576e+00
187 148 119
2 4 1008 -1527.6801 140.2100 5 1270 -1462.9000 492.5601
9.0586577677e-01 1.4089683394e-01 -2.8361889557e+00
233 220 214
2 4 1011 914.8501 142.0100 5 1196 935.0701 440.4199
-1.5354173376e+00 1.4939119419e-01 -2.8707046808e+00
232 191 159
2 4 1015 -1525.8199 148.3500 5 1870 -1458.8700 500.5400
8.9489487120e-01 1.5346248459e-01 -2.8341768585e+00
255 232 200
2 4 1027 904.0300 154.8199 5 1215 924.9299 452.9900
-1.2259010911e+00 1.5873648003e-01 -2.8901557011e+00
188 143 97
2 4 1030 -1212.8000 157.1801 5 1274 -1148.8201 494.5200
-1.2259010911e+00 1.5873648003e-01 -2.8901557011e+00
188 143 97
2 4 1031 -1212.8000 157.1801 5 1275 -1148.8201 494.5200
8.9146197299e-01 1.6002847604e-01 -2.8338037764e+00
216 182 146
2 4 1043 900.8401 161.4399 5 1226 921.2300 459.2500
8.9146197299e-01 1.6002847604e-01 -2.8338037764e+00
216 182 146
2 4 1044 900.8401 161.4399 5 1227 921.2300 459.2500
-1.0892695241e+00 1.6523025138e-01 -2.8864359587e+00
230 195 155
2 4 1045 -1078.9900 163.9500 5 1278 -1016.4200 498.6100
-1.2758233061e+00 1.7420000925e-01 -2.8886874337e+00
233 191 143
2 4 1052 -1262.5900 172.5300 5 2722 -1196.1100 510.2800
-5.2639351656e-01 2.0097519988e-01 -2.8480497539e+00
212 196 171
2 4 1078 -526.8400 202.2800 5 866 -469.0601 531.7300
1.2094193830e+00 2.1626308119e-01 -2.8539338271e+00
207 166 124
2 4 1090 1209.3201 216.0200 5 1854 1213.0801 492.6000
-2.0434050866e-01 2.1292009433e-01 -2.8318334813e+00
229 220 208
2 4 1091 -203.9100 215.4900 5 1306 -151.5200 540.2300
-1.9974670299e-01 2.1947773865e-01 -2.8294472880e+00
202 193 176
2 4 1102 -198.8101 222.2700 5 1314 -147.4500 547.1400
-1.4395562947e+00 2.5883943599e-01 -2.9554068079e+00
232 181 136
2 4 1134 -1391.5900 250.5901 5 1973 -1317.3700 562.7600
-1.4467100683e+00 2.6650399602e-01 -2.9624035585e+00
147 94 53
2 4 1138 -1395.0100 257.4099 5 1978 -1320.5900 566.8401
-1.3347167781e+00 2.9248027672e-01 -2.9759135478e+00
251 201 148
2 4 1167 -1283.1500 281.5601 5 2846 -1206.5800 581.4399
-1.3984379713e+00 3.2128235217e-01 -2.9718657012e+00
129 84 46
2 4 1198 -1345.4000 309.5100 5 1342 -1264.4000 609.3700
-1.3902035551e+00 -1.1350930744e-01 -2.9330651500e+00
192 168 144
2 4 1227 -1353.8800 -110.8800 5 939 -1325.7600 232.4099
-1.4086168052e+00 -9.2392677918e-02 -2.9167979520e+00
129 98 78
2 4 1235 -1379.3201 -90.8300 5 1396 -1347.7200 257.6799
-1.4164778299e+00 -7.6822540061e-02 -2.9024870760e+00
174 142 118
2 4 1239 -1393.3700 -75.9800 5 1409 -1359.7500 277.1000
-1.3378297265e+00 -6.7930538461e-02 -2.9337762020e+00
225 189 154
2 4 1248 -1303.0100 -66.4000 5 2112 -1268.7200 273.5000
-1.3378297265e+00 -6.7930538461e-02 -2.9337762020e+00
225 189 154
2 4 1249 -1303.0100 -66.4000 5 2113 -1268.7200 273.5000
-1.3308650438e+00 -6.2253245159e-02 -2.9377095787e+00
152 115 78
2 4 1252 -1294.8800 -60.7600 5 1407 -1259.4200 277.3101
-1.3780526694e+00 -4.1583602175e-02 -2.8994953013e+00
168 132 100
2 4 1261 -1357.7500 -41.2900 5 2162 -1318.2900 310.1599
1.3346264719e+00 -3.6950716755e-02 -2.6792056877e+00
199 171 155
2 4 1265 1418.6899 -39.2900 5 993 1441.8899 315.1100
-1.4305054204e+00 -3.8530402528e-02 -2.8853451055e+00
193 158 130
2 4 1269 -1415.3101 -38.5200 5 1449 -1375.8300 319.0500
-1.4693564511e+00 -3.7489083702e-02 -2.8911084089e+00
208 168 135
2 4 1270 -1450.6400 -37.3900 5 1448 -1411.2400 318.9500
1.3348672153e+00 -3.2238531099e-02 -2.6744460700e+00
178 150 139
2 4 1271 1421.6399 -34.4000 5 1002 1443.9900 321.4399
1.3163681413e+00 -3.2366738569e-02 -2.6871699828e+00
214 199 196
2 4 1272 1395.6101 -34.3199 5 996 1418.8000 317.4099
-1.3090627130e+00 -3.3071505044e-02 -2.9493781513e+00
91 55 21
2 4 1273 -1268.5400 -32.1500 5 1429 -1230.6899 300.0601
1.2953466789e+00 -2.8933616624e-02 -2.6981118724e+00
215 200 193
2 4 1275 1368.0701 -30.5200 5 997 1391.8301 317.6000
-1.4118989020e+00 -2.9835874744e-02 -2.8835502515e+00
236 200 166
2 4 1280 -1398.1799 -29.9200 5 1458 -1356.8900 327.3500
-1.5946887863e+00 -2.7388250337e-02 -2.9293220720e+00
176 139 103
2 4 1281 -1552.4500 -26.9100 5 998 -1514.5100 318.3700
-1.3902312021e+00 -2.1122042826e-02 -2.8908984046e+00
217 178 149
2 4 1284 -1373.3700 -21.1899 5 1466 -1331.4900 332.5200
-1.4525573946e+00 -2.1420531533e-02 -2.8828423080e+00
144 105 74
2 4 1285 -1438.6500 -21.5800 5 1024 -1395.8400 336.3700
1.3611691413e+00 -1.5724227579e-02 -2.6556472105e+00
227 206 205
2 4 1287 1459.3899 -17.0800 5 1481 1478.7300 343.6400
1.3099678026e+00 -1.0643729220e-02 -2.6775230384e+00
198 182 182
2 4 1297 1394.0100 -11.4500 5 1478 1415.1399 342.4099
-1.6263438971e+00 -7.5539738934e-03 -2.9285121893e+00
206 165 133
2 4 1301 -1582.9900 -7.5800 5 1029 -1542.6899 337.6300
-1.4507614640e+00 -3.5324479632e-03 -2.8809436547e+00
230 189 157
2 4 1306 -1437.6899 -3.8400 5 1504 -1392.6600 353.7400
1.2871970630e+00 -8.2519804356e-04 -2.6868910514e+00
232 206 183
2 4 1309 1365.5801 -1.0100 5 1039 1386.3201 349.3900
-1.4622970147e+00 2.9023941817e-03 -2.8796657093e+00
214 171 136
2 4 1313 -1449.4100 2.5400 5 1516 -1403.9000 360.4900
-1.2918607933e+00 5.7104890991e-03 -2.9393324864e+00
118 87 56
2 4 1321 -1256.8201 5.5100 5 1031 -1212.6200 338.5300
-1.3008822149e+00 7.3186841120e-03 -2.9306715492e+00
191 158 127
2 4 1322 -1269.0400 7.0601 5 1484 -1224.5800 343.1799
-1.3898757744e+00 9.2190309337e-03 -2.8870965240e+00
230 189 159
2 4 1323 -1374.9299 8.8500 5 1521 -1328.7300 362.1100
-1.4917362279e+00 1.5936984154e-02 -2.8810914690e+00
166 124 86
2 4 1330 -1477.3700 15.4700 5 1552 -1430.5300 372.8201
1.3450960196e+00 1.6829413450e-02 -2.6498688901e+00
206 186 187
2 4 1335 1445.3799 17.7600 5 2318 1462.4399 378.4500
1.2451118972e+00 1.7333610960e-02 -2.7565752387e+00
182 157 137
2 4 1336 1288.2300 18.0000 5 1482 1308.4800 343.3401
-1.3022610875e+00 1.9478868938e-02 -2.9209726000e+00
206 173 141
2 4 1339 -1274.4100 18.9700 5 1048 -1228.2400 357.7400
-1.3223185997e+00 1.9103899692e-02 -2.9106879986e+00
214 179 141
2 4 1340 -1298.3400 18.6200 5 1052 -1251.8101 361.4399
-1.3223185997e+00 1.9103899692e-02 -2.9106879986e+00
214 179 141
2 4 1341 -1298.3400 18.6200 5 1053 -1251.8101 361.4399
1.3882602959e+00 1.8199790594e-02 -2.6409834297e+00
218 198 199
2 4 1342 1495.5200 19.2500 5 1576 1510.8201 381.6400
-1.3615463688e+00 2.4124230515e-02 -2.8959153821e+00
129 88 47
2 4 1346 -1342.8800 23.6000 5 1551 -1295.7300 372.2300
-1.3605276458e+00 2.7938372657e-02 -2.8873127886e+00
214 176 135
2 4 1356 -1346.4600 27.4301 5 1080 -1297.0500 378.6899
1.4383162117e+00 2.9480044466e-02 -2.6440378900e+00
208 195 202
2 4 1363 1546.1299 31.3101 5 1588 1558.1899 389.8000
-1.4893732545e+00 3.3231803350e-02 -2.8795370752e+00
164 120 85
2 4 1364 -1475.8500 32.6500 5 1589 -1426.5500 389.4000
9.0867594523e-01 3.6854465121e-02 -2.8878895635e+00
208 179 154
2 4 1367 900.6899 36.8800 5 1456 926.6001 326.5400
9.0867594523e-01 3.6854465121e-02 -2.8878895635e+00
208 179 154
2 4 1368 900.6899 36.8800 5 1457 926.6001 326.5400
-1.3620336215e+00 3.7110315174e-02 -2.8891092292e+00
152 113 72
2 4 1369 -1346.5100 36.5000 5 1086 -1297.2700 386.6799
-1.2940891383e+00 3.8623181221e-02 -2.9121794670e+00
128 92 56
2 4 1371 -1270.2300 37.8300 5 1567 -1221.3101 378.2300
-1.3691709549e+00 4.0255964465e-02 -2.8807380174e+00
158 117 77
2 4 1374 -1357.6200 39.7000 5 2364 -1307.0000 392.7300
-1.4913307499e+00 4.0107407101e-02 -2.8802329136e+00
255 216 180
2 4 1376 -1477.3700 39.4700 5 1607 -1427.2700 395.5801
-1.2951306843e+00 4.3239578319e-02 -2.9094402831e+00
239 204 165
2 4 1382 -1272.4200 42.4000 5 1578 -1222.8101 383.4700
-1.2101959280e+00 4.5595264359e-02 -2.9590224721e+00
107 87 62
2 4 1383 -1169.4299 44.1899 5 1059 -1122.9700 366.3500
-1.3850071400e+00 4.9405417507e-02 -2.8785250232e+00
236 194 153
2 4 1386 -1374.1700 48.8101 5 1110 -1322.3500 402.3900
-1.5404946964e+00 5.2549180745e-02 -2.8845639785e+00
220 177 143
2 4 1389 -1523.3000 51.7200 5 1632 -1471.4100 406.5701
1.4184259219e+00 4.9805551995e-02 -2.6394769361e+00
249 221 210
2 4 1391 1527.8799 53.1899 5 2439 1538.5400 412.2200
1.2476914294e+00 5.1593866690e-02 -2.7332254587e+00
234 198 162
2 4 1392 1301.9299 53.7000 5 1579 1318.9900 384.4000
1.2858010364e+00 5.6432037439e-02 -2.6769003910e+00
250 218 187
2 4 1404 1369.3601 59.6899 5 2428 1384.1299 408.9600
1.3636064792e+00 5.6117985543e-02 -2.6387720298e+00
229 205 203
2 4 1405 1471.0400 60.0000 5 2461 1482.7300 420.6799
1.0446906983e+00 6.0228968959e-02 -2.8812180182e+00
208 205 214
2 4 1406 1036.4700 60.0601 5 1490 1057.6899 346.3301
1.2770034606e+00 6.0038432448e-02 -2.6945216183e+00
192 157 119
2 4 1414 1351.1299 63.2000 5 1625 1366.2300 406.0200
-1.3025415209e+00 6.5824206370e-02 -2.8968617214e+00
216 179 137
2 4 1417 -1284.8201 64.8600 5 1639 -1232.4000 408.9800
1.1591049431e+00 6.5018474163e-02 -2.7974735617e+00
223 206 203
2 4 1418 1182.6399 66.4500 5 1563 1201.9700 376.5500
-1.3887198007e+00 7.1320088625e-02 -2.8755692306e+00
169 127 86
2 4 1426 -1379.0500 70.6600 5 1684 -1324.5701 423.8700
1.2577581773e+00 7.0595860600e-02 -2.7206877227e+00
188 151 117
2 4 1434 1317.9500 73.7900 5 1628 1333.5801 406.8900
-1.4028576033e+00 7.4086100827e-02 -2.8735522169e+00
234 192 150
2 4 1437 -1394.4100 73.4500 5 1702 -1338.4200 427.4199
1.2353442765e+00 7.2035010789e-02 -2.7566779292e+00
250 213 184
2 4 1438 1278.3101 74.4200 5 2375 1293.8201 395.5901
1.0896278095e+00 7.5244093413e-02 -2.8520121819e+00
155 142 142
2 4 1442 1091.4299 75.5900 5 1063 1111.2000 368.8500
-1.3384517149e+00 7.6119506780e-02 -2.8862194393e+00
196 157 116
2 4 1444 -1325.0000 75.2500 5 1681 -1270.1600 423.1599
-1.5038678289e+00 7.5700053450e-02 -2.8725551725e+00
192 154 118
2 4 1445 -1493.9399 74.9700 5 2503 -1437.6400 431.5400
1.2308343756e+00 7.4413085532e-02 -2.7618939096e+00
255 242 215
2 4 1446 1271.5601 76.7200 5 1610 1286.5000 396.0701
1.0477401114e+00 7.6753326538e-02 -2.8635431054e+00
222 210 210
2 4 1449 1045.2300 76.9000 5 1536 1066.9099 367.4299
-1.3164094491e+00 7.7806760816e-02 -2.8898763362e+00
244 207 165
2 4 1451 -1301.7200 76.8600 5 1675 -1246.9600 422.8500
9.8493630965e-01 8.0415269274e-02 -2.8723881366e+00
203 185 181
2 4 1455 981.0200 80.2500 5 1542 1002.3201 369.5901
1.0398449658e+00 8.2074969628e-02 -2.8591240402e+00
206 191 188
2 4 1460 1040.0100 82.2000 5 1556 1059.6799 374.1400
1.1574124329e+00 8.1650820470e-02 -2.7880477984e+00
210 187 174
2 4 1462 1185.4600 83.5601 5 1602 1202.5300 395.6100
1.1574124329e+00 8.1650820470e-02 -2.7880477984e+00
210 187 174
2 4 1463 1185.4600 83.5601 5 1603 1202.5300 395.6100
-1.3375955531e+00 8.5798974269e-02 -2.8816357274e+00
198 159 118
2 4 1466 -1326.0500 84.9700 5 1722 -1270.1000 433.7800
1.2430487078e+00 8.2973450746e-02 -2.7482931945e+00
255 226 187
2 4 1467 1290.3501 85.8900 5 1636 1304.0400 408.8101
1.1995391775e+00 8.5352013906e-02 -2.7794799922e+00
225 191 171
2 4 1469 1231.5901 87.5601 5 1617 1247.2400 400.8800
-1.2908733513e+00 8.8984099686e-02 -2.8949686002e+00
178 143 103
2 4 1470 -1274.6500 87.8300 5 1166 -1218.5100 430.6000
-1.2908733513e+00 8.8984099686e-02 -2.8949686002e+00
178 143 103
2 4 1471 -1274.6500 87.8300 5 1167 -1218.5100 430.6000
9.2153311250e-01 8.8801646271e-02 -2.8833985657e+00
208 192 179
2 4 1472 914.4099 88.3600 5 1561 937.8401 375.2200
-1.4945368684e+00 8.9147075182e-02 -2.8712821859e+00
161 123 84
2 4 1473 -1485.2100 88.4000 5 1758 -1427.4800 444.2600
-1.2687178095e+00 9.0189330871e-02 -2.8967445875e+00
199 167 128
2 4 1474 -1251.9100 88.9900 5 1706 -1196.3101 430.5601
1.2283327772e+00 9.2245225016e-02 -2.7655798819e+00
220 183 156
2 4 1483 1267.0200 95.0100 5 1643 1281.0701 411.5701
-1.6248950606e+00 1.0311460063e-01 -2.9005568306e+00
243 195 146
2 4 1494 -1596.9600 101.2000 5 1768 -1538.0800 448.7600
1.2395370224e+00 1.0176909401e-01 -2.7572363569e+00
206 164 124
2 4 1496 1282.6101 105.0300 5 1677 1294.6699 423.3000
9.3861519001e-01 1.0443431627e-01 -2.8655695132e+00
243 225 221
2 4 1499 937.6499 104.3400 5 1605 958.7900 395.3201
-1.2737920178e+00 1.0639832409e-01 -2.8924782316e+00
211 177 135
2 4 1502 -1258.9100 105.1600 5 2563 -1200.7400 447.0801
-1.5195626040e+00 1.0685335280e-01 -2.8718787310e+00
160 120 84
2 4 1505 -1509.6300 105.9800 5 1796 -1448.9600 460.8301
-1.4291063220e+00 1.0831675381e-01 -2.8646702020e+00
239 200 156
2 4 1508 -1424.5100 107.8101 5 2602 -1363.4200 462.9500
1.3176691631e+00 1.0274849214e-01 -2.6658232326e+00
255 242 219
2 4 1509 1408.3101 109.2000 5 1786 1417.0601 457.0200
1.3176691631e+00 1.0274849214e-01 -2.6658232326e+00
255 242 219
2 4 1510 1408.3101 109.2000 5 1787 1417.0601 457.0200
-1.3649882094e+00 1.1002137667e-01 -2.8714523725e+00
202 160 118
2 4 1512 -1357.8201 109.3600 5 2597 -1297.8300 460.5200
-1.4022189493e+00 1.1046751262e-01 -2.8650792738e+00
220 177 134
2 4 1513 -1397.7600 109.9800 5 1239 -1336.6500 464.1799
-1.5249544224e+00 1.1164701397e-01 -2.8724878694e+00
252 215 178
2 4 1514 -1514.2400 110.7200 5 2606 -1453.6200 465.1699
7.2428377313e-01 1.1352014323e-01 -2.8919964217e+00
208 206 207
2 4 1516 718.4199 112.5400 5 1620 744.6599 400.3401
-1.4076780438e+00 1.1414272047e-01 -2.8638297234e+00
177 136 92
2 4 1519 -1403.0200 113.6801 5 1815 -1342.7700 468.2800
9.8109970776e-01 1.1673379647e-01 -2.8546377662e+00
197 177 166
2 4 1522 983.2200 116.9900 5 1120 1002.9099 409.2300
9.1736567910e-01 1.2027761458e-01 -2.8617807237e+00
180 171 172
2 4 1526 918.4099 120.2100 5 1644 938.1899 411.8101
1.1977072031e+00 1.1833036573e-01 -2.7792092045e+00
246 203 173
2 4 1527 1230.5000 121.2500 5 1170 1242.0901 431.9000
-1.2595253671e+00 1.2319823580e-01 -2.8931038624e+00
198 163 121
2 4 1528 -1244.5100 121.7900 5 1799 -1184.7500 461.8700
-1.2595253671e+00 1.2319823580e-01 -2.8931038624e+00
198 163 121
2 4 1529 -1244.5100 121.7900 5 1800 -1184.7500 461.8700
-1.3300015436e+00 1.2277078304e-01 -2.8769634557e+00
203 164 123
2 4 1530 -1320.5300 121.9000 5 1816 -1260.0900 469.3500
-1.3655418149e+00 1.2228323398e-01 -2.8709700009e+00
223 180 137
2 4 1531 -1358.2700 121.6000 5 1822 -1297.3400 472.0300
9.3109952576e-01 1.2208282685e-01 -2.8574935793e+00
177 165 167
2 4 1533 932.1799 122.3101 5 1134 954.0300 414.5400
8.3685231189e-01 1.2571866563e-01 -2.8629668514e+00
191 176 166
2 4 1542 837.7400 125.6899 5 1666 860.5901 418.6799
-1.0879961393e+00 1.2654066684e-01 -2.8965615073e+00
230 203 173
2 4 1543 -1074.3401 125.1200 5 1791 -1015.6800 459.4399
-1.2864856130e+00 1.3154752324e-01 -2.8872058858e+00
242 199 154
2 4 1551 -1273.4200 130.2700 5 1825 -1212.3600 472.3900
1.1199684434e+00 1.2914482744e-01 -2.8083978235e+00
255 231 200
2 4 1553 1139.1499 131.2300 5 2512 1153.8999 433.4199
-1.3103830835e+00 1.3319550817e-01 -2.8802541122e+00
153 111 71
2 4 1556 -1300.1000 132.1700 5 1828 -1238.0000 477.1100
9.9220701600e-01 1.3236620091e-01 -2.8365969699e+00
210 191 184
2 4 1558 1000.1699 133.4301 5 1165 1019.6299 429.8000
-1.5335732966e+00 1.3601179508e-01 -2.8716237272e+00
249 213 177
2 4 1561 -1523.2200 134.9900 5 2665 -1458.8700 487.9800
-1.4117022384e+00 1.3717302457e-01 -2.8633439380e+00
135 92 47
2 4 1562 -1407.9100 136.7200 5 1852 -1343.2200 489.6100
-1.3580564571e+00 1.4001770330e-01 -2.8683447535e+00
223 180 137
2 4 1565 -1352.5100 139.4200 5 2668 -1288.4100 489.0701
-8.7610639299e-01 1.4581722510e-01 -2.8874499350e+00
208 191 163
2 4 1574 -867.6100 144.7600 5 1250 -809.1700 475.1300
-1.1928573286e+00 1.4597727647e-01 -2.8918459101e+00
210 178 140
2 4 1575 -1179.3300 144.4800 5 1839 -1117.6899 481.5200
-1.2336230123e+00 1.4609158305e-01 -2.8902654731e+00
239 196 153
2 4 1576 -1219.9800 144.6200 5 1842 -1158.1200 483.2300
-1.0634796229e+00 1.5405571632e-01 -2.8877458023e+00
204 178 145
2 4 1599 -1052.8201 152.8000 5 1847 -992.1200 487.3301
-1.3245058782e+00 1.5424276061e-01 -2.8787499157e+00
164 119 76
2 4 1607 -1314.9500 153.1600 5 1866 -1249.5400 497.1799
-1.2721518449e+00 1.6712683835e-01 -2.8889874275e+00
199 156 111
2 4 1630 -1258.6500 165.5000 5 1878 -1193.4600 503.7000
-1.3511325442e+00 1.6826391061e-01 -2.8792374499e+00
250 203 153
2 4 1636 -1340.8600 167.0400 5 2721 -1273.6600 510.3600
-7.6100687973e-01 1.6988719429e-01 -2.8713495701e+00
197 176 150
2 4 1641 -757.0600 169.6000 5 1869 -698.3100 500.3800
-1.3640218109e+00 1.7123089654e-01 -2.8789844238e+00
194 147 95
2 4 1642 -1353.4299 169.9800 5 2731 -1286.1600 513.4800
-1.1398262817e+00 1.7247813842e-01 -2.8871204059e+00
244 205 160
2 4 1647 -1128.5701 171.0601 5 1884 -1064.9600 506.1799
-7.1300387156e-01 1.8159581216e-01 -2.8649823927e+00
207 190 164
2 4 1658 -710.9700 181.7100 5 2726 -651.1800 512.2600
-9.8445700092e-01 1.9290177179e-01 -2.8794314207e+00
205 172 129
2 4 1682 -977.4600 191.9700 5 2761 -913.3600 523.8600
1.1408125752e+00 2.0741177036e-01 -2.8503798813e+00
255 237 205
2 4 1710 1142.7900 207.6200 5 2662 1150.7600 488.1899
-2.9448150630e-01 2.0776926308e-01 -2.8372945728e+00
225 216 198
2 4 1720 -294.1801 209.8700 5 1934 -240.9600 535.8800
-2.8457225244e-01 2.0849442549e-01 -2.8357140055e+00
231 222 203
2 4 1724 -284.4100 210.7200 5 1937 -231.1300 536.9000
6.5378633134e-02 2.1657675580e-01 -2.8279108663e+00
233 227 221
2 4 1739 69.7600 219.3700 5 1940 113.8400 537.5400
-1.6351349928e-01 2.1768677559e-01 -2.8293320564e+00
202 194 181
2 4 1741 -162.0100 220.4500 5 1953 -111.8300 544.5300
1.7920930294e-01 2.2952234228e-01 -2.8229639161e+00
253 243 231
2 4 1762 185.7000 232.8000 5 1316 225.8800 548.1300
1.1361071914e+00 2.3966680205e-01 -2.8724103870e+00
254 216 174
2 4 1773 1129.7200 238.0500 5 2713 1134.7000 508.7200
1.8052651502e-01 2.3443792954e-01 -2.8207592034e+00
219 207 191
2 4 1774 186.8900 237.9900 5 1963 227.7200 553.4600
-1.4370489508e+00 2.4963077789e-01 -2.9560963658e+00
239 187 140
2 4 1779 -1389.0800 241.6300 5 1965 -1315.6899 554.3401
-1.4481219547e+00 2.5036379646e-01 -2.9529252794e+00
236 188 142
2 4 1780 -1401.1700 242.5601 5 1968 -1327.2300 556.4700
1.2269560410e+00 2.6928890738e-01 -2.8680220570e+00
246 195 151
2 4 1814 1220.0601 267.6200 5 2776 1219.7300 533.7800
-1.4263160390e+00 2.7663901627e-01 -2.9648295405e+00
141 89 49
2 4 1816 -1374.9900 267.0500 5 2837 -1298.7200 574.1799
1.2329472362e+00 2.6991220962e-01 -2.8672737459e+00
208 161 115
2 4 1818 1226.4700 268.2600 5 1931 1225.3501 534.4399
-8.7473421922e-01 2.7747114921e-01 -2.8961458231e+00
254 221 176
2 4 1833 -863.1700 274.7500 5 3739 -795.3300 590.1300
1.2378788406e+00 2.7845098292e-01 -2.8672485000e+00
214 167 121
2 4 1834 1231.0300 276.7500 5 2798 1229.5400 541.8301
-1.3582298997e+00 2.9806998707e-01 -2.9787093778e+00
232 182 133
2 4 1851 -1303.4100 286.6100 5 2850 -1227.8800 585.8101
-1.4027000238e+00 3.1189094633e-01 -2.9752545325e+00
150 101 60
2 4 1869 -1347.5100 300.1200 5 2016 -1268.7100 600.0500
-1.3842389203e+00 3.2332339240e-01 -2.9827800714e+00
136 93 55
2 4 1880 -1326.5500 310.4099 5 2867 -1247.4900 606.4500
-1.4242660825e+00 -9.8967121618e-02 -2.9209115774e+00
208 182 160
2 4 1949 -1392.6000 -97.1200 5 1389 -1362.1300 250.5801
-1.6085764837e+00 -8.7539280221e-02 -2.9833884696e+00
201 177 153
2 4 1955 -1538.1700 -83.8300 5 2095 -1511.0300 246.1000
-1.3642272943e+00 -7.9738536910e-02 -2.9201055799e+00
204 167 133
2 4 1963 -1334.6400 -78.3300 5 2109 -1301.3700 267.4600
-1.4681227923e+00 -6.5132355606e-02 -2.8913155923e+00
192 149 115
2 4 1987 -1449.2500 -64.7300 5 2998 -1413.6899 292.9099
-1.3531290255e+00 -6.3678354324e-02 -2.9257105789e+00
211 172 135
2 4 1990 -1321.3201 -62.4500 5 2123 -1286.3700 280.4099
1.3122771046e+00 -5.1830209379e-02 -2.7078231447e+00
181 155 144
2 4 2002 1379.9399 -54.2900 5 1422 1406.7700 291.2400
-1.3065244357e+00 -4.8600880272e-02 -2.9509140794e+00
163 147 126
2 4 2014 -1266.5500 -47.1801 5 2131 -1228.3600 285.0300
-1.4259132835e+00 -4.0611649673e-02 -2.8878714804e+00
217 181 155
2 4 2023 -1409.5300 -40.5400 5 3049 -1370.5701 316.1500
-1.3219085254e+00 -3.6948872960e-02 -2.9445834972e+00
91 55 21
2 4 2030 -1283.0800 -35.9900 5 2149 -1245.2900 298.3301
-1.4409180476e+00 -1.8467427813e-02 -2.8838705500e+00
197 158 127
2 4 2061 -1426.4700 -18.6400 5 2222 -1383.8400 338.5601
-1.4572175240e+00 -1.7835633444e-02 -2.8834228056e+00
221 182 151
2 4 2062 -1442.6899 -18.0200 5 2225 -1399.9299 339.6699
-1.3323791255e+00 -1.3081409263e-02 -2.9210604915e+00
135 101 70
2 4 2066 -1303.3201 -12.9700 5 2199 -1261.7500 328.4199
-1.6096457701e+00 -1.2179540569e-02 -2.9268662578e+00
197 158 125
2 4 2068 -1568.0000 -12.1000 5 2214 -1527.9600 333.5500
-1.2948992471e+00 -9.3328928544e-03 -2.9502987351e+00
135 100 68
2 4 2069 -1255.0100 -9.0800 5 2180 -1213.4000 321.1599
-1.4122178888e+00 -7.6080653397e-03 -2.8835414681e+00
189 153 119
2 4 2071 -1398.6400 -7.8600 5 2240 -1354.2000 348.1500
-1.3385273516e+00 -4.3400475616e-04 -2.9101019220e+00
162 125 88
2 4 2081 -1314.5000 -0.6100 5 3109 -1270.1300 343.9399
-1.2995866975e+00 3.7200336726e-03 -2.9351159136e+00
117 86 55
2 4 2085 -1265.6600 3.5500 5 2221 -1222.3201 338.3700
-1.4588528485e+00 8.1159585976e-03 -2.8805389652e+00
213 170 136
2 4 2091 -1445.4800 7.7200 5 3168 -1399.5701 364.9900
-1.3306230833e+00 8.6985195049e-03 -2.9107951830e+00
168 133 96
2 4 2095 -1306.4800 8.3800 5 2247 -1261.0400 351.9700
-1.4125167607e+00 1.1819686941e-02 -2.8827378058e+00
150 113 81
2 4 2105 -1399.2200 11.4200 5 3171 -1352.4200 366.5801
-1.5859756550e+00 1.3696371763e-02 -2.9066329598e+00
251 211 176
2 4 2108 -1555.8400 13.1801 5 2277 -1510.9100 363.8301
-1.3790274782e+00 1.8533168960e-02 -2.8873835729e+00
242 200 162
2 4 2117 -1364.2400 18.0900 5 2295 -1316.7000 370.4099
-1.2863533580e+00 1.9607381789e-02 -2.9327383128e+00
223 190 159
2 4 2120 -1254.0000 19.0699 5 2250 -1208.3600 353.4299
-1.3742303428e+00 2.4726899390e-02 -2.8880711831e+00
205 164 120
2 4 2125 -1359.2100 24.2300 5 2313 -1310.9399 375.8101
-1.2665824930e+00 2.7821437776e-02 -2.9374845971e+00
197 170 140
2 4 2131 -1233.0500 27.0800 5 1513 -1186.3400 358.8301
-1.2829851756e+00 3.1401685351e-02 -2.9258221665e+00
124 90 62
2 4 2136 -1253.6799 30.6400 5 1534 -1206.2300 366.5500
-1.5061446354e+00 3.1052022561e-02 -2.8805244063e+00
146 102 67
2 4 2137 -1492.0701 30.4700 5 2347 -1442.4900 387.3401
-1.3470694344e+00 3.2591863262e-02 -2.8934872091e+00
130 91 52
2 4 2140 -1329.9600 32.0000 5 2328 -1281.3101 380.5701
-1.4564312328e+00 3.3581953113e-02 -2.8743826242e+00
226 184 146
2 4 2142 -1446.2400 33.0601 5 3248 -1396.3700 390.8301
1.2571700585e+00 3.6776082989e-02 -2.7244930225e+00
194 163 134
2 4 2156 1316.1101 38.3400 5 2304 1333.7200 373.1100
-1.4636197620e+00 4.1107100810e-02 -2.8735980412e+00
209 167 129
2 4 2166 -1453.4299 40.5500 5 2392 -1403.0100 398.3101
-1.3752737431e+00 4.1562915491e-02 -2.8830032982e+00
206 164 126
2 4 2170 -1362.4800 40.9700 5 2368 -1312.0000 393.2800
1.2784749508e+00 4.0186978505e-02 -2.6920872995e+00
162 126 86
2 4 2175 1353.9199 42.2900 5 2348 1370.8401 387.6899
8.7258085942e-01 4.5767355608e-02 -2.8995645332e+00
223 186 150
2 4 2178 861.7100 45.5400 5 1465 887.7000 331.8201
-1.5476562448e+00 4.7246329391e-02 -2.8862691905e+00
221 181 146
2 4 2180 -1529.6801 46.4399 5 2403 -1478.0500 401.1599
-1.3682846912e+00 4.7481060889e-02 -2.8839879484e+00
143 101 59
2 4 2181 -1355.2000 46.8400 5 2390 -1303.9600 398.2400
-1.5104881964e+00 4.7620853861e-02 -2.8789261112e+00
225 180 144
2 4 2182 -1496.6700 46.9301 5 2414 -1445.6300 403.4500
-1.3727364545e+00 4.9853811964e-02 -2.8827777158e+00
221 179 138
2 4 2186 -1360.2500 49.2100 5 2402 -1308.4000 400.9600
1.2022812217e+00 5.0048190197e-02 -2.7945044716e+00
255 239 239
2 4 2191 1227.7700 51.1899 5 2273 1246.1101 362.2500
-1.3295674399e+00 5.2596045561e-02 -2.8948639303e+00
230 191 150
2 4 2194 -1312.2100 51.7900 5 2389 -1261.1700 398.1500
-1.3202706766e+00 5.3606863261e-02 -2.8977778097e+00
198 162 123
2 4 2201 -1302.1700 52.7600 5 2388 -1250.4700 397.7600
-1.3599863320e+00 5.4253026140e-02 -2.8827432433e+00
217 178 136
2 4 2203 -1347.8000 53.5900 5 2416 -1295.2900 404.7400
1.0239637688e+00 5.6355317739e-02 -2.8830047981e+00
213 201 201
2 4 2206 1015.3601 56.2200 5 2229 1037.6299 342.7700
1.1725006571e+00 5.7044912323e-02 -2.8031136538e+00
232 216 216
2 4 2211 1194.1201 58.1801 5 2282 1212.7600 366.6799
1.1725006571e+00 5.7044912323e-02 -2.8031136538e+00
232 216 216
2 4 2212 1194.1201 58.1801 5 2283 1212.7600 366.6799
-1.3369127953e+00 5.9410464340e-02 -2.8913121041e+00
215 176 135
2 4 2215 -1320.6799 58.5800 5 2423 -1269.2300 405.9399
-1.6320279763e+00 6.3069744923e-02 -2.9066945629e+00
124 76 34
2 4 2223 -1600.3900 61.6600 5 2436 -1547.9800 410.1200
-1.4404344108e+00 6.4839287420e-02 -2.8720077894e+00
228 189 150
2 4 2232 -1431.8101 64.2300 5 2465 -1377.4299 420.3301
1.2733835430e+00 6.6602359752e-02 -2.7011765547e+00
255 217 181
2 4 2244 1344.1201 69.9700 5 2435 1358.5901 409.9399
-1.3459380552e+00 7.0812329736e-02 -2.8835848731e+00
161 119 79
2 4 2247 -1333.4399 70.0300 5 3352 -1279.2900 419.4299
-1.4072955269e+00 7.0590761599e-02 -2.8740584609e+00
183 142 99
2 4 2248 -1398.2200 69.9500 5 2470 -1343.3300 424.1500
8.3439527761e-01 7.2230979549e-02 -2.9128733529e+00
199 182 167
2 4 2250 820.5901 71.3000 5 2249 845.6599 352.5100
-1.4171598433e+00 7.2317038646e-02 -2.8736577690e+00
184 143 100
2 4 2251 -1408.2900 71.6700 5 2480 -1352.7700 426.0901
-1.4683044950e+00 7.2346731194e-02 -2.8691381927e+00
197 159 122
2 4 2252 -1460.5000 71.7400 5 2494 -1405.0900 428.9800
-1.3623037494e+00 7.7711840598e-02 -2.8771031635e+00
156 117 76
2 4 2266 -1352.8500 77.0200 5 2492 -1296.7100 428.5200
1.2535374094e+00 7.4582115275e-02 -2.7257729952e+00
190 153 116
2 4 2271 1311.4099 77.8000 5 2430 1326.3000 408.9299
-1.3494101806e+00 8.0012102817e-02 -2.8822872039e+00
160 118 78
2 4 2274 -1337.1899 79.1899 5 2491 -1282.3201 428.5100
-1.2133698469e+00 8.0826723208e-02 -2.9136215810e+00
170 148 124
2 4 2275 -1191.1100 79.3800 5 1653 -1137.0200 414.4299
-1.3067844302e+00 8.2807587703e-02 -2.8909719246e+00
182 145 103
2 4 2281 -1291.9000 81.8000 5 2483 -1236.4100 426.8000
-1.3815873516e+00 8.3841594167e-02 -2.8736841508e+00
172 131 89
2 4 2286 -1372.9399 83.1801 5 2520 -1316.7200 435.9700
-1.3815873516e+00 8.3841594167e-02 -2.8736841508e+00
172 131 89
2 4 2287 -1372.9399 83.1801 5 2521 -1316.7200 435.9700
-1.3931877313e+00 8.6178771888e-02 -2.8713153251e+00
184 143 99
2 4 2300 -1385.6700 85.5601 5 2535 -1328.5800 439.2500
-1.4789771219e+00 8.6880913733e-02 -2.8691181267e+00
139 101 62
2 4 2302 -1471.2000 86.2200 5 2544 -1413.3700 442.6200
-1.3012858540e+00 8.7852572216e-02 -2.8961006094e+00
191 154 112
2 4 2304 -1284.8900 86.6801 5 2496 -1227.8700 429.3101
9.8707050115e-01 8.7008866083e-02 -2.8679187704e+00
209 192 184
2 4 2306 984.3701 86.9500 5 2316 1005.8701 377.1100
-1.4640828907e+00 9.0537442179e-02 -2.8659661849e+00
201 163 124
2 4 2316 -1458.1300 89.9700 5 2564 -1399.6799 446.8600
-1.2593582738e+00 9.1859917955e-02 -2.9005087754e+00
206 172 135
2 4 2318 -1241.3101 90.5500 5 2499 -1185.4399 430.4500
-1.3426341478e+00 9.1713481248e-02 -2.8812022849e+00
142 103 62
2 4 2319 -1331.5400 90.8600 5 2534 -1274.1400 439.4500
-1.2325408543e+00 9.3235082962e-02 -2.9034252785e+00
192 162 136
2 4 2322 -1213.8201 91.8500 5 3390 -1158.0701 429.9900
9.8117681839e-01 9.3670533599e-02 -2.8650526307e+00
245 225 214
2 4 2325 979.7200 93.6400 5 2338 1000.6499 384.4000
-1.4040521598e+00 9.4997045882e-02 -2.8665302459e+00
204 162 120
2 4 2328 -1398.8500 94.4800 5 3460 -1339.8800 449.4099
9.6957146649e-01 9.6043426612e-02 -2.8668157563e+00
245 220 200
2 4 2334 967.6899 95.9500 5 3235 988.7000 386.2900
-1.2837755850e+00 9.7160046031e-02 -2.8957814932e+00
194 159 119
2 4 2335 -1267.1400 95.9000 5 2524 -1210.5100 437.6500
-1.3939263177e+00 9.9482034797e-02 -2.8680495982e+00
185 142 100
2 4 2341 -1387.8300 98.9200 5 2578 -1329.0500 452.7900
9.9099238134e-01 1.0342665582e-01 -2.8570613898e+00
255 238 228
2 4 2350 992.1001 103.6200 5 1604 1012.4600 395.8800
-1.4243371600e+00 1.1094231605e-01 -2.8643280976e+00
182 139 96
2 4 2373 -1419.8700 110.4500 5 2612 -1358.6500 465.4099
-1.4395700284e+00 1.1339366218e-01 -2.8624814237e+00
228 185 142
2 4 2380 -1435.5000 112.9399 5 2626 -1374.3201 468.7600
-1.3652321849e+00 1.1463387941e-01 -2.8697833545e+00
141 99 57
2 4 2384 -1358.9299 114.0200 5 2611 -1298.0601 465.3900
1.1520972479e+00 1.1260065842e-01 -2.7935237823e+00
255 223 193
2 4 2385 1177.8501 114.9500 5 2467 1192.3999 422.6400
-1.4237260769e+00 1.1584302520e-01 -2.8633821649e+00
227 184 141
2 4 2386 -1419.6100 115.3800 5 2630 -1357.9200 470.2900
1.2076589705e+00 1.1281552961e-01 -2.7764150225e+00
186 146 118
2 4 2387 1241.4700 115.7400 5 2486 1253.8501 427.4700
-1.4532444985e+00 1.1594090620e-01 -2.8630380359e+00
156 113 68
2 4 2390 -1449.0800 115.4500 5 3519 -1386.7500 471.1300
9.6399387569e-01 1.2257269242e-01 -2.8512192680e+00
244 227 219
2 4 2408 967.1699 123.0000 5 1657 987.5901 416.3101
-1.3231142207e+00 1.2530211713e-01 -2.8809060161e+00
146 107 65
2 4 2412 -1312.4000 124.2800 5 2628 -1251.1000 469.9299
9.8845923212e-01 1.2494162850e-01 -2.8451293802e+00
218 198 187
2 4 2413 994.2900 125.5200 5 2460 1012.4700 420.0100
-1.2846693479e+00 1.2663911656e-01 -2.8884533170e+00
172 131 87
2 4 2414 -1270.9700 125.3500 5 2617 -1210.8300 467.4099
-1.3661759646e+00 1.2810895611e-01 -2.8700780989e+00
157 114 72
2 4 2423 -1359.6500 127.4500 5 2641 -1297.2400 477.6799
-1.2929537749e+00 1.3011813424e-01 -2.8838724278e+00
209 164 123
2 4 2428 -1281.2100 128.9800 5 2634 -1220.1100 472.5200
-1.1487675857e+00 1.3075721665e-01 -2.8948404358e+00
231 205 179
2 4 2429 -1134.6700 129.3101 5 2610 -1075.3600 465.4600
9.8838880749e-01 1.3241546472e-01 -2.8379560763e+00
204 187 179
2 4 2436 996.6899 133.3300 5 2495 1014.6101 429.5000
-1.2902857029e+00 1.3486320624e-01 -2.8852012870e+00
175 131 86
2 4 2438 -1277.9900 133.6400 5 2639 -1216.4600 476.2800
-1.3647910860e+00 1.3617742181e-01 -2.8673549015e+00
187 144 101
2 4 2441 -1359.6300 135.6200 5 2656 -1295.8700 486.0901
8.5733689521e-01 1.3527474227e-01 -2.8498090292e+00
229 219 213
2 4 2443 861.4900 135.8500 5 1713 884.6201 431.6100
-1.3806332571e+00 1.3848211731e-01 -2.8661344756e+00
239 194 152
2 4 2448 -1375.6899 137.9500 5 3556 -1311.7300 489.0601
-1.2688556004e+00 1.4244002880e-01 -2.8889328672e+00
197 155 110
2 4 2454 -1255.7800 141.0300 5 2647 -1192.8000 481.1699
-1.2782511332e+00 1.4464884875e-01 -2.8875352190e+00
240 197 154
2 4 2460 -1264.9000 143.2600 5 2652 -1202.9399 484.0500
1.0217889895e+00 1.4365307475e-01 -2.8294178704e+00
230 209 188
2 4 2467 1032.8101 145.0300 5 2542 1049.5601 441.9500
-1.2843607624e+00 1.4702872508e-01 -2.8862420661e+00
204 161 118
2 4 2470 -1271.8000 145.6801 5 2660 -1208.7600 486.8101
9.4949754205e-01 1.4531267296e-01 -2.8302547678e+00
208 190 176
2 4 2474 960.3201 146.7200 5 1761 979.2300 445.3700
-1.2086636014e+00 1.4884585975e-01 -2.8918910508e+00
243 202 159
2 4 2478 -1194.6700 147.3000 5 3541 -1132.9800 484.5200
-1.3613851761e+00 1.4989739903e-01 -2.8710203377e+00
231 188 145
2 4 2484 -1354.6300 149.1500 5 3569 -1289.2900 497.1200
-1.2130158954e+00 1.5145998778e-01 -2.8923913697e+00
160 117 70
2 4 2488 -1198.6500 149.8600 5 2659 -1136.8600 486.8201
-1.2846108562e+00 1.5177275682e-01 -2.8865676150e+00
235 192 149
2 4 2489 -1271.7400 150.3700 5 2671 -1208.4900 491.0300
1.0006675056e+00 1.5628632251e-01 -2.8255145690e+00
222 200 177
2 4 2526 1012.8999 158.0100 5 3477 1030.0100 455.6400
1.0006675056e+00 1.5628632251e-01 -2.8255145690e+00
222 200 177
2 4 2527 1012.8999 158.0100 5 3478 1030.0100 455.6400
-1.1794847459e+00 1.6141103267e-01 -2.8890375216e+00
209 175 135
2 4 2533 -1167.3900 159.9399 5 2678 -1103.7800 496.2900
5.7659205206e-01 1.6005998178e-01 -2.8554732777e+00
222 218 217
2 4 2536 580.9700 160.4500 5 2596 609.3799 460.3800
-1.1967662389e+00 1.6417864140e-01 -2.8908972666e+00
199 160 117
2 4 2543 -1183.2700 162.5601 5 2684 -1120.1100 498.5500
-1.2480926169e+00 1.6486174491e-01 -2.8915712332e+00
254 207 161
2 4 2545 -1233.9600 163.1500 5 3573 -1169.3201 500.0601
-1.2499016888e+00 1.7462566685e-01 -2.8905622295e+00
204 157 111
2 4 2574 -1236.1600 172.8800 5 2717 -1170.3201 509.3401
-1.2031683136e+00 1.8123188179e-01 -2.8911264176e+00
170 126 79
2 4 2592 -1189.6200 179.4500 5 2733 -1124.2400 514.0300
-1.1910043467e+00 1.8589657177e-01 -2.8918739790e+00
199 151 105
2 4 2603 -1177.5900 184.0500 5 3621 -1111.3900 517.6200
-1.1835441096e+00 1.8706261784e-01 -2.8912928431e+00
190 142 94
2 4 2606 -1170.0300 185.2400 5 2743 -1104.6500 518.7900
-1.1862359179e+00 1.9346264737e-01 -2.8932385123e+00
254 206 158
2 4 2615 -1172.3500 191.4700 5 1909 -1105.4700 523.7900
3.0971344049e-02 2.1202902549e-01 -2.8292867438e+00
194 189 183
2 4 2690 34.6700 214.6899 5 2780 80.0699 533.7900
3.6877316948e-02 2.1337903313e-01 -2.8296871067e+00
202 198 189
2 4 2697 41.2600 215.9800 5 2782 85.2400 534.7500
-1.7831938518e-01 2.1427713093e-01 -2.8315390933e+00
225 216 201
2 4 2700 -176.9500 216.8401 5 1946 -126.4500 540.9199
3.6888144491e-02 2.1765501746e-01 -2.8277306469e+00
243 236 228
2 4 2716 40.7200 220.5000 5 1943 86.0200 539.4000
3.6888144491e-02 2.1765501746e-01 -2.8277306469e+00
243 236 228
2 4 2717 40.7200 220.5000 5 1944 86.0200 539.4000
5.1093128437e-02 2.2070590078e-01 -2.8259444840e+00
206 199 189
2 4 2724 55.4500 223.7000 5 2799 99.8400 542.5400
-6.5353813913e-02 2.2352416965e-01 -2.8247381164e+00
233 225 212
2 4 2736 -62.6200 226.6899 5 2811 -14.8199 548.9600
-1.4283769839e+00 2.4049068335e-01 -2.9574710232e+00
162 111 64
2 4 2747 -1380.1700 232.7000 5 2804 -1308.1200 545.6000
-1.3933827790e+00 2.5468110200e-01 -2.9697000228e+00
167 115 66
2 4 2768 -1340.9100 245.5400 5 2813 -1269.1700 552.4900
-1.4018872990e+00 2.5592366962e-01 -2.9667905228e+00
208 157 111
2 4 2776 -1350.3600 246.9500 5 2817 -1278.0500 554.9000
-8.4383100097e-01 2.5238442059e-01 -2.8801659803e+00
226 197 152
2 4 2786 -837.3600 251.2600 5 4439 -770.8300 573.5500
-1.2632632341e+00 2.9939095812e-01 -2.9688501796e+00
159 109 58
2 4 2873 -1217.0000 289.0000 5 3734 -1142.0400 588.8000
-1.3731264010e+00 3.5175023428e-01 -2.9936276841e+00
208 165 122
2 4 2941 -1311.5100 336.5400 5 2879 -1229.7300 626.0701
-1.6629686987e-01 -6.2216508944e-01 -2.6448698917e+00
144 146 142
2 4 2963 -174.2400 -674.2300 5 3817 -143.9600 -250.8000
-1.3327979466e+00 -7.6157321823e-02 -2.9339735625e+00
231 198 167
2 4 3013 -1298.2600 -74.4200 5 2949 -1264.5100 265.6300
-1.4469233572e+00 -7.2577213740e-02 -2.8955668758e+00
222 188 163
2 4 3022 -1426.5200 -71.9800 5 3862 -1391.9399 284.0200
-1.3937396871e+00 -6.8653106958e-02 -2.9028716455e+00
227 192 162
2 4 3032 -1371.2100 -67.9200 5 2976 -1336.0100 284.0901
-1.4922644022e+00 -5.1429009971e-02 -2.8999273674e+00
175 137 106
2 4 3057 -1468.4700 -50.9900 5 3886 -1431.7800 303.4900
-1.4922644022e+00 -5.1429009971e-02 -2.8999273674e+00
175 137 106
2 4 3058 -1468.4700 -50.9900 5 3887 -1431.7800 303.4900
1.4419788722e+00 -3.6228116504e-02 -2.6726680341e+00
95 60 38
2 4 3076 1533.2500 -38.5300 5 3045 1553.3999 314.5400
1.3669895080e+00 -2.7875306001e-02 -2.6608397099e+00
208 180 168
2 4 3087 1462.4099 -29.9500 5 2202 1483.3101 329.5400
1.3248343648e+00 -2.2477721244e-02 -2.6737793085e+00
207 193 197
2 4 3097 1411.5200 -24.0500 5 3070 1433.2400 331.6300
-1.3472596289e+00 2.7424512673e-03 -2.9028647018e+00
163 125 88
2 4 3137 -1326.1000 2.4900 5 2242 -1281.2800 349.6000
1.3921479786e+00 1.1589167565e-02 -2.6403872104e+00
216 197 201
2 4 3159 1499.8799 12.1600 5 3202 1515.8799 375.2000
1.3056601576e+00 1.5773391961e-02 -2.6689256204e+00
150 126 114
2 4 3175 1394.0500 16.5800 5 3183 1412.5200 371.6300
-1.2464562814e+00 2.0068288529e-02 -2.9593229035e+00
156 130 100
2 4 3184 -1204.6600 19.4600 5 3108 -1160.1100 343.8600
-1.2291091520e+00 2.4399952891e-02 -2.9674578478e+00
181 155 127
2 4 3197 -1184.4700 23.6200 5 3112 -1140.4299 344.6899
1.2279525295e+00 2.6110415649e-02 -2.7820043242e+00
216 184 160
2 4 3199 1259.2100 26.8900 5 3107 1278.8899 343.2900
-1.2500731394e+00 2.8488276983e-02 -2.9512512593e+00
125 101 75
2 4 3206 -1211.0300 27.6500 5 2251 -1165.8500 354.4000
9.2844102569e-01 2.9401157524e-02 -2.8851560500e+00
186 156 128
2 4 3212 920.7700 29.5601 5 2177 947.1299 320.0300
9.0217315528e-01 4.1928691260e-02 -2.8904811149e+00
240 211 188
2 4 3244 893.4399 41.8700 5 2205 919.2700 330.5100
-1.3544592628e+00 4.2696654556e-02 -2.8898390909e+00
131 89 47
2 4 3245 -1339.2300 42.0400 5 2358 -1288.3800 391.3401
-1.2960851060e+00 4.7310576805e-02 -2.9062161884e+00
172 134 95
2 4 3266 -1274.9000 46.4500 5 2349 -1224.3101 388.3600
9.1299694945e-01 4.9002145451e-02 -2.8850387961e+00
248 205 162
2 4 3273 905.7500 48.9301 5 3097 931.1101 338.5200
1.1977233160e+00 4.9195380315e-02 -2.7962111988e+00
190 174 175
2 4 3276 1222.5100 50.2900 5 2268 1240.9099 360.9900
-1.3493185473e+00 5.1502904346e-02 -2.8887329264e+00
235 193 151
2 4 3279 -1334.3700 50.7800 5 3270 -1283.0100 399.8101
1.1696229760e+00 5.1079084094e-02 -2.8105176337e+00
173 162 160
2 4 3284 1188.1799 52.0000 5 2262 1207.1299 358.5801
1.2362810977e+00 5.5138463049e-02 -2.7666790778e+00
227 191 159
2 4 3310 1274.8701 56.7900 5 3997 1291.3401 375.9399
-1.4326331220e+00 6.1997444514e-02 -2.8717705985e+00
213 174 132
2 4 3328 -1424.2600 61.4100 5 3343 -1370.2500 417.6100
1.2060488579e+00 7.0627731716e-02 -2.7806189658e+00
229 207 196
2 4 3363 1237.9600 72.4200 5 3234 1254.0300 386.4500
1.1682107500e+00 7.2220131055e-02 -2.7894332510e+00
250 232 229
2 4 3369 1195.7000 73.9000 5 3233 1213.2900 385.9299
1.4198052533e+00 7.0046956441e-02 -2.6380184701e+00
234 195 166
2 4 3373 1530.6201 74.8900 5 3400 1537.9199 432.5701
9.7767510725e-01 8.7009466215e-02 -2.8699036108e+00
244 225 218
2 4 3407 974.2500 86.9200 5 2314 996.3201 376.6799
1.2040558564e+00 9.1533902093e-02 -2.7767307989e+00
208 170 147
2 4 3434 1237.7500 93.9200 5 4088 1251.9700 407.5601
1.2173511699e+00 9.1953028829e-02 -2.7733350361e+00
252 218 196
2 4 3436 1252.6399 94.4500 5 3303 1266.5300 408.7800
9.7492396223e-01 9.7360597670e-02 -2.8652271855e+00
213 191 178
2 4 3449 973.1399 97.3500 5 3240 994.7100 387.8800
1.2144240921e+00 9.5978015854e-02 -2.7743269040e+00
254 225 201
2 4 3453 1248.9900 98.5800 5 3316 1263.1201 412.2700
1.1920019238e+00 9.6990037393e-02 -2.7790314753e+00
214 182 162
2 4 3456 1224.4500 99.4600 5 2438 1238.8101 412.2000
1.0330420600e+00 1.0372209558e-01 -2.8423159957e+00
209 195 194
2 4 3475 1040.2200 104.2500 5 2398 1057.2600 400.2500
-1.2440224174e+00 1.0788702296e-01 -2.8983225329e+00
212 181 150
2 4 3483 -1226.7000 106.4600 5 3452 -1169.9100 445.6200
-1.1973491458e+00 1.0879327847e-01 -2.9010824114e+00
205 181 154
2 4 3491 -1180.0000 107.3101 5 4199 -1123.0701 444.2600
-1.4718605581e+00 1.1079994658e-01 -2.8637283425e+00
218 179 136
2 4 3503 -1466.8600 110.2600 5 3509 -1405.5601 466.5701
8.1985923899e-01 1.1235934643e-01 -2.8734414751e+00
211 199 193
2 4 3508 817.5801 112.0300 5 2407 841.9399 403.1799
9.6024393979e-01 1.1246107549e-01 -2.8596049230e+00
183 164 157
2 4 3512 961.0701 112.5300 5 3291 981.1399 404.1599
8.7919304261e-01 1.1263084515e-01 -2.8681079286e+00
196 182 173
2 4 3513 878.1599 112.4301 5 3285 900.3101 403.6400
-1.3253874800e+00 1.1617494315e-01 -2.8820636129e+00
157 118 75
2 4 3518 -1314.0300 115.1600 5 3502 -1254.0800 461.2000
8.1427209766e-01 1.1588266593e-01 -2.8737463450e+00
170 161 156
2 4 3523 812.0801 115.5100 5 2425 836.1899 406.4500
-1.6166753507e+00 1.1765843287e-01 -2.8970261623e+00
140 91 48
2 4 3525 -1591.0100 115.6600 5 4227 -1529.6500 463.1400
-1.2939783619e+00 1.1719851299e-01 -2.8886988895e+00
200 161 115
2 4 3527 -1280.1600 115.9700 5 3494 -1220.8000 458.8900
-1.3007493676e+00 1.1789573806e-01 -2.8866861230e+00
156 114 72
2 4 3528 -1287.8300 116.7300 5 3498 -1227.9500 460.4299
-1.3425342766e+00 1.2166533542e-01 -2.8742044998e+00
214 175 134
2 4 3544 -1334.8201 120.9000 5 4240 -1272.8800 469.5801
9.7707120341e-01 1.2238813997e-01 -2.8488352842e+00
233 215 205
2 4 3552 981.3401 122.8600 5 4113 1000.6699 416.6400
-1.5499792220e+00 1.2518955250e-01 -2.8762075999e+00
134 95 62
2 4 3555 -1536.9500 124.0100 5 2640 -1474.1500 476.6400
-1.3405624127e+00 1.2513578627e-01 -2.8733955519e+00
170 131 90
2 4 3557 -1333.1000 124.3900 5 4244 -1270.9800 473.0500
8.5635821115e-01 1.3195428724e-01 -2.8504790386e+00
192 183 178
2 4 3588 860.9099 132.4301 5 3389 883.0200 428.3900
9.4765164685e-01 1.3773055833e-01 -2.8364402848e+00
182 167 168
2 4 3611 956.4299 138.7900 5 2519 975.6499 436.1599
9.6999815411e-01 1.4000461879e-01 -2.8304166356e+00
237 222 217
2 4 3622 980.4700 141.3800 5 3428 999.6399 439.8000
8.5916162894e-01 1.4305752900e-01 -2.8420570539e+00
204 191 181
2 4 3633 866.3301 143.9399 5 3432 887.8201 441.6000
-1.2513386424e+00 1.4584796735e-01 -2.8905254818e+00
240 199 153
2 4 3642 -1237.4900 144.3500 5 3539 -1175.1400 483.3000
8.8425455498e-01 1.4494805854e-01 -2.8374744794e+00
202 188 177
2 4 3649 893.2000 146.0000 5 3448 913.1201 444.3201
8.4975559364e-01 1.4508185508e-01 -2.8449411780e+00
185 172 163
2 4 3651 855.5200 145.9000 5 2543 878.2400 442.6200
-1.1983604721e+00 1.5197900270e-01 -2.8910984285e+00
194 160 122
2 4 3679 -1185.0900 150.4600 5 4259 -1122.6100 487.3900
9.9712767485e-01 1.5760221819e-01 -2.8259659357e+00
221 199 176
2 4 3720 1009.5200 159.2800 5 3481 1026.0000 456.8000
-1.5500755358e+00 1.6339945312e-01 -2.8727064965e+00
238 197 165
2 4 3740 -1539.0800 162.1600 5 3602 -1470.2100 512.8101
1.3939701762e+00 1.5805451410e-01 -2.6732176653e+00
186 165 154
2 4 3762 1483.5300 167.4800 5 3586 1483.2100 504.2600
-6.1275591550e-01 1.9286372415e-01 -2.8554998036e+00
231 213 183
2 4 3878 -612.3800 193.6200 5 3636 -553.5400 523.6599
5.3192910880e-02 2.1391481486e-01 -2.8289700858e+00
202 195 188
2 4 3963 57.6500 216.5801 5 3661 101.4900 535.0500
-2.1375815994e-02 2.1588034389e-01 -2.8297178469e+00
217 214 207
2 4 3968 -17.8500 218.5400 5 3670 28.0699 538.6799
-9.5759898831e-01 2.3569460345e-01 -2.8888245428e+00
201 168 123
2 4 4022 -947.7500 233.8900 5 3706 -880.7300 557.9399
-1.3229609027e+00 2.7069844309e-01 -2.9677096628e+00
215 165 110
2 4 4093 -1274.7200 261.3000 5 4430 -1201.6400 565.6599
-1.2578089745e+00 3.0352382113e-01 -2.9727538280e+00
181 131 80
2 4 4190 -1209.3700 292.6100 5 4460 -1136.0300 590.8000
-1.3966878945e+00 3.1447534380e-01 -2.9792494075e+00
199 151 103
2 4 4215 -1339.8700 302.2300 5 4477 -1261.4800 600.5500
-1.3683205666e+00 3.2008056038e-01 -2.9815789107e+00
229 179 131
2 4 4237 -1312.0800 307.4600 5 4479 -1233.3600 603.7900
-1.3911446600e+00 3.2583613903e-01 -2.9843088877e+00
187 145 118
2 4 4251 -1332.5100 312.6500 5 4484 -1252.9800 608.1200
-1.5152677540e+00 -1.4295735522e-01 -3.0133241979e+00
121 104 94
2 4 4341 -1435.7300 -135.5300 5 2917 -1416.6200 184.3800
-1.3855718698e+00 -6.7612585805e-02 -2.9051134950e+00
215 180 152
2 4 4419 -1361.9200 -66.8400 5 2975 -1327.2100 284.1899
-1.3577109020e+00 -5.2566563087e-02 -2.9179136608e+00
141 107 72
2 4 4455 -1329.4399 -51.7400 5 3876 -1292.4000 293.3700
1.3149799521e+00 -4.7405859099e-02 -2.7032297307e+00
153 129 117
2 4 4457 1386.0601 -49.8800 5 3010 1410.3999 297.1000
-1.4795031260e+00 -4.4827816688e-02 -2.8969275987e+00
142 98 65
2 4 4466 -1457.4600 -44.5400 5 3900 -1419.8101 310.3900
-1.4427243213e+00 -4.3820056841e-02 -2.8874763015e+00
211 176 148
2 4 4471 -1426.6799 -43.7200 5 3904 -1387.2000 313.5801
-1.3697024793e+00 -8.0998056797e-03 -2.8993631140e+00
197 158 125
2 4 4542 -1349.1200 -8.2400 5 3946 -1306.5000 341.3301
9.4082434260e-01 -7.7529695511e-03 -2.9103482654e+00
176 175 181
2 4 4544 925.0500 -7.0601 5 2962 952.2100 277.3700
9.7551384901e-01 -3.6757992350e-03 -2.8831214113e+00
161 143 137
2 4 4552 967.7800 -3.1500 5 2988 994.9399 288.8600
-1.3261006658e+00 1.5380917703e-02 -2.9109382844e+00
212 178 141
2 4 4630 -1301.6100 14.9500 5 3974 -1256.1600 358.0500
9.3001277543e-01 1.7717321257e-02 -2.8854726043e+00
229 203 180
2 4 4642 922.5400 17.9700 5 3895 948.8701 309.1400
-1.3701138161e+00 2.1599138116e-02 -2.8913755943e+00
210 168 128
2 4 4650 -1353.6700 21.1200 5 3187 -1305.9399 371.6400
1.2713131473e+00 2.3889738915e-02 -2.7033361693e+00
220 183 142
2 4 4661 1340.5000 25.0800 5 3985 1360.0300 367.9500
-1.2492848508e+00 2.5826232909e-02 -2.9564066250e+00
172 151 120
2 4 4662 -1208.1600 25.0400 5 3128 -1163.6100 350.2100
1.2283731204e+00 3.2084256278e-02 -2.7788381621e+00
204 172 147
2 4 4701 1261.1001 33.0200 5 3125 1280.2100 350.0400
-1.3224532017e+00 5.0166116014e-02 -2.8973014952e+00
140 102 63
2 4 4773 -1304.2600 49.3600 5 4049 -1253.4600 394.8500
-1.3134752022e+00 6.4399818528e-02 -2.8951269761e+00
212 174 135
2 4 4835 -1296.6100 63.4800 5 4091 -1243.6100 408.5100
-1.6346580403e+00 6.6686633632e-02 -2.9056058880e+00
196 150 111
2 4 4839 -1603.4800 65.2300 5 3331 -1550.5200 413.8800
8.6992159570e-01 1.1039880821e-01 -2.8709493679e+00
202 185 175
2 4 5036 868.0601 110.1200 5 3275 890.6599 400.8500
8.8647867056e-01 1.1127071497e-01 -2.8703147433e+00
225 210 205
2 4 5040 884.0901 111.0601 5 4069 907.2600 401.3600
1.1789853973e+00 1.0972210046e-01 -2.7792254353e+00
255 227 209
2 4 5046 1210.9900 112.5300 5 4137 1225.1799 424.4399
-1.5610294441e+00 1.2741344982e-01 -2.8785937796e+00
214 175 142
2 4 5110 -1545.6899 126.1000 5 4248 -1484.2400 478.1100
-1.3343021188e+00 1.3213230672e-01 -2.8731709151e+00
174 132 91
2 4 5131 -1326.9800 131.3800 5 4250 -1264.1200 479.4099
9.9497929929e-01 1.4988630414e-01 -2.8271179591e+00
202 182 164
2 4 5211 1006.7800 151.4600 5 4205 1024.1899 449.3500
5.7128165325e-02 2.1627359169e-01 -2.8276021965e+00
232 226 219
2 4 5541 61.1300 219.1100 5 3669 106.0300 537.6000
-1.5315327863e-01 2.4172462850e-01 -2.8248617655e+00
219 203 178
2 4 5628 -151.7500 245.1799 5 4434 -100.9600 568.0300
-1.3980761104e+00 2.8866301665e-01 -2.9724797182e+00
235 185 136
2 4 5735 -1344.5601 278.0400 5 4450 -1268.0100 580.9600
